[ 2016-06-18T23:29:25+08:00 ] 127.0.0.1 /mall/Admin/Goods/goodsProduct/id/71
INFO: [ app_init ] --START--
INFO: Run Behavior\BuildLiteBehavior [ RunTime:0.000000s ]
INFO: [ app_init ] --END-- [ RunTime:0.000000s ]
INFO: [ app_begin ] --START--
INFO: Run Behavior\ReadHtmlCacheBehavior [ RunTime:0.000000s ]
INFO: [ app_begin ] --END-- [ RunTime:0.000000s ]
SQL: DESCRIBE ts_category [ RunTime:0.004000s ]
SQL: select category_id,category_name,pid,is_nav,status,CONCAT(path,'-',category_id) as depath,path,goods_type_id from ts_category where status=1 order by depath ASC [ RunTime:0.001000s ]
SQL: DESCRIBE ts_brand [ RunTime:0.003000s ]
SQL: SELECT * FROM `ts_brand` ORDER BY sort DESC  [ RunTime:0.001000s ]
SQL: DESCRIBE ts_goods [ RunTime:0.004000s ]
SQL: SELECT * FROM `ts_goods` WHERE ( `goods_id` = 71 ) LIMIT 1   [ RunTime:0.001000s ]
SQL: DESCRIBE ts_product [ RunTime:0.003000s ]
SQL: SELECT * FROM `ts_product` WHERE ( `good_id` = 71 )  [ RunTime:0.001000s ]
SQL: select attr_name,attr_value from ts_goods_attr_list as GAL JOIN  ts_goods_attr as GA  ON GAL.goods_attr_id=GA.goods_attr_id where attr_list_id in (134,135,136,137) [ RunTime:0.000000s ]
SQL: select attr_name,attr_value from ts_goods_attr_list as GAL JOIN  ts_goods_attr as GA  ON GAL.goods_attr_id=GA.goods_attr_id where attr_list_id in (138,139,136) [ RunTime:0.001000s ]
SQL: DESCRIBE ts_goods_attr [ RunTime:0.003000s ]
SQL: SELECT * FROM `ts_goods_attr` WHERE ( `attr_type` = 1 ) AND ( `goods_type_id` = 23 ) ORDER BY sort DESC  [ RunTime:0.000000s ]
INFO: [ view_parse ] --START--
INFO: [ template_filter ] --START--
INFO: Run Behavior\ContentReplaceBehavior [ RunTime:0.001000s ]
INFO: [ template_filter ] --END-- [ RunTime:0.001000s ]
INFO: Run Behavior\ParseTemplateBehavior [ RunTime:0.008000s ]
INFO: [ view_parse ] --END-- [ RunTime:0.009000s ]
INFO: [ view_filter ] --START--
INFO: Run Behavior\WriteHtmlCacheBehavior [ RunTime:0.000000s ]
INFO: [ view_filter ] --END-- [ RunTime:0.000000s ]
INFO: [ app_end ] --START--
INFO: Run Behavior\ShowPageTraceBehavior [ RunTime:0.000000s ]
INFO: [ app_end ] --END-- [ RunTime:0.000000s ]

[ 2016-06-18T23:30:17+08:00 ] 127.0.0.1 /mall/Admin/Goods/goodsProduct/id/71
INFO: [ app_init ] --START--
INFO: Run Behavior\BuildLiteBehavior [ RunTime:0.000000s ]
INFO: [ app_init ] --END-- [ RunTime:0.000000s ]
INFO: [ app_begin ] --START--
INFO: Run Behavior\ReadHtmlCacheBehavior [ RunTime:0.001000s ]
INFO: [ app_begin ] --END-- [ RunTime:0.001000s ]
SQL: DESCRIBE ts_category [ RunTime:0.004000s ]
SQL: select category_id,category_name,pid,is_nav,status,CONCAT(path,'-',category_id) as depath,path,goods_type_id from ts_category where status=1 order by depath ASC [ RunTime:0.000000s ]
SQL: DESCRIBE ts_brand [ RunTime:0.003000s ]
SQL: SELECT * FROM `ts_brand` ORDER BY sort DESC  [ RunTime:0.000000s ]
SQL: DESCRIBE ts_goods [ RunTime:0.004000s ]
SQL: SELECT * FROM `ts_goods` WHERE ( `goods_id` = 71 ) LIMIT 1   [ RunTime:0.001000s ]
SQL: DESCRIBE ts_product [ RunTime:0.004000s ]
SQL: SELECT * FROM `ts_product` WHERE ( `good_id` = 71 )  [ RunTime:0.001000s ]
SQL: select attr_name,attr_value from ts_goods_attr_list as GAL JOIN  ts_goods_attr as GA  ON GAL.goods_attr_id=GA.goods_attr_id where attr_list_id in (134,135,136,137) [ RunTime:0.000000s ]
SQL: select attr_name,attr_value from ts_goods_attr_list as GAL JOIN  ts_goods_attr as GA  ON GAL.goods_attr_id=GA.goods_attr_id where attr_list_id in (138,139,136) [ RunTime:0.000000s ]
SQL: DESCRIBE ts_goods_attr [ RunTime:0.003000s ]
SQL: SELECT * FROM `ts_goods_attr` WHERE ( `attr_type` = 1 ) AND ( `goods_type_id` = 23 ) ORDER BY sort DESC  [ RunTime:0.001000s ]
INFO: [ view_parse ] --START--
INFO: [ template_filter ] --START--
INFO: Run Behavior\ContentReplaceBehavior [ RunTime:0.000000s ]
INFO: [ template_filter ] --END-- [ RunTime:0.000000s ]
INFO: Run Behavior\ParseTemplateBehavior [ RunTime:0.007000s ]
INFO: [ view_parse ] --END-- [ RunTime:0.007000s ]
INFO: [ view_filter ] --START--
INFO: Run Behavior\WriteHtmlCacheBehavior [ RunTime:0.000000s ]
INFO: [ view_filter ] --END-- [ RunTime:0.000000s ]
INFO: [ app_end ] --START--
INFO: Run Behavior\ShowPageTraceBehavior [ RunTime:0.000000s ]
INFO: [ app_end ] --END-- [ RunTime:0.000000s ]

[ 2016-06-18T23:30:48+08:00 ] 127.0.0.1 /mall/Admin/Goods/goodsProduct/id/71
INFO: [ app_init ] --START--
INFO: Run Behavior\BuildLiteBehavior [ RunTime:0.000000s ]
INFO: [ app_init ] --END-- [ RunTime:0.001000s ]
INFO: [ app_begin ] --START--
INFO: Run Behavior\ReadHtmlCacheBehavior [ RunTime:0.001000s ]
INFO: [ app_begin ] --END-- [ RunTime:0.001000s ]
SQL: DESCRIBE ts_category [ RunTime:0.004000s ]
SQL: select category_id,category_name,pid,is_nav,status,CONCAT(path,'-',category_id) as depath,path,goods_type_id from ts_category where status=1 order by depath ASC [ RunTime:0.001000s ]
SQL: DESCRIBE ts_brand [ RunTime:0.003000s ]
SQL: SELECT * FROM `ts_brand` ORDER BY sort DESC  [ RunTime:0.000000s ]
SQL: DESCRIBE ts_goods [ RunTime:0.004000s ]
SQL: SELECT * FROM `ts_goods` WHERE ( `goods_id` = 71 ) LIMIT 1   [ RunTime:0.001000s ]
SQL: DESCRIBE ts_product [ RunTime:0.003000s ]
SQL: SELECT * FROM `ts_product` WHERE ( `good_id` = 71 )  [ RunTime:0.000000s ]
SQL: select attr_name,attr_value from ts_goods_attr_list as GAL JOIN  ts_goods_attr as GA  ON GAL.goods_attr_id=GA.goods_attr_id where attr_list_id in (134,135,136,137) [ RunTime:0.000000s ]
SQL: select attr_name,attr_value from ts_goods_attr_list as GAL JOIN  ts_goods_attr as GA  ON GAL.goods_attr_id=GA.goods_attr_id where attr_list_id in (138,139,136) [ RunTime:0.000000s ]
SQL: DESCRIBE ts_goods_attr [ RunTime:0.003000s ]
SQL: SELECT * FROM `ts_goods_attr` WHERE ( `attr_type` = 1 ) AND ( `goods_type_id` = 23 ) ORDER BY sort DESC  [ RunTime:0.001000s ]
INFO: [ view_parse ] --START--
INFO: [ template_filter ] --START--
INFO: Run Behavior\ContentReplaceBehavior [ RunTime:0.001000s ]
INFO: [ template_filter ] --END-- [ RunTime:0.001000s ]
INFO: Run Behavior\ParseTemplateBehavior [ RunTime:0.007000s ]
INFO: [ view_parse ] --END-- [ RunTime:0.007000s ]
INFO: [ view_filter ] --START--
INFO: Run Behavior\WriteHtmlCacheBehavior [ RunTime:0.000000s ]
INFO: [ view_filter ] --END-- [ RunTime:0.000000s ]
INFO: [ app_end ] --START--
INFO: Run Behavior\ShowPageTraceBehavior [ RunTime:0.000000s ]
INFO: [ app_end ] --END-- [ RunTime:0.001000s ]

[ 2016-06-18T23:31:32+08:00 ] 127.0.0.1 /mall/Admin/Goods/goodsProduct/id/71
INFO: [ app_init ] --START--
INFO: Run Behavior\BuildLiteBehavior [ RunTime:0.000000s ]
INFO: [ app_init ] --END-- [ RunTime:0.000000s ]
INFO: [ app_begin ] --START--
INFO: Run Behavior\ReadHtmlCacheBehavior [ RunTime:0.001000s ]
INFO: [ app_begin ] --END-- [ RunTime:0.001000s ]
SQL: DESCRIBE ts_category [ RunTime:0.003000s ]
SQL: select category_id,category_name,pid,is_nav,status,CONCAT(path,'-',category_id) as depath,path,goods_type_id from ts_category where status=1 order by depath ASC [ RunTime:0.000000s ]
SQL: DESCRIBE ts_brand [ RunTime:0.004000s ]
SQL: SELECT * FROM `ts_brand` ORDER BY sort DESC  [ RunTime:0.001000s ]
SQL: DESCRIBE ts_goods [ RunTime:0.003000s ]
SQL: SELECT * FROM `ts_goods` WHERE ( `goods_id` = 71 ) LIMIT 1   [ RunTime:0.001000s ]
SQL: DESCRIBE ts_product [ RunTime:0.004000s ]
SQL: SELECT * FROM `ts_product` WHERE ( `good_id` = 71 )  [ RunTime:0.001000s ]
SQL: select attr_name,attr_value from ts_goods_attr_list as GAL JOIN  ts_goods_attr as GA  ON GAL.goods_attr_id=GA.goods_attr_id where attr_list_id in (134,135,136,137) [ RunTime:0.001000s ]
SQL: select attr_name,attr_value from ts_goods_attr_list as GAL JOIN  ts_goods_attr as GA  ON GAL.goods_attr_id=GA.goods_attr_id where attr_list_id in (138,139,136) [ RunTime:0.000000s ]
SQL: DESCRIBE ts_goods_attr [ RunTime:0.004000s ]
SQL: SELECT * FROM `ts_goods_attr` WHERE ( `attr_type` = 1 ) AND ( `goods_type_id` = 23 ) ORDER BY sort DESC  [ RunTime:0.000000s ]
INFO: [ view_parse ] --START--
INFO: [ template_filter ] --START--
INFO: Run Behavior\ContentReplaceBehavior [ RunTime:0.000000s ]
INFO: [ template_filter ] --END-- [ RunTime:0.000000s ]
NOTIC: [8] Undefined variable: product D:\wamp\www\mall\mall\Runtime\Cache\Admin\c3957dbc5583f3fcbaba0c92526a64d6.php 第 56 行.
NOTIC: [8] Undefined variable: product D:\wamp\www\mall\mall\Runtime\Cache\Admin\c3957dbc5583f3fcbaba0c92526a64d6.php 第 58 行.
NOTIC: [8] Undefined variable: product D:\wamp\www\mall\mall\Runtime\Cache\Admin\c3957dbc5583f3fcbaba0c92526a64d6.php 第 61 行.
NOTIC: [8] Undefined variable: product D:\wamp\www\mall\mall\Runtime\Cache\Admin\c3957dbc5583f3fcbaba0c92526a64d6.php 第 64 行.
NOTIC: [8] Undefined variable: product D:\wamp\www\mall\mall\Runtime\Cache\Admin\c3957dbc5583f3fcbaba0c92526a64d6.php 第 67 行.
INFO: Run Behavior\ParseTemplateBehavior [ RunTime:0.008000s ]
INFO: [ view_parse ] --END-- [ RunTime:0.008000s ]
INFO: [ view_filter ] --START--
INFO: Run Behavior\WriteHtmlCacheBehavior [ RunTime:0.000000s ]
INFO: [ view_filter ] --END-- [ RunTime:0.000000s ]
INFO: [ app_end ] --START--
INFO: Run Behavior\ShowPageTraceBehavior [ RunTime:0.001000s ]
INFO: [ app_end ] --END-- [ RunTime:0.001000s ]

[ 2016-06-18T23:31:50+08:00 ] 127.0.0.1 /mall/Admin/Goods/goodsProduct/id/71
INFO: [ app_init ] --START--
INFO: Run Behavior\BuildLiteBehavior [ RunTime:0.000000s ]
INFO: [ app_init ] --END-- [ RunTime:0.001000s ]
INFO: [ app_begin ] --START--
INFO: Run Behavior\ReadHtmlCacheBehavior [ RunTime:0.001000s ]
INFO: [ app_begin ] --END-- [ RunTime:0.001000s ]
SQL: DESCRIBE ts_category [ RunTime:0.004000s ]
SQL: select category_id,category_name,pid,is_nav,status,CONCAT(path,'-',category_id) as depath,path,goods_type_id from ts_category where status=1 order by depath ASC [ RunTime:0.001000s ]
SQL: DESCRIBE ts_brand [ RunTime:0.003000s ]
SQL: SELECT * FROM `ts_brand` ORDER BY sort DESC  [ RunTime:0.000000s ]
SQL: DESCRIBE ts_goods [ RunTime:0.004000s ]
SQL: SELECT * FROM `ts_goods` WHERE ( `goods_id` = 71 ) LIMIT 1   [ RunTime:0.000000s ]
SQL: DESCRIBE ts_product [ RunTime:0.003000s ]
SQL: SELECT * FROM `ts_product` WHERE ( `good_id` = 71 )  [ RunTime:0.000000s ]
SQL: select attr_name,attr_value from ts_goods_attr_list as GAL JOIN  ts_goods_attr as GA  ON GAL.goods_attr_id=GA.goods_attr_id where attr_list_id in (134,135,136,137) [ RunTime:0.001000s ]
SQL: select attr_name,attr_value from ts_goods_attr_list as GAL JOIN  ts_goods_attr as GA  ON GAL.goods_attr_id=GA.goods_attr_id where attr_list_id in (138,139,136) [ RunTime:0.000000s ]
SQL: DESCRIBE ts_goods_attr [ RunTime:0.003000s ]
SQL: SELECT * FROM `ts_goods_attr` WHERE ( `attr_type` = 1 ) AND ( `goods_type_id` = 23 ) ORDER BY sort DESC  [ RunTime:0.000000s ]
INFO: [ view_parse ] --START--
INFO: [ template_filter ] --START--
INFO: Run Behavior\ContentReplaceBehavior [ RunTime:0.000000s ]
INFO: [ template_filter ] --END-- [ RunTime:0.000000s ]
NOTIC: [8] Undefined variable: product D:\wamp\www\mall\mall\Runtime\Cache\Admin\c3957dbc5583f3fcbaba0c92526a64d6.php 第 56 行.
NOTIC: [8] Undefined variable: product D:\wamp\www\mall\mall\Runtime\Cache\Admin\c3957dbc5583f3fcbaba0c92526a64d6.php 第 58 行.
NOTIC: [8] Undefined variable: product D:\wamp\www\mall\mall\Runtime\Cache\Admin\c3957dbc5583f3fcbaba0c92526a64d6.php 第 61 行.
NOTIC: [8] Undefined variable: product D:\wamp\www\mall\mall\Runtime\Cache\Admin\c3957dbc5583f3fcbaba0c92526a64d6.php 第 64 行.
NOTIC: [8] Undefined variable: product D:\wamp\www\mall\mall\Runtime\Cache\Admin\c3957dbc5583f3fcbaba0c92526a64d6.php 第 67 行.
INFO: Run Behavior\ParseTemplateBehavior [ RunTime:0.007000s ]
INFO: [ view_parse ] --END-- [ RunTime:0.008000s ]
INFO: [ view_filter ] --START--
INFO: Run Behavior\WriteHtmlCacheBehavior [ RunTime:0.000000s ]
INFO: [ view_filter ] --END-- [ RunTime:0.000000s ]
INFO: [ app_end ] --START--
INFO: Run Behavior\ShowPageTraceBehavior [ RunTime:0.001000s ]
INFO: [ app_end ] --END-- [ RunTime:0.001000s ]

[ 2016-06-18T23:32:18+08:00 ] 127.0.0.1 /mall/Admin/Goods/goodsProduct/id/71
INFO: [ app_init ] --START--
INFO: Run Behavior\BuildLiteBehavior [ RunTime:0.000000s ]
INFO: [ app_init ] --END-- [ RunTime:0.001000s ]
INFO: [ app_begin ] --START--
INFO: Run Behavior\ReadHtmlCacheBehavior [ RunTime:0.000000s ]
INFO: [ app_begin ] --END-- [ RunTime:0.001000s ]
SQL: DESCRIBE ts_category [ RunTime:0.004000s ]
SQL: select category_id,category_name,pid,is_nav,status,CONCAT(path,'-',category_id) as depath,path,goods_type_id from ts_category where status=1 order by depath ASC [ RunTime:0.001000s ]
SQL: DESCRIBE ts_brand [ RunTime:0.003000s ]
SQL: SELECT * FROM `ts_brand` ORDER BY sort DESC  [ RunTime:0.000000s ]
SQL: DESCRIBE ts_goods [ RunTime:0.004000s ]
SQL: SELECT * FROM `ts_goods` WHERE ( `goods_id` = 71 ) LIMIT 1   [ RunTime:0.001000s ]
SQL: DESCRIBE ts_product [ RunTime:0.004000s ]
SQL: SELECT * FROM `ts_product` WHERE ( `good_id` = 71 )  [ RunTime:0.000000s ]
SQL: select attr_name,attr_value from ts_goods_attr_list as GAL JOIN  ts_goods_attr as GA  ON GAL.goods_attr_id=GA.goods_attr_id where attr_list_id in (134,135,136,137) [ RunTime:0.001000s ]
SQL: select attr_name,attr_value from ts_goods_attr_list as GAL JOIN  ts_goods_attr as GA  ON GAL.goods_attr_id=GA.goods_attr_id where attr_list_id in (138,139,136) [ RunTime:0.000000s ]
SQL: DESCRIBE ts_goods_attr [ RunTime:0.003000s ]
SQL: SELECT * FROM `ts_goods_attr` WHERE ( `attr_type` = 1 ) AND ( `goods_type_id` = 23 ) ORDER BY sort DESC  [ RunTime:0.000000s ]
INFO: [ view_parse ] --START--
INFO: [ template_filter ] --START--
INFO: Run Behavior\ContentReplaceBehavior [ RunTime:0.000000s ]
INFO: [ template_filter ] --END-- [ RunTime:0.000000s ]
NOTIC: [8] Undefined variable: product D:\wamp\www\mall\mall\Runtime\Cache\Admin\c3957dbc5583f3fcbaba0c92526a64d6.php 第 56 行.
NOTIC: [8] Undefined variable: product D:\wamp\www\mall\mall\Runtime\Cache\Admin\c3957dbc5583f3fcbaba0c92526a64d6.php 第 58 行.
NOTIC: [8] Undefined variable: product D:\wamp\www\mall\mall\Runtime\Cache\Admin\c3957dbc5583f3fcbaba0c92526a64d6.php 第 61 行.
NOTIC: [8] Undefined variable: product D:\wamp\www\mall\mall\Runtime\Cache\Admin\c3957dbc5583f3fcbaba0c92526a64d6.php 第 64 行.
NOTIC: [8] Undefined variable: product D:\wamp\www\mall\mall\Runtime\Cache\Admin\c3957dbc5583f3fcbaba0c92526a64d6.php 第 67 行.
INFO: Run Behavior\ParseTemplateBehavior [ RunTime:0.009000s ]
INFO: [ view_parse ] --END-- [ RunTime:0.009000s ]
INFO: [ view_filter ] --START--
INFO: Run Behavior\WriteHtmlCacheBehavior [ RunTime:0.001000s ]
INFO: [ view_filter ] --END-- [ RunTime:0.001000s ]
INFO: [ app_end ] --START--
INFO: Run Behavior\ShowPageTraceBehavior [ RunTime:0.001000s ]
INFO: [ app_end ] --END-- [ RunTime:0.001000s ]

[ 2016-06-18T23:32:30+08:00 ] 127.0.0.1 /mall/Admin/Goods/goodsProduct/id/71
INFO: [ app_init ] --START--
INFO: Run Behavior\BuildLiteBehavior [ RunTime:0.000000s ]
INFO: [ app_init ] --END-- [ RunTime:0.001000s ]
INFO: [ app_begin ] --START--
INFO: Run Behavior\ReadHtmlCacheBehavior [ RunTime:0.001000s ]
INFO: [ app_begin ] --END-- [ RunTime:0.001000s ]
SQL: DESCRIBE ts_category [ RunTime:0.005000s ]
SQL: select category_id,category_name,pid,is_nav,status,CONCAT(path,'-',category_id) as depath,path,goods_type_id from ts_category where status=1 order by depath ASC [ RunTime:0.001000s ]
SQL: DESCRIBE ts_brand [ RunTime:0.004000s ]
SQL: SELECT * FROM `ts_brand` ORDER BY sort DESC  [ RunTime:0.001000s ]
SQL: DESCRIBE ts_goods [ RunTime:0.004000s ]
SQL: SELECT * FROM `ts_goods` WHERE ( `goods_id` = 71 ) LIMIT 1   [ RunTime:0.000000s ]
SQL: DESCRIBE ts_product [ RunTime:0.003000s ]
SQL: SELECT * FROM `ts_product` WHERE ( `good_id` = 71 )  [ RunTime:0.000000s ]
SQL: select attr_name,attr_value from ts_goods_attr_list as GAL JOIN  ts_goods_attr as GA  ON GAL.goods_attr_id=GA.goods_attr_id where attr_list_id in (134,135,136,137) [ RunTime:0.001000s ]
SQL: select attr_name,attr_value from ts_goods_attr_list as GAL JOIN  ts_goods_attr as GA  ON GAL.goods_attr_id=GA.goods_attr_id where attr_list_id in (138,139,136) [ RunTime:0.000000s ]
SQL: DESCRIBE ts_goods_attr [ RunTime:0.004000s ]
SQL: SELECT * FROM `ts_goods_attr` WHERE ( `attr_type` = 1 ) AND ( `goods_type_id` = 23 ) ORDER BY sort DESC  [ RunTime:0.000000s ]
INFO: [ view_parse ] --START--
INFO: [ template_filter ] --START--
INFO: Run Behavior\ContentReplaceBehavior [ RunTime:0.000000s ]
INFO: [ template_filter ] --END-- [ RunTime:0.000000s ]
NOTIC: [8] Undefined variable: product D:\wamp\www\mall\mall\Runtime\Cache\Admin\c3957dbc5583f3fcbaba0c92526a64d6.php 第 56 行.
NOTIC: [8] Undefined variable: product D:\wamp\www\mall\mall\Runtime\Cache\Admin\c3957dbc5583f3fcbaba0c92526a64d6.php 第 58 行.
NOTIC: [8] Undefined variable: product D:\wamp\www\mall\mall\Runtime\Cache\Admin\c3957dbc5583f3fcbaba0c92526a64d6.php 第 61 行.
NOTIC: [8] Undefined variable: product D:\wamp\www\mall\mall\Runtime\Cache\Admin\c3957dbc5583f3fcbaba0c92526a64d6.php 第 64 行.
NOTIC: [8] Undefined variable: product D:\wamp\www\mall\mall\Runtime\Cache\Admin\c3957dbc5583f3fcbaba0c92526a64d6.php 第 67 行.
INFO: Run Behavior\ParseTemplateBehavior [ RunTime:0.007000s ]
INFO: [ view_parse ] --END-- [ RunTime:0.007000s ]
INFO: [ view_filter ] --START--
INFO: Run Behavior\WriteHtmlCacheBehavior [ RunTime:0.001000s ]
INFO: [ view_filter ] --END-- [ RunTime:0.001000s ]
INFO: [ app_end ] --START--
INFO: Run Behavior\ShowPageTraceBehavior [ RunTime:0.000000s ]
INFO: [ app_end ] --END-- [ RunTime:0.001000s ]

[ 2016-06-18T23:33:24+08:00 ] 127.0.0.1 /mall/Admin/Goods/goodsProduct/id/71
INFO: [ app_init ] --START--
INFO: Run Behavior\BuildLiteBehavior [ RunTime:0.000000s ]
INFO: [ app_init ] --END-- [ RunTime:0.000000s ]
INFO: [ app_begin ] --START--
INFO: Run Behavior\ReadHtmlCacheBehavior [ RunTime:0.000000s ]
INFO: [ app_begin ] --END-- [ RunTime:0.000000s ]
SQL: DESCRIBE ts_category [ RunTime:0.003000s ]
SQL: select category_id,category_name,pid,is_nav,status,CONCAT(path,'-',category_id) as depath,path,goods_type_id from ts_category where status=1 order by depath ASC [ RunTime:0.001000s ]
SQL: DESCRIBE ts_brand [ RunTime:0.003000s ]
SQL: SELECT * FROM `ts_brand` ORDER BY sort DESC  [ RunTime:0.000000s ]
SQL: DESCRIBE ts_goods [ RunTime:0.003000s ]
SQL: SELECT * FROM `ts_goods` WHERE ( `goods_id` = 71 ) LIMIT 1   [ RunTime:0.000000s ]
SQL: DESCRIBE ts_product [ RunTime:0.003000s ]
SQL: SELECT * FROM `ts_product` WHERE ( `good_id` = 71 )  [ RunTime:0.000000s ]
SQL: select attr_name,attr_value from ts_goods_attr_list as GAL JOIN  ts_goods_attr as GA  ON GAL.goods_attr_id=GA.goods_attr_id where attr_list_id in (134,135,136,137) [ RunTime:0.001000s ]
SQL: select attr_name,attr_value from ts_goods_attr_list as GAL JOIN  ts_goods_attr as GA  ON GAL.goods_attr_id=GA.goods_attr_id where attr_list_id in (138,139,136) [ RunTime:0.000000s ]
SQL: DESCRIBE ts_goods_attr [ RunTime:0.003000s ]
SQL: SELECT * FROM `ts_goods_attr` WHERE ( `attr_type` = 1 ) AND ( `goods_type_id` = 23 ) ORDER BY sort DESC  [ RunTime:0.000000s ]
INFO: [ view_parse ] --START--
INFO: [ template_filter ] --START--
INFO: Run Behavior\ContentReplaceBehavior [ RunTime:0.000000s ]
INFO: [ template_filter ] --END-- [ RunTime:0.000000s ]
NOTIC: [8] Undefined variable: product D:\wamp\www\mall\mall\Runtime\Cache\Admin\c3957dbc5583f3fcbaba0c92526a64d6.php 第 56 行.
NOTIC: [8] Undefined variable: product D:\wamp\www\mall\mall\Runtime\Cache\Admin\c3957dbc5583f3fcbaba0c92526a64d6.php 第 58 行.
NOTIC: [8] Undefined variable: product D:\wamp\www\mall\mall\Runtime\Cache\Admin\c3957dbc5583f3fcbaba0c92526a64d6.php 第 61 行.
NOTIC: [8] Undefined variable: product D:\wamp\www\mall\mall\Runtime\Cache\Admin\c3957dbc5583f3fcbaba0c92526a64d6.php 第 64 行.
NOTIC: [8] Undefined variable: product D:\wamp\www\mall\mall\Runtime\Cache\Admin\c3957dbc5583f3fcbaba0c92526a64d6.php 第 67 行.
INFO: Run Behavior\ParseTemplateBehavior [ RunTime:0.007000s ]
INFO: [ view_parse ] --END-- [ RunTime:0.007000s ]
INFO: [ view_filter ] --START--
INFO: Run Behavior\WriteHtmlCacheBehavior [ RunTime:0.000000s ]
INFO: [ view_filter ] --END-- [ RunTime:0.000000s ]
INFO: [ app_end ] --START--
INFO: Run Behavior\ShowPageTraceBehavior [ RunTime:0.001000s ]
INFO: [ app_end ] --END-- [ RunTime:0.001000s ]

[ 2016-06-18T23:33:52+08:00 ] 127.0.0.1 /mall/Admin/Goods/goodsProduct/id/71
INFO: [ app_init ] --START--
INFO: Run Behavior\BuildLiteBehavior [ RunTime:0.000000s ]
INFO: [ app_init ] --END-- [ RunTime:0.000000s ]
INFO: [ app_begin ] --START--
INFO: Run Behavior\ReadHtmlCacheBehavior [ RunTime:0.000000s ]
INFO: [ app_begin ] --END-- [ RunTime:0.001000s ]
SQL: DESCRIBE ts_category [ RunTime:0.004000s ]
SQL: select category_id,category_name,pid,is_nav,status,CONCAT(path,'-',category_id) as depath,path,goods_type_id from ts_category where status=1 order by depath ASC [ RunTime:0.001000s ]
SQL: DESCRIBE ts_brand [ RunTime:0.003000s ]
SQL: SELECT * FROM `ts_brand` ORDER BY sort DESC  [ RunTime:0.000000s ]
SQL: DESCRIBE ts_goods [ RunTime:0.003000s ]
SQL: SELECT * FROM `ts_goods` WHERE ( `goods_id` = 71 ) LIMIT 1   [ RunTime:0.001000s ]
SQL: DESCRIBE ts_product [ RunTime:0.003000s ]
SQL: SELECT * FROM `ts_product` WHERE ( `good_id` = 71 )  [ RunTime:0.000000s ]
SQL: select attr_name,attr_value from ts_goods_attr_list as GAL JOIN  ts_goods_attr as GA  ON GAL.goods_attr_id=GA.goods_attr_id where attr_list_id in (134,135,136,137) [ RunTime:0.000000s ]
SQL: select attr_name,attr_value from ts_goods_attr_list as GAL JOIN  ts_goods_attr as GA  ON GAL.goods_attr_id=GA.goods_attr_id where attr_list_id in (138,139,136) [ RunTime:0.000000s ]
SQL: DESCRIBE ts_goods_attr [ RunTime:0.004000s ]
SQL: SELECT * FROM `ts_goods_attr` WHERE ( `attr_type` = 1 ) AND ( `goods_type_id` = 23 ) ORDER BY sort DESC  [ RunTime:0.001000s ]
INFO: [ view_parse ] --START--
INFO: [ template_filter ] --START--
INFO: Run Behavior\ContentReplaceBehavior [ RunTime:0.000000s ]
INFO: [ template_filter ] --END-- [ RunTime:0.000000s ]
NOTIC: [8] Undefined index: SKU D:\wamp\www\mall\mall\Runtime\Cache\Admin\c3957dbc5583f3fcbaba0c92526a64d6.php 第 66 行.
NOTIC: [8] Undefined index: SKU D:\wamp\www\mall\mall\Runtime\Cache\Admin\c3957dbc5583f3fcbaba0c92526a64d6.php 第 66 行.
INFO: Run Behavior\ParseTemplateBehavior [ RunTime:0.009000s ]
INFO: [ view_parse ] --END-- [ RunTime:0.009000s ]
INFO: [ view_filter ] --START--
INFO: Run Behavior\WriteHtmlCacheBehavior [ RunTime:0.001000s ]
INFO: [ view_filter ] --END-- [ RunTime:0.001000s ]
INFO: [ app_end ] --START--
INFO: Run Behavior\ShowPageTraceBehavior [ RunTime:0.001000s ]
INFO: [ app_end ] --END-- [ RunTime:0.001000s ]

[ 2016-06-18T23:34:48+08:00 ] 127.0.0.1 /mall/Admin/Goods/goodsProduct/id/71
INFO: [ app_init ] --START--
INFO: Run Behavior\BuildLiteBehavior [ RunTime:0.000000s ]
INFO: [ app_init ] --END-- [ RunTime:0.000000s ]
INFO: [ app_begin ] --START--
INFO: Run Behavior\ReadHtmlCacheBehavior [ RunTime:0.000000s ]
INFO: [ app_begin ] --END-- [ RunTime:0.000000s ]
SQL: DESCRIBE ts_category [ RunTime:0.003000s ]
SQL: select category_id,category_name,pid,is_nav,status,CONCAT(path,'-',category_id) as depath,path,goods_type_id from ts_category where status=1 order by depath ASC [ RunTime:0.000000s ]
SQL: DESCRIBE ts_brand [ RunTime:0.003000s ]
SQL: SELECT * FROM `ts_brand` ORDER BY sort DESC  [ RunTime:0.000000s ]
SQL: DESCRIBE ts_goods [ RunTime:0.003000s ]
SQL: SELECT * FROM `ts_goods` WHERE ( `goods_id` = 71 ) LIMIT 1   [ RunTime:0.001000s ]
SQL: DESCRIBE ts_product [ RunTime:0.003000s ]
SQL: SELECT * FROM `ts_product` WHERE ( `good_id` = 71 )  [ RunTime:0.000000s ]
SQL: select attr_name,attr_value from ts_goods_attr_list as GAL JOIN  ts_goods_attr as GA  ON GAL.goods_attr_id=GA.goods_attr_id where attr_list_id in (134,135,136,137) [ RunTime:0.000000s ]
SQL: select attr_name,attr_value from ts_goods_attr_list as GAL JOIN  ts_goods_attr as GA  ON GAL.goods_attr_id=GA.goods_attr_id where attr_list_id in (138,139,136) [ RunTime:0.001000s ]
SQL: DESCRIBE ts_goods_attr [ RunTime:0.003000s ]
SQL: SELECT * FROM `ts_goods_attr` WHERE ( `attr_type` = 1 ) AND ( `goods_type_id` = 23 ) ORDER BY sort DESC  [ RunTime:0.000000s ]
INFO: [ view_parse ] --START--
INFO: [ template_filter ] --START--
INFO: Run Behavior\ContentReplaceBehavior [ RunTime:0.000000s ]
INFO: [ template_filter ] --END-- [ RunTime:0.000000s ]
NOTIC: [8] Undefined index: SKU D:\wamp\www\mall\mall\Runtime\Cache\Admin\c3957dbc5583f3fcbaba0c92526a64d6.php 第 66 行.
NOTIC: [8] Undefined index: SKU D:\wamp\www\mall\mall\Runtime\Cache\Admin\c3957dbc5583f3fcbaba0c92526a64d6.php 第 66 行.
INFO: Run Behavior\ParseTemplateBehavior [ RunTime:0.010000s ]
INFO: [ view_parse ] --END-- [ RunTime:0.010000s ]
INFO: [ view_filter ] --START--
INFO: Run Behavior\WriteHtmlCacheBehavior [ RunTime:0.000000s ]
INFO: [ view_filter ] --END-- [ RunTime:0.000000s ]
INFO: [ app_end ] --START--
INFO: Run Behavior\ShowPageTraceBehavior [ RunTime:0.000000s ]
INFO: [ app_end ] --END-- [ RunTime:0.000000s ]

[ 2016-06-18T23:34:58+08:00 ] 127.0.0.1 /mall/Admin/Goods/goodsProduct/id/71
INFO: [ app_init ] --START--
INFO: Run Behavior\BuildLiteBehavior [ RunTime:0.000000s ]
INFO: [ app_init ] --END-- [ RunTime:0.001000s ]
INFO: [ app_begin ] --START--
INFO: Run Behavior\ReadHtmlCacheBehavior [ RunTime:0.001000s ]
INFO: [ app_begin ] --END-- [ RunTime:0.001000s ]
SQL: DESCRIBE ts_category [ RunTime:0.004000s ]
SQL: select category_id,category_name,pid,is_nav,status,CONCAT(path,'-',category_id) as depath,path,goods_type_id from ts_category where status=1 order by depath ASC [ RunTime:0.001000s ]
SQL: DESCRIBE ts_brand [ RunTime:0.004000s ]
SQL: SELECT * FROM `ts_brand` ORDER BY sort DESC  [ RunTime:0.000000s ]
SQL: DESCRIBE ts_goods [ RunTime:0.004000s ]
SQL: SELECT * FROM `ts_goods` WHERE ( `goods_id` = 71 ) LIMIT 1   [ RunTime:0.001000s ]
SQL: DESCRIBE ts_product [ RunTime:0.003000s ]
SQL: SELECT * FROM `ts_product` WHERE ( `good_id` = 71 )  [ RunTime:0.000000s ]
SQL: select attr_name,attr_value from ts_goods_attr_list as GAL JOIN  ts_goods_attr as GA  ON GAL.goods_attr_id=GA.goods_attr_id where attr_list_id in (134,135,136,137) [ RunTime:0.001000s ]
SQL: select attr_name,attr_value from ts_goods_attr_list as GAL JOIN  ts_goods_attr as GA  ON GAL.goods_attr_id=GA.goods_attr_id where attr_list_id in (138,139,136) [ RunTime:0.001000s ]
SQL: DESCRIBE ts_goods_attr [ RunTime:0.004000s ]
SQL: SELECT * FROM `ts_goods_attr` WHERE ( `attr_type` = 1 ) AND ( `goods_type_id` = 23 ) ORDER BY sort DESC  [ RunTime:0.001000s ]
INFO: [ view_parse ] --START--
INFO: [ template_filter ] --START--
INFO: Run Behavior\ContentReplaceBehavior [ RunTime:0.000000s ]
INFO: [ template_filter ] --END-- [ RunTime:0.000000s ]
NOTIC: [8] Undefined index: SKU D:\wamp\www\mall\mall\Runtime\Cache\Admin\c3957dbc5583f3fcbaba0c92526a64d6.php 第 66 行.
NOTIC: [8] Undefined index: SKU D:\wamp\www\mall\mall\Runtime\Cache\Admin\c3957dbc5583f3fcbaba0c92526a64d6.php 第 66 行.
INFO: Run Behavior\ParseTemplateBehavior [ RunTime:0.010000s ]
INFO: [ view_parse ] --END-- [ RunTime:0.010000s ]
INFO: [ view_filter ] --START--
INFO: Run Behavior\WriteHtmlCacheBehavior [ RunTime:0.001000s ]
INFO: [ view_filter ] --END-- [ RunTime:0.001000s ]
INFO: [ app_end ] --START--
INFO: Run Behavior\ShowPageTraceBehavior [ RunTime:0.001000s ]
INFO: [ app_end ] --END-- [ RunTime:0.001000s ]

[ 2016-06-18T23:35:30+08:00 ] 127.0.0.1 /mall/Admin/Goods/goodsProduct/id/69
INFO: [ app_init ] --START--
INFO: Run Behavior\BuildLiteBehavior [ RunTime:0.000000s ]
INFO: [ app_init ] --END-- [ RunTime:0.001000s ]
INFO: [ app_begin ] --START--
INFO: Run Behavior\ReadHtmlCacheBehavior [ RunTime:0.001000s ]
INFO: [ app_begin ] --END-- [ RunTime:0.001000s ]
SQL: DESCRIBE ts_category [ RunTime:0.003000s ]
SQL: select category_id,category_name,pid,is_nav,status,CONCAT(path,'-',category_id) as depath,path,goods_type_id from ts_category where status=1 order by depath ASC [ RunTime:0.001000s ]
SQL: DESCRIBE ts_brand [ RunTime:0.004000s ]
SQL: SELECT * FROM `ts_brand` ORDER BY sort DESC  [ RunTime:0.001000s ]
SQL: DESCRIBE ts_goods [ RunTime:0.003000s ]
SQL: SELECT * FROM `ts_goods` WHERE ( `goods_id` = 69 ) LIMIT 1   [ RunTime:0.001000s ]
SQL: DESCRIBE ts_product [ RunTime:0.003000s ]
SQL: SELECT * FROM `ts_product` WHERE ( `good_id` = 69 )  [ RunTime:0.000000s ]
SQL: DESCRIBE ts_goods_attr [ RunTime:0.004000s ]
SQL: SELECT * FROM `ts_goods_attr` WHERE ( `attr_type` = 1 ) AND ( `goods_type_id` = 0 ) ORDER BY sort DESC  [ RunTime:0.001000s ]
INFO: [ view_parse ] --START--
INFO: [ template_filter ] --START--
INFO: Run Behavior\ContentReplaceBehavior [ RunTime:0.000000s ]
INFO: [ template_filter ] --END-- [ RunTime:0.000000s ]
INFO: Run Behavior\ParseTemplateBehavior [ RunTime:0.010000s ]
INFO: [ view_parse ] --END-- [ RunTime:0.010000s ]
INFO: [ view_filter ] --START--
INFO: Run Behavior\WriteHtmlCacheBehavior [ RunTime:0.001000s ]
INFO: [ view_filter ] --END-- [ RunTime:0.001000s ]
INFO: [ app_end ] --START--
INFO: Run Behavior\ShowPageTraceBehavior [ RunTime:0.001000s ]
INFO: [ app_end ] --END-- [ RunTime:0.001000s ]

[ 2016-06-18T23:35:34+08:00 ] 127.0.0.1 /mall/Admin/Goods/goodsProduct/id/70
INFO: [ app_init ] --START--
INFO: Run Behavior\BuildLiteBehavior [ RunTime:0.000000s ]
INFO: [ app_init ] --END-- [ RunTime:0.000000s ]
INFO: [ app_begin ] --START--
INFO: Run Behavior\ReadHtmlCacheBehavior [ RunTime:0.001000s ]
INFO: [ app_begin ] --END-- [ RunTime:0.001000s ]
SQL: DESCRIBE ts_category [ RunTime:0.004000s ]
SQL: select category_id,category_name,pid,is_nav,status,CONCAT(path,'-',category_id) as depath,path,goods_type_id from ts_category where status=1 order by depath ASC [ RunTime:0.001000s ]
SQL: DESCRIBE ts_brand [ RunTime:0.004000s ]
SQL: SELECT * FROM `ts_brand` ORDER BY sort DESC  [ RunTime:0.001000s ]
SQL: DESCRIBE ts_goods [ RunTime:0.004000s ]
SQL: SELECT * FROM `ts_goods` WHERE ( `goods_id` = 70 ) LIMIT 1   [ RunTime:0.000000s ]
SQL: DESCRIBE ts_product [ RunTime:0.004000s ]
SQL: SELECT * FROM `ts_product` WHERE ( `good_id` = 70 )  [ RunTime:0.000000s ]
SQL: DESCRIBE ts_goods_attr [ RunTime:0.003000s ]
SQL: SELECT * FROM `ts_goods_attr` WHERE ( `attr_type` = 1 ) AND ( `goods_type_id` = 0 ) ORDER BY sort DESC  [ RunTime:0.000000s ]
INFO: [ view_parse ] --START--
INFO: [ template_filter ] --START--
INFO: Run Behavior\ContentReplaceBehavior [ RunTime:0.000000s ]
INFO: [ template_filter ] --END-- [ RunTime:0.001000s ]
INFO: Run Behavior\ParseTemplateBehavior [ RunTime:0.009000s ]
INFO: [ view_parse ] --END-- [ RunTime:0.010000s ]
INFO: [ view_filter ] --START--
INFO: Run Behavior\WriteHtmlCacheBehavior [ RunTime:0.000000s ]
INFO: [ view_filter ] --END-- [ RunTime:0.000000s ]
INFO: [ app_end ] --START--
INFO: Run Behavior\ShowPageTraceBehavior [ RunTime:0.001000s ]
INFO: [ app_end ] --END-- [ RunTime:0.001000s ]

[ 2016-06-18T23:35:37+08:00 ] 127.0.0.1 /mall/Admin/Goods/goodsProduct/id/71
INFO: [ app_init ] --START--
INFO: Run Behavior\BuildLiteBehavior [ RunTime:0.000000s ]
INFO: [ app_init ] --END-- [ RunTime:0.000000s ]
INFO: [ app_begin ] --START--
INFO: Run Behavior\ReadHtmlCacheBehavior [ RunTime:0.000000s ]
INFO: [ app_begin ] --END-- [ RunTime:0.000000s ]
SQL: DESCRIBE ts_category [ RunTime:0.005000s ]
SQL: select category_id,category_name,pid,is_nav,status,CONCAT(path,'-',category_id) as depath,path,goods_type_id from ts_category where status=1 order by depath ASC [ RunTime:0.001000s ]
SQL: DESCRIBE ts_brand [ RunTime:0.003000s ]
SQL: SELECT * FROM `ts_brand` ORDER BY sort DESC  [ RunTime:0.000000s ]
SQL: DESCRIBE ts_goods [ RunTime:0.003000s ]
SQL: SELECT * FROM `ts_goods` WHERE ( `goods_id` = 71 ) LIMIT 1   [ RunTime:0.001000s ]
SQL: DESCRIBE ts_product [ RunTime:0.003000s ]
SQL: SELECT * FROM `ts_product` WHERE ( `good_id` = 71 )  [ RunTime:0.000000s ]
SQL: select attr_name,attr_value from ts_goods_attr_list as GAL JOIN  ts_goods_attr as GA  ON GAL.goods_attr_id=GA.goods_attr_id where attr_list_id in (134,135,136,137) [ RunTime:0.000000s ]
SQL: select attr_name,attr_value from ts_goods_attr_list as GAL JOIN  ts_goods_attr as GA  ON GAL.goods_attr_id=GA.goods_attr_id where attr_list_id in (138,139,136) [ RunTime:0.000000s ]
SQL: DESCRIBE ts_goods_attr [ RunTime:0.004000s ]
SQL: SELECT * FROM `ts_goods_attr` WHERE ( `attr_type` = 1 ) AND ( `goods_type_id` = 23 ) ORDER BY sort DESC  [ RunTime:0.000000s ]
INFO: [ view_parse ] --START--
INFO: [ template_filter ] --START--
INFO: Run Behavior\ContentReplaceBehavior [ RunTime:0.000000s ]
INFO: [ template_filter ] --END-- [ RunTime:0.001000s ]
NOTIC: [8] Undefined index: SKU D:\wamp\www\mall\mall\Runtime\Cache\Admin\c3957dbc5583f3fcbaba0c92526a64d6.php 第 66 行.
NOTIC: [8] Undefined index: SKU D:\wamp\www\mall\mall\Runtime\Cache\Admin\c3957dbc5583f3fcbaba0c92526a64d6.php 第 66 行.
INFO: Run Behavior\ParseTemplateBehavior [ RunTime:0.010000s ]
INFO: [ view_parse ] --END-- [ RunTime:0.011000s ]
INFO: [ view_filter ] --START--
INFO: Run Behavior\WriteHtmlCacheBehavior [ RunTime:0.000000s ]
INFO: [ view_filter ] --END-- [ RunTime:0.000000s ]
INFO: [ app_end ] --START--
INFO: Run Behavior\ShowPageTraceBehavior [ RunTime:0.000000s ]
INFO: [ app_end ] --END-- [ RunTime:0.000000s ]

[ 2016-06-18T23:35:50+08:00 ] 127.0.0.1 /mall/Admin/Index/index.html
INFO: [ app_init ] --START--
INFO: Run Behavior\BuildLiteBehavior [ RunTime:0.000000s ]
INFO: [ app_init ] --END-- [ RunTime:0.000000s ]
INFO: [ app_begin ] --START--
INFO: Run Behavior\ReadHtmlCacheBehavior [ RunTime:0.000000s ]
INFO: [ app_begin ] --END-- [ RunTime:0.000000s ]
INFO: [ view_parse ] --START--
INFO: [ template_filter ] --START--
INFO: Run Behavior\ContentReplaceBehavior [ RunTime:0.000000s ]
INFO: [ template_filter ] --END-- [ RunTime:0.000000s ]
INFO: Run Behavior\ParseTemplateBehavior [ RunTime:0.010000s ]
INFO: [ view_parse ] --END-- [ RunTime:0.010000s ]
INFO: [ view_filter ] --START--
INFO: Run Behavior\WriteHtmlCacheBehavior [ RunTime:0.001000s ]
INFO: [ view_filter ] --END-- [ RunTime:0.001000s ]
INFO: [ app_end ] --START--
INFO: Run Behavior\ShowPageTraceBehavior [ RunTime:0.001000s ]
INFO: [ app_end ] --END-- [ RunTime:0.001000s ]

[ 2016-06-18T23:35:50+08:00 ] 127.0.0.1 /mall/Admin/Index/main.html
INFO: [ app_init ] --START--
INFO: Run Behavior\BuildLiteBehavior [ RunTime:0.000000s ]
INFO: [ app_init ] --END-- [ RunTime:0.001000s ]
INFO: [ app_begin ] --START--
INFO: Run Behavior\ReadHtmlCacheBehavior [ RunTime:0.000000s ]
INFO: [ app_begin ] --END-- [ RunTime:0.000000s ]
INFO: [ app_end ] --START--
INFO: Run Behavior\ShowPageTraceBehavior [ RunTime:0.000000s ]
INFO: [ app_end ] --END-- [ RunTime:0.001000s ]

[ 2016-06-18T23:35:50+08:00 ] 127.0.0.1 /mall/PUBLIC/Admin/js/plugins/layer/extend/layer.ext.js
INFO: [ app_init ] --START--
INFO: Run Behavior\BuildLiteBehavior [ RunTime:0.000000s ]
INFO: [ app_init ] --END-- [ RunTime:0.001000s ]
INFO: [ app_begin ] --START--
INFO: Run Behavior\ReadHtmlCacheBehavior [ RunTime:0.001000s ]
INFO: [ app_begin ] --END-- [ RunTime:0.001000s ]
ERR: 无法加载控制器:Public

[ 2016-06-18T23:35:52+08:00 ] 127.0.0.1 /mall/Admin/Goods/index.html?v=4.0
INFO: [ app_init ] --START--
INFO: Run Behavior\BuildLiteBehavior [ RunTime:0.000000s ]
INFO: [ app_init ] --END-- [ RunTime:0.000000s ]
INFO: [ app_begin ] --START--
INFO: Run Behavior\ReadHtmlCacheBehavior [ RunTime:0.001000s ]
INFO: [ app_begin ] --END-- [ RunTime:0.001000s ]
SQL: DESCRIBE ts_category [ RunTime:0.004000s ]
SQL: select category_id,category_name,pid,is_nav,status,CONCAT(path,'-',category_id) as depath,path,goods_type_id from ts_category where status=1 order by depath ASC [ RunTime:0.001000s ]
SQL: DESCRIBE ts_brand [ RunTime:0.004000s ]
SQL: SELECT * FROM `ts_brand` ORDER BY sort DESC  [ RunTime:0.001000s ]
SQL: DESCRIBE ts_goods [ RunTime:0.004000s ]
SQL: SELECT `goods_id`,`goods_name`,`goods_price`,`goods_sn`,`is_on_sale`,`is_hot`,`is_well`,`is_first`,`sku` FROM `ts_goods`  [ RunTime:0.001000s ]
INFO: [ view_parse ] --START--
INFO: [ template_filter ] --START--
INFO: Run Behavior\ContentReplaceBehavior [ RunTime:0.000000s ]
INFO: [ template_filter ] --END-- [ RunTime:0.000000s ]
NOTIC: [8] Undefined variable: category_id D:\wamp\www\mall\mall\Runtime\Cache\Admin\3ea905b335e38bad065eef00e80c359f.php 第 53 行.
NOTIC: [8] Undefined variable: category_id D:\wamp\www\mall\mall\Runtime\Cache\Admin\3ea905b335e38bad065eef00e80c359f.php 第 53 行.
NOTIC: [8] Undefined variable: category_id D:\wamp\www\mall\mall\Runtime\Cache\Admin\3ea905b335e38bad065eef00e80c359f.php 第 53 行.
NOTIC: [8] Undefined variable: category_id D:\wamp\www\mall\mall\Runtime\Cache\Admin\3ea905b335e38bad065eef00e80c359f.php 第 53 行.
NOTIC: [8] Undefined variable: category_id D:\wamp\www\mall\mall\Runtime\Cache\Admin\3ea905b335e38bad065eef00e80c359f.php 第 53 行.
NOTIC: [8] Undefined variable: category_id D:\wamp\www\mall\mall\Runtime\Cache\Admin\3ea905b335e38bad065eef00e80c359f.php 第 53 行.
NOTIC: [8] Undefined variable: category_id D:\wamp\www\mall\mall\Runtime\Cache\Admin\3ea905b335e38bad065eef00e80c359f.php 第 53 行.
NOTIC: [8] Undefined variable: category_id D:\wamp\www\mall\mall\Runtime\Cache\Admin\3ea905b335e38bad065eef00e80c359f.php 第 53 行.
NOTIC: [8] Undefined variable: category_id D:\wamp\www\mall\mall\Runtime\Cache\Admin\3ea905b335e38bad065eef00e80c359f.php 第 53 行.
NOTIC: [8] Undefined variable: category_id D:\wamp\www\mall\mall\Runtime\Cache\Admin\3ea905b335e38bad065eef00e80c359f.php 第 53 行.
NOTIC: [8] Undefined variable: category_id D:\wamp\www\mall\mall\Runtime\Cache\Admin\3ea905b335e38bad065eef00e80c359f.php 第 53 行.
NOTIC: [8] Undefined variable: category_id D:\wamp\www\mall\mall\Runtime\Cache\Admin\3ea905b335e38bad065eef00e80c359f.php 第 53 行.
NOTIC: [8] Undefined variable: category_id D:\wamp\www\mall\mall\Runtime\Cache\Admin\3ea905b335e38bad065eef00e80c359f.php 第 53 行.
NOTIC: [8] Undefined variable: category_id D:\wamp\www\mall\mall\Runtime\Cache\Admin\3ea905b335e38bad065eef00e80c359f.php 第 53 行.
NOTIC: [8] Undefined variable: category_id D:\wamp\www\mall\mall\Runtime\Cache\Admin\3ea905b335e38bad065eef00e80c359f.php 第 53 行.
NOTIC: [8] Undefined variable: category_id D:\wamp\www\mall\mall\Runtime\Cache\Admin\3ea905b335e38bad065eef00e80c359f.php 第 53 行.
NOTIC: [8] Undefined variable: category_id D:\wamp\www\mall\mall\Runtime\Cache\Admin\3ea905b335e38bad065eef00e80c359f.php 第 53 行.
NOTIC: [8] Undefined variable: category_id D:\wamp\www\mall\mall\Runtime\Cache\Admin\3ea905b335e38bad065eef00e80c359f.php 第 53 行.
NOTIC: [8] Undefined variable: category_id D:\wamp\www\mall\mall\Runtime\Cache\Admin\3ea905b335e38bad065eef00e80c359f.php 第 53 行.
NOTIC: [8] Undefined variable: category_id D:\wamp\www\mall\mall\Runtime\Cache\Admin\3ea905b335e38bad065eef00e80c359f.php 第 53 行.
NOTIC: [8] Undefined variable: category_id D:\wamp\www\mall\mall\Runtime\Cache\Admin\3ea905b335e38bad065eef00e80c359f.php 第 53 行.
NOTIC: [8] Undefined variable: category_id D:\wamp\www\mall\mall\Runtime\Cache\Admin\3ea905b335e38bad065eef00e80c359f.php 第 53 行.
NOTIC: [8] Undefined variable: category_id D:\wamp\www\mall\mall\Runtime\Cache\Admin\3ea905b335e38bad065eef00e80c359f.php 第 53 行.
NOTIC: [8] Undefined variable: category_id D:\wamp\www\mall\mall\Runtime\Cache\Admin\3ea905b335e38bad065eef00e80c359f.php 第 53 行.
NOTIC: [8] Undefined variable: category_id D:\wamp\www\mall\mall\Runtime\Cache\Admin\3ea905b335e38bad065eef00e80c359f.php 第 53 行.
NOTIC: [8] Undefined variable: category_id D:\wamp\www\mall\mall\Runtime\Cache\Admin\3ea905b335e38bad065eef00e80c359f.php 第 53 行.
NOTIC: [8] Undefined variable: category_id D:\wamp\www\mall\mall\Runtime\Cache\Admin\3ea905b335e38bad065eef00e80c359f.php 第 53 行.
NOTIC: [8] Undefined variable: category_id D:\wamp\www\mall\mall\Runtime\Cache\Admin\3ea905b335e38bad065eef00e80c359f.php 第 53 行.
NOTIC: [8] Undefined variable: category_id D:\wamp\www\mall\mall\Runtime\Cache\Admin\3ea905b335e38bad065eef00e80c359f.php 第 53 行.
NOTIC: [8] Undefined variable: category_id D:\wamp\www\mall\mall\Runtime\Cache\Admin\3ea905b335e38bad065eef00e80c359f.php 第 53 行.
NOTIC: [8] Undefined variable: category_id D:\wamp\www\mall\mall\Runtime\Cache\Admin\3ea905b335e38bad065eef00e80c359f.php 第 53 行.
NOTIC: [8] Undefined variable: category_id D:\wamp\www\mall\mall\Runtime\Cache\Admin\3ea905b335e38bad065eef00e80c359f.php 第 53 行.
NOTIC: [8] Undefined variable: show_brand D:\wamp\www\mall\mall\Runtime\Cache\Admin\3ea905b335e38bad065eef00e80c359f.php 第 64 行.
NOTIC: [8] Undefined variable: show_brand D:\wamp\www\mall\mall\Runtime\Cache\Admin\3ea905b335e38bad065eef00e80c359f.php 第 64 行.
NOTIC: [8] Undefined variable: show_brand D:\wamp\www\mall\mall\Runtime\Cache\Admin\3ea905b335e38bad065eef00e80c359f.php 第 64 行.
NOTIC: [8] Undefined variable: show_brand D:\wamp\www\mall\mall\Runtime\Cache\Admin\3ea905b335e38bad065eef00e80c359f.php 第 64 行.
NOTIC: [8] Undefined variable: show_brand D:\wamp\www\mall\mall\Runtime\Cache\Admin\3ea905b335e38bad065eef00e80c359f.php 第 64 行.
NOTIC: [8] Undefined variable: show_brand D:\wamp\www\mall\mall\Runtime\Cache\Admin\3ea905b335e38bad065eef00e80c359f.php 第 64 行.
NOTIC: [8] Undefined variable: show_brand D:\wamp\www\mall\mall\Runtime\Cache\Admin\3ea905b335e38bad065eef00e80c359f.php 第 64 行.
NOTIC: [8] Undefined variable: promote_type D:\wamp\www\mall\mall\Runtime\Cache\Admin\3ea905b335e38bad065eef00e80c359f.php 第 70 行.
NOTIC: [8] Undefined variable: promote_type D:\wamp\www\mall\mall\Runtime\Cache\Admin\3ea905b335e38bad065eef00e80c359f.php 第 71 行.
NOTIC: [8] Undefined variable: promote_type D:\wamp\www\mall\mall\Runtime\Cache\Admin\3ea905b335e38bad065eef00e80c359f.php 第 72 行.
NOTIC: [8] Undefined variable: is_on_sale D:\wamp\www\mall\mall\Runtime\Cache\Admin\3ea905b335e38bad065eef00e80c359f.php 第 78 行.
NOTIC: [8] Undefined variable: is_on_sale D:\wamp\www\mall\mall\Runtime\Cache\Admin\3ea905b335e38bad065eef00e80c359f.php 第 79 行.
NOTIC: [8] Undefined variable: keywords D:\wamp\www\mall\mall\Runtime\Cache\Admin\3ea905b335e38bad065eef00e80c359f.php 第 85 行.
INFO: Run Behavior\ParseTemplateBehavior [ RunTime:0.022000s ]
INFO: [ view_parse ] --END-- [ RunTime:0.022000s ]
INFO: [ view_filter ] --START--
INFO: Run Behavior\WriteHtmlCacheBehavior [ RunTime:0.000000s ]
INFO: [ view_filter ] --END-- [ RunTime:0.001000s ]
INFO: [ app_end ] --START--
INFO: Run Behavior\ShowPageTraceBehavior [ RunTime:0.000000s ]
INFO: [ app_end ] --END-- [ RunTime:0.001000s ]

[ 2016-06-18T23:35:52+08:00 ] 127.0.0.1 /mall/Admin/Goods/addGoods.html?v=4.0
INFO: [ app_init ] --START--
INFO: Run Behavior\BuildLiteBehavior [ RunTime:0.000000s ]
INFO: [ app_init ] --END-- [ RunTime:0.000000s ]
INFO: [ app_begin ] --START--
INFO: Run Behavior\ReadHtmlCacheBehavior [ RunTime:0.001000s ]
INFO: [ app_begin ] --END-- [ RunTime:0.001000s ]
SQL: DESCRIBE ts_category [ RunTime:0.004000s ]
SQL: select category_id,category_name,pid,is_nav,status,CONCAT(path,'-',category_id) as depath,path,goods_type_id from ts_category where status=1 order by depath ASC [ RunTime:0.000000s ]
SQL: DESCRIBE ts_brand [ RunTime:0.003000s ]
SQL: SELECT * FROM `ts_brand` ORDER BY sort DESC  [ RunTime:0.001000s ]
SQL: DESCRIBE ts_goods_type [ RunTime:0.003000s ]
SQL: SELECT `goods_type_id`,`type_name` FROM `ts_goods_type`  [ RunTime:0.001000s ]
INFO: [ view_parse ] --START--
INFO: [ template_filter ] --START--
INFO: Run Behavior\ContentReplaceBehavior [ RunTime:0.000000s ]
INFO: [ template_filter ] --END-- [ RunTime:0.001000s ]
INFO: Run Behavior\ParseTemplateBehavior [ RunTime:0.017000s ]
INFO: [ view_parse ] --END-- [ RunTime:0.017000s ]
INFO: [ view_filter ] --START--
INFO: Run Behavior\WriteHtmlCacheBehavior [ RunTime:0.001000s ]
INFO: [ view_filter ] --END-- [ RunTime:0.001000s ]
INFO: [ app_end ] --START--
INFO: Run Behavior\ShowPageTraceBehavior [ RunTime:0.001000s ]
INFO: [ app_end ] --END-- [ RunTime:0.001000s ]

[ 2016-06-18T23:35:53+08:00 ] 127.0.0.1 /mall/Admin/Goods/getTypeAttr.html?good_type=
INFO: [ app_init ] --START--
INFO: Run Behavior\BuildLiteBehavior [ RunTime:0.000000s ]
INFO: [ app_init ] --END-- [ RunTime:0.001000s ]
INFO: [ app_begin ] --START--
INFO: Run Behavior\ReadHtmlCacheBehavior [ RunTime:0.000000s ]
INFO: [ app_begin ] --END-- [ RunTime:0.000000s ]
SQL: DESCRIBE ts_category [ RunTime:0.004000s ]
SQL: select category_id,category_name,pid,is_nav,status,CONCAT(path,'-',category_id) as depath,path,goods_type_id from ts_category where status=1 order by depath ASC [ RunTime:0.001000s ]
SQL: DESCRIBE ts_brand [ RunTime:0.003000s ]
SQL: SELECT * FROM `ts_brand` ORDER BY sort DESC  [ RunTime:0.001000s ]
SQL: DESCRIBE ts_goods_attr [ RunTime:0.003000s ]
SQL: SELECT * FROM `ts_goods_attr` WHERE ( `goods_type_id` = 0 ) ORDER BY sort DESC  [ RunTime:0.000000s ]

[ 2016-06-18T23:35:53+08:00 ] 127.0.0.1 /mall/Admin/Goods/
INFO: [ app_init ] --START--
INFO: Run Behavior\BuildLiteBehavior [ RunTime:0.000000s ]
INFO: [ app_init ] --END-- [ RunTime:0.000000s ]
INFO: [ app_begin ] --START--
INFO: Run Behavior\ReadHtmlCacheBehavior [ RunTime:0.000000s ]
INFO: [ app_begin ] --END-- [ RunTime:0.001000s ]
SQL: DESCRIBE ts_category [ RunTime:0.004000s ]
SQL: select category_id,category_name,pid,is_nav,status,CONCAT(path,'-',category_id) as depath,path,goods_type_id from ts_category where status=1 order by depath ASC [ RunTime:0.001000s ]
SQL: DESCRIBE ts_brand [ RunTime:0.004000s ]
SQL: SELECT * FROM `ts_brand` ORDER BY sort DESC  [ RunTime:0.001000s ]
SQL: DESCRIBE ts_goods [ RunTime:0.004000s ]
SQL: SELECT `goods_id`,`goods_name`,`goods_price`,`goods_sn`,`is_on_sale`,`is_hot`,`is_well`,`is_first`,`sku` FROM `ts_goods`  [ RunTime:0.001000s ]
INFO: [ view_parse ] --START--
INFO: [ template_filter ] --START--
INFO: Run Behavior\ContentReplaceBehavior [ RunTime:0.001000s ]
INFO: [ template_filter ] --END-- [ RunTime:0.001000s ]
NOTIC: [8] Undefined variable: category_id D:\wamp\www\mall\mall\Runtime\Cache\Admin\3ea905b335e38bad065eef00e80c359f.php 第 53 行.
NOTIC: [8] Undefined variable: category_id D:\wamp\www\mall\mall\Runtime\Cache\Admin\3ea905b335e38bad065eef00e80c359f.php 第 53 行.
NOTIC: [8] Undefined variable: category_id D:\wamp\www\mall\mall\Runtime\Cache\Admin\3ea905b335e38bad065eef00e80c359f.php 第 53 行.
NOTIC: [8] Undefined variable: category_id D:\wamp\www\mall\mall\Runtime\Cache\Admin\3ea905b335e38bad065eef00e80c359f.php 第 53 行.
NOTIC: [8] Undefined variable: category_id D:\wamp\www\mall\mall\Runtime\Cache\Admin\3ea905b335e38bad065eef00e80c359f.php 第 53 行.
NOTIC: [8] Undefined variable: category_id D:\wamp\www\mall\mall\Runtime\Cache\Admin\3ea905b335e38bad065eef00e80c359f.php 第 53 行.
NOTIC: [8] Undefined variable: category_id D:\wamp\www\mall\mall\Runtime\Cache\Admin\3ea905b335e38bad065eef00e80c359f.php 第 53 行.
NOTIC: [8] Undefined variable: category_id D:\wamp\www\mall\mall\Runtime\Cache\Admin\3ea905b335e38bad065eef00e80c359f.php 第 53 行.
NOTIC: [8] Undefined variable: category_id D:\wamp\www\mall\mall\Runtime\Cache\Admin\3ea905b335e38bad065eef00e80c359f.php 第 53 行.
NOTIC: [8] Undefined variable: category_id D:\wamp\www\mall\mall\Runtime\Cache\Admin\3ea905b335e38bad065eef00e80c359f.php 第 53 行.
NOTIC: [8] Undefined variable: category_id D:\wamp\www\mall\mall\Runtime\Cache\Admin\3ea905b335e38bad065eef00e80c359f.php 第 53 行.
NOTIC: [8] Undefined variable: category_id D:\wamp\www\mall\mall\Runtime\Cache\Admin\3ea905b335e38bad065eef00e80c359f.php 第 53 行.
NOTIC: [8] Undefined variable: category_id D:\wamp\www\mall\mall\Runtime\Cache\Admin\3ea905b335e38bad065eef00e80c359f.php 第 53 行.
NOTIC: [8] Undefined variable: category_id D:\wamp\www\mall\mall\Runtime\Cache\Admin\3ea905b335e38bad065eef00e80c359f.php 第 53 行.
NOTIC: [8] Undefined variable: category_id D:\wamp\www\mall\mall\Runtime\Cache\Admin\3ea905b335e38bad065eef00e80c359f.php 第 53 行.
NOTIC: [8] Undefined variable: category_id D:\wamp\www\mall\mall\Runtime\Cache\Admin\3ea905b335e38bad065eef00e80c359f.php 第 53 行.
NOTIC: [8] Undefined variable: category_id D:\wamp\www\mall\mall\Runtime\Cache\Admin\3ea905b335e38bad065eef00e80c359f.php 第 53 行.
NOTIC: [8] Undefined variable: category_id D:\wamp\www\mall\mall\Runtime\Cache\Admin\3ea905b335e38bad065eef00e80c359f.php 第 53 行.
NOTIC: [8] Undefined variable: category_id D:\wamp\www\mall\mall\Runtime\Cache\Admin\3ea905b335e38bad065eef00e80c359f.php 第 53 行.
NOTIC: [8] Undefined variable: category_id D:\wamp\www\mall\mall\Runtime\Cache\Admin\3ea905b335e38bad065eef00e80c359f.php 第 53 行.
NOTIC: [8] Undefined variable: category_id D:\wamp\www\mall\mall\Runtime\Cache\Admin\3ea905b335e38bad065eef00e80c359f.php 第 53 行.
NOTIC: [8] Undefined variable: category_id D:\wamp\www\mall\mall\Runtime\Cache\Admin\3ea905b335e38bad065eef00e80c359f.php 第 53 行.
NOTIC: [8] Undefined variable: category_id D:\wamp\www\mall\mall\Runtime\Cache\Admin\3ea905b335e38bad065eef00e80c359f.php 第 53 行.
NOTIC: [8] Undefined variable: category_id D:\wamp\www\mall\mall\Runtime\Cache\Admin\3ea905b335e38bad065eef00e80c359f.php 第 53 行.
NOTIC: [8] Undefined variable: category_id D:\wamp\www\mall\mall\Runtime\Cache\Admin\3ea905b335e38bad065eef00e80c359f.php 第 53 行.
NOTIC: [8] Undefined variable: category_id D:\wamp\www\mall\mall\Runtime\Cache\Admin\3ea905b335e38bad065eef00e80c359f.php 第 53 行.
NOTIC: [8] Undefined variable: category_id D:\wamp\www\mall\mall\Runtime\Cache\Admin\3ea905b335e38bad065eef00e80c359f.php 第 53 行.
NOTIC: [8] Undefined variable: category_id D:\wamp\www\mall\mall\Runtime\Cache\Admin\3ea905b335e38bad065eef00e80c359f.php 第 53 行.
NOTIC: [8] Undefined variable: category_id D:\wamp\www\mall\mall\Runtime\Cache\Admin\3ea905b335e38bad065eef00e80c359f.php 第 53 行.
NOTIC: [8] Undefined variable: category_id D:\wamp\www\mall\mall\Runtime\Cache\Admin\3ea905b335e38bad065eef00e80c359f.php 第 53 行.
NOTIC: [8] Undefined variable: category_id D:\wamp\www\mall\mall\Runtime\Cache\Admin\3ea905b335e38bad065eef00e80c359f.php 第 53 行.
NOTIC: [8] Undefined variable: category_id D:\wamp\www\mall\mall\Runtime\Cache\Admin\3ea905b335e38bad065eef00e80c359f.php 第 53 行.
NOTIC: [8] Undefined variable: show_brand D:\wamp\www\mall\mall\Runtime\Cache\Admin\3ea905b335e38bad065eef00e80c359f.php 第 64 行.
NOTIC: [8] Undefined variable: show_brand D:\wamp\www\mall\mall\Runtime\Cache\Admin\3ea905b335e38bad065eef00e80c359f.php 第 64 行.
NOTIC: [8] Undefined variable: show_brand D:\wamp\www\mall\mall\Runtime\Cache\Admin\3ea905b335e38bad065eef00e80c359f.php 第 64 行.
NOTIC: [8] Undefined variable: show_brand D:\wamp\www\mall\mall\Runtime\Cache\Admin\3ea905b335e38bad065eef00e80c359f.php 第 64 行.
NOTIC: [8] Undefined variable: show_brand D:\wamp\www\mall\mall\Runtime\Cache\Admin\3ea905b335e38bad065eef00e80c359f.php 第 64 行.
NOTIC: [8] Undefined variable: show_brand D:\wamp\www\mall\mall\Runtime\Cache\Admin\3ea905b335e38bad065eef00e80c359f.php 第 64 行.
NOTIC: [8] Undefined variable: show_brand D:\wamp\www\mall\mall\Runtime\Cache\Admin\3ea905b335e38bad065eef00e80c359f.php 第 64 行.
NOTIC: [8] Undefined variable: promote_type D:\wamp\www\mall\mall\Runtime\Cache\Admin\3ea905b335e38bad065eef00e80c359f.php 第 70 行.
NOTIC: [8] Undefined variable: promote_type D:\wamp\www\mall\mall\Runtime\Cache\Admin\3ea905b335e38bad065eef00e80c359f.php 第 71 行.
NOTIC: [8] Undefined variable: promote_type D:\wamp\www\mall\mall\Runtime\Cache\Admin\3ea905b335e38bad065eef00e80c359f.php 第 72 行.
NOTIC: [8] Undefined variable: is_on_sale D:\wamp\www\mall\mall\Runtime\Cache\Admin\3ea905b335e38bad065eef00e80c359f.php 第 78 行.
NOTIC: [8] Undefined variable: is_on_sale D:\wamp\www\mall\mall\Runtime\Cache\Admin\3ea905b335e38bad065eef00e80c359f.php 第 79 行.
NOTIC: [8] Undefined variable: keywords D:\wamp\www\mall\mall\Runtime\Cache\Admin\3ea905b335e38bad065eef00e80c359f.php 第 85 行.
INFO: Run Behavior\ParseTemplateBehavior [ RunTime:0.028000s ]
INFO: [ view_parse ] --END-- [ RunTime:0.028000s ]
INFO: [ view_filter ] --START--
INFO: Run Behavior\WriteHtmlCacheBehavior [ RunTime:0.001000s ]
INFO: [ view_filter ] --END-- [ RunTime:0.001000s ]
INFO: [ app_end ] --START--
INFO: Run Behavior\ShowPageTraceBehavior [ RunTime:0.000000s ]
INFO: [ app_end ] --END-- [ RunTime:0.001000s ]

[ 2016-06-18T23:35:53+08:00 ] 127.0.0.1 /mall/Admin/GoodType/index.html?v=4.0
INFO: [ app_init ] --START--
INFO: Run Behavior\BuildLiteBehavior [ RunTime:0.000000s ]
INFO: [ app_init ] --END-- [ RunTime:0.000000s ]
INFO: [ app_begin ] --START--
INFO: Run Behavior\ReadHtmlCacheBehavior [ RunTime:0.000000s ]
INFO: [ app_begin ] --END-- [ RunTime:0.000000s ]
SQL: DESCRIBE ts_goods_type [ RunTime:0.004000s ]
SQL: SELECT COUNT(*) AS tp_count FROM `ts_goods_type` LIMIT 1   [ RunTime:0.000000s ]
NOTIC: [8] Use of undefined constant PAGE_SIZE - assumed 'PAGE_SIZE' D:\wamp\www\mall\mall\Admin\Controller\GoodTypeController.class.php 第 10 行.
NOTIC: [8] Use of undefined constant PAGE_SIZE - assumed 'PAGE_SIZE' D:\wamp\www\mall\mall\Admin\Controller\GoodTypeController.class.php 第 13 行.
NOTIC: [8] Use of undefined constant PAGE_SIZE - assumed 'PAGE_SIZE' D:\wamp\www\mall\mall\Admin\Controller\GoodTypeController.class.php 第 17 行.
SQL: SELECT `goods_type_id`,`type_name` FROM `ts_goods_type` LIMIT 0,10   [ RunTime:0.000000s ]
INFO: [ view_parse ] --START--
INFO: [ template_filter ] --START--
INFO: Run Behavior\ContentReplaceBehavior [ RunTime:0.000000s ]
INFO: [ template_filter ] --END-- [ RunTime:0.001000s ]
INFO: Run Behavior\ParseTemplateBehavior [ RunTime:0.013000s ]
INFO: [ view_parse ] --END-- [ RunTime:0.013000s ]
INFO: [ view_filter ] --START--
INFO: Run Behavior\WriteHtmlCacheBehavior [ RunTime:0.001000s ]
INFO: [ view_filter ] --END-- [ RunTime:0.001000s ]
INFO: [ app_end ] --START--
INFO: Run Behavior\ShowPageTraceBehavior [ RunTime:0.001000s ]
INFO: [ app_end ] --END-- [ RunTime:0.001000s ]

[ 2016-06-18T23:35:54+08:00 ] 127.0.0.1 /mall/Admin/Brand/index.html?v=4.0
INFO: [ app_init ] --START--
INFO: Run Behavior\BuildLiteBehavior [ RunTime:0.000000s ]
INFO: [ app_init ] --END-- [ RunTime:0.001000s ]
INFO: [ app_begin ] --START--
INFO: Run Behavior\ReadHtmlCacheBehavior [ RunTime:0.000000s ]
INFO: [ app_begin ] --END-- [ RunTime:0.000000s ]
SQL: DESCRIBE ts_brand [ RunTime:0.004000s ]
SQL: SELECT * FROM `ts_brand` ORDER BY sort DESC  [ RunTime:0.000000s ]
INFO: [ view_parse ] --START--
INFO: [ template_filter ] --START--
INFO: Run Behavior\ContentReplaceBehavior [ RunTime:0.000000s ]
INFO: [ template_filter ] --END-- [ RunTime:0.000000s ]
INFO: Run Behavior\ParseTemplateBehavior [ RunTime:0.014000s ]
INFO: [ view_parse ] --END-- [ RunTime:0.014000s ]
INFO: [ view_filter ] --START--
INFO: Run Behavior\WriteHtmlCacheBehavior [ RunTime:0.000000s ]
INFO: [ view_filter ] --END-- [ RunTime:0.001000s ]
INFO: [ app_end ] --START--
INFO: Run Behavior\ShowPageTraceBehavior [ RunTime:0.001000s ]
INFO: [ app_end ] --END-- [ RunTime:0.001000s ]

[ 2016-06-18T23:35:57+08:00 ] 127.0.0.1 /mall/Admin/Category/index.html?v=4.0
INFO: [ app_init ] --START--
INFO: Run Behavior\BuildLiteBehavior [ RunTime:0.000000s ]
INFO: [ app_init ] --END-- [ RunTime:0.000000s ]
INFO: [ app_begin ] --START--
INFO: Run Behavior\ReadHtmlCacheBehavior [ RunTime:0.001000s ]
INFO: [ app_begin ] --END-- [ RunTime:0.001000s ]
SQL: DESCRIBE ts_goods_type [ RunTime:0.003000s ]
SQL: DESCRIBE ts_category [ RunTime:0.003000s ]
NOTIC: [2] Missing argument 1 for Admin\Model\CategoryModel::showCategory(), called in D:\wamp\www\mall\mall\Admin\Controller\CategoryController.class.php on line 15 and defined D:\wamp\www\mall\mall\Admin\Model\CategoryModel.class.php 第 37 行.
NOTIC: [8] Undefined variable: where D:\wamp\www\mall\mall\Admin\Model\CategoryModel.class.php 第 38 行.
SQL: select category_id,category_name,pid,is_nav,status,CONCAT(path,'-',category_id) as depath,path,goods_type_id from ts_category order by depath ASC [ RunTime:0.000000s ]
SQL: SELECT `goods_type_id`,`type_name` FROM `ts_goods_type`  [ RunTime:0.000000s ]
NOTIC: [2] Missing argument 1 for Admin\Model\CategoryModel::showCategory(), called in D:\wamp\www\mall\mall\Admin\Controller\CategoryController.class.php on line 18 and defined D:\wamp\www\mall\mall\Admin\Model\CategoryModel.class.php 第 37 行.
NOTIC: [8] Undefined variable: where D:\wamp\www\mall\mall\Admin\Model\CategoryModel.class.php 第 38 行.
SQL: select category_id,category_name,pid,is_nav,status,CONCAT(path,'-',category_id) as depath,path,goods_type_id from ts_category order by depath ASC [ RunTime:0.000000s ]
INFO: [ view_parse ] --START--
INFO: [ template_filter ] --START--
INFO: Run Behavior\ContentReplaceBehavior [ RunTime:0.000000s ]
INFO: [ template_filter ] --END-- [ RunTime:0.000000s ]
NOTIC: [8] Undefined index: cid D:\wamp\www\mall\mall\Runtime\Cache\Admin\2c26c34f23ab388c6123fa857a771ef6.php 第 47 行.
NOTIC: [8] Undefined index: cid D:\wamp\www\mall\mall\Runtime\Cache\Admin\2c26c34f23ab388c6123fa857a771ef6.php 第 47 行.
NOTIC: [8] Undefined index: cid D:\wamp\www\mall\mall\Runtime\Cache\Admin\2c26c34f23ab388c6123fa857a771ef6.php 第 47 行.
NOTIC: [8] Undefined index: cid D:\wamp\www\mall\mall\Runtime\Cache\Admin\2c26c34f23ab388c6123fa857a771ef6.php 第 47 行.
NOTIC: [8] Undefined index: cid D:\wamp\www\mall\mall\Runtime\Cache\Admin\2c26c34f23ab388c6123fa857a771ef6.php 第 47 行.
NOTIC: [8] Undefined index: cid D:\wamp\www\mall\mall\Runtime\Cache\Admin\2c26c34f23ab388c6123fa857a771ef6.php 第 47 行.
NOTIC: [8] Undefined index: cid D:\wamp\www\mall\mall\Runtime\Cache\Admin\2c26c34f23ab388c6123fa857a771ef6.php 第 47 行.
NOTIC: [8] Undefined index: cid D:\wamp\www\mall\mall\Runtime\Cache\Admin\2c26c34f23ab388c6123fa857a771ef6.php 第 47 行.
NOTIC: [8] Undefined index: cid D:\wamp\www\mall\mall\Runtime\Cache\Admin\2c26c34f23ab388c6123fa857a771ef6.php 第 47 行.
NOTIC: [8] Undefined index: cid D:\wamp\www\mall\mall\Runtime\Cache\Admin\2c26c34f23ab388c6123fa857a771ef6.php 第 47 行.
NOTIC: [8] Undefined index: cid D:\wamp\www\mall\mall\Runtime\Cache\Admin\2c26c34f23ab388c6123fa857a771ef6.php 第 47 行.
NOTIC: [8] Undefined index: cid D:\wamp\www\mall\mall\Runtime\Cache\Admin\2c26c34f23ab388c6123fa857a771ef6.php 第 47 行.
NOTIC: [8] Undefined index: cid D:\wamp\www\mall\mall\Runtime\Cache\Admin\2c26c34f23ab388c6123fa857a771ef6.php 第 47 行.
NOTIC: [8] Undefined index: cid D:\wamp\www\mall\mall\Runtime\Cache\Admin\2c26c34f23ab388c6123fa857a771ef6.php 第 47 行.
NOTIC: [8] Undefined index: cid D:\wamp\www\mall\mall\Runtime\Cache\Admin\2c26c34f23ab388c6123fa857a771ef6.php 第 47 行.
NOTIC: [8] Undefined index: cid D:\wamp\www\mall\mall\Runtime\Cache\Admin\2c26c34f23ab388c6123fa857a771ef6.php 第 47 行.
NOTIC: [8] Undefined index: cid D:\wamp\www\mall\mall\Runtime\Cache\Admin\2c26c34f23ab388c6123fa857a771ef6.php 第 47 行.
NOTIC: [8] Undefined index: cid D:\wamp\www\mall\mall\Runtime\Cache\Admin\2c26c34f23ab388c6123fa857a771ef6.php 第 47 行.
NOTIC: [8] Undefined index: cid D:\wamp\www\mall\mall\Runtime\Cache\Admin\2c26c34f23ab388c6123fa857a771ef6.php 第 47 行.
NOTIC: [8] Undefined index: cid D:\wamp\www\mall\mall\Runtime\Cache\Admin\2c26c34f23ab388c6123fa857a771ef6.php 第 47 行.
NOTIC: [8] Undefined index: cid D:\wamp\www\mall\mall\Runtime\Cache\Admin\2c26c34f23ab388c6123fa857a771ef6.php 第 47 行.
NOTIC: [8] Undefined index: cid D:\wamp\www\mall\mall\Runtime\Cache\Admin\2c26c34f23ab388c6123fa857a771ef6.php 第 47 行.
NOTIC: [8] Undefined index: cid D:\wamp\www\mall\mall\Runtime\Cache\Admin\2c26c34f23ab388c6123fa857a771ef6.php 第 47 行.
NOTIC: [8] Undefined index: cid D:\wamp\www\mall\mall\Runtime\Cache\Admin\2c26c34f23ab388c6123fa857a771ef6.php 第 47 行.
NOTIC: [8] Undefined index: cid D:\wamp\www\mall\mall\Runtime\Cache\Admin\2c26c34f23ab388c6123fa857a771ef6.php 第 47 行.
NOTIC: [8] Undefined index: cid D:\wamp\www\mall\mall\Runtime\Cache\Admin\2c26c34f23ab388c6123fa857a771ef6.php 第 47 行.
NOTIC: [8] Undefined index: cid D:\wamp\www\mall\mall\Runtime\Cache\Admin\2c26c34f23ab388c6123fa857a771ef6.php 第 47 行.
NOTIC: [8] Undefined index: cid D:\wamp\www\mall\mall\Runtime\Cache\Admin\2c26c34f23ab388c6123fa857a771ef6.php 第 47 行.
NOTIC: [8] Undefined index: cid D:\wamp\www\mall\mall\Runtime\Cache\Admin\2c26c34f23ab388c6123fa857a771ef6.php 第 47 行.
NOTIC: [8] Undefined index: cid D:\wamp\www\mall\mall\Runtime\Cache\Admin\2c26c34f23ab388c6123fa857a771ef6.php 第 47 行.
INFO: Run Behavior\ParseTemplateBehavior [ RunTime:0.022000s ]
INFO: [ view_parse ] --END-- [ RunTime:0.022000s ]
INFO: [ view_filter ] --START--
INFO: Run Behavior\WriteHtmlCacheBehavior [ RunTime:0.001000s ]
INFO: [ view_filter ] --END-- [ RunTime:0.001000s ]
INFO: [ app_end ] --START--
INFO: Run Behavior\ShowPageTraceBehavior [ RunTime:0.001000s ]
INFO: [ app_end ] --END-- [ RunTime:0.001000s ]

[ 2016-06-18T23:35:58+08:00 ] 127.0.0.1 /mall/Admin/Goods/
INFO: [ app_init ] --START--
INFO: Run Behavior\BuildLiteBehavior [ RunTime:0.000000s ]
INFO: [ app_init ] --END-- [ RunTime:0.001000s ]
INFO: [ app_begin ] --START--
INFO: Run Behavior\ReadHtmlCacheBehavior [ RunTime:0.000000s ]
INFO: [ app_begin ] --END-- [ RunTime:0.000000s ]
SQL: DESCRIBE ts_category [ RunTime:0.004000s ]
SQL: select category_id,category_name,pid,is_nav,status,CONCAT(path,'-',category_id) as depath,path,goods_type_id from ts_category where status=1 order by depath ASC [ RunTime:0.000000s ]
SQL: DESCRIBE ts_brand [ RunTime:0.003000s ]
SQL: SELECT * FROM `ts_brand` ORDER BY sort DESC  [ RunTime:0.000000s ]
SQL: DESCRIBE ts_goods [ RunTime:0.004000s ]
SQL: SELECT `goods_id`,`goods_name`,`goods_price`,`goods_sn`,`is_on_sale`,`is_hot`,`is_well`,`is_first`,`sku` FROM `ts_goods`  [ RunTime:0.000000s ]
INFO: [ view_parse ] --START--
INFO: [ template_filter ] --START--
INFO: Run Behavior\ContentReplaceBehavior [ RunTime:0.000000s ]
INFO: [ template_filter ] --END-- [ RunTime:0.000000s ]
NOTIC: [8] Undefined variable: category_id D:\wamp\www\mall\mall\Runtime\Cache\Admin\3ea905b335e38bad065eef00e80c359f.php 第 53 行.
NOTIC: [8] Undefined variable: category_id D:\wamp\www\mall\mall\Runtime\Cache\Admin\3ea905b335e38bad065eef00e80c359f.php 第 53 行.
NOTIC: [8] Undefined variable: category_id D:\wamp\www\mall\mall\Runtime\Cache\Admin\3ea905b335e38bad065eef00e80c359f.php 第 53 行.
NOTIC: [8] Undefined variable: category_id D:\wamp\www\mall\mall\Runtime\Cache\Admin\3ea905b335e38bad065eef00e80c359f.php 第 53 行.
NOTIC: [8] Undefined variable: category_id D:\wamp\www\mall\mall\Runtime\Cache\Admin\3ea905b335e38bad065eef00e80c359f.php 第 53 行.
NOTIC: [8] Undefined variable: category_id D:\wamp\www\mall\mall\Runtime\Cache\Admin\3ea905b335e38bad065eef00e80c359f.php 第 53 行.
NOTIC: [8] Undefined variable: category_id D:\wamp\www\mall\mall\Runtime\Cache\Admin\3ea905b335e38bad065eef00e80c359f.php 第 53 行.
NOTIC: [8] Undefined variable: category_id D:\wamp\www\mall\mall\Runtime\Cache\Admin\3ea905b335e38bad065eef00e80c359f.php 第 53 行.
NOTIC: [8] Undefined variable: category_id D:\wamp\www\mall\mall\Runtime\Cache\Admin\3ea905b335e38bad065eef00e80c359f.php 第 53 行.
NOTIC: [8] Undefined variable: category_id D:\wamp\www\mall\mall\Runtime\Cache\Admin\3ea905b335e38bad065eef00e80c359f.php 第 53 行.
NOTIC: [8] Undefined variable: category_id D:\wamp\www\mall\mall\Runtime\Cache\Admin\3ea905b335e38bad065eef00e80c359f.php 第 53 行.
NOTIC: [8] Undefined variable: category_id D:\wamp\www\mall\mall\Runtime\Cache\Admin\3ea905b335e38bad065eef00e80c359f.php 第 53 行.
NOTIC: [8] Undefined variable: category_id D:\wamp\www\mall\mall\Runtime\Cache\Admin\3ea905b335e38bad065eef00e80c359f.php 第 53 行.
NOTIC: [8] Undefined variable: category_id D:\wamp\www\mall\mall\Runtime\Cache\Admin\3ea905b335e38bad065eef00e80c359f.php 第 53 行.
NOTIC: [8] Undefined variable: category_id D:\wamp\www\mall\mall\Runtime\Cache\Admin\3ea905b335e38bad065eef00e80c359f.php 第 53 行.
NOTIC: [8] Undefined variable: category_id D:\wamp\www\mall\mall\Runtime\Cache\Admin\3ea905b335e38bad065eef00e80c359f.php 第 53 行.
NOTIC: [8] Undefined variable: category_id D:\wamp\www\mall\mall\Runtime\Cache\Admin\3ea905b335e38bad065eef00e80c359f.php 第 53 行.
NOTIC: [8] Undefined variable: category_id D:\wamp\www\mall\mall\Runtime\Cache\Admin\3ea905b335e38bad065eef00e80c359f.php 第 53 行.
NOTIC: [8] Undefined variable: category_id D:\wamp\www\mall\mall\Runtime\Cache\Admin\3ea905b335e38bad065eef00e80c359f.php 第 53 行.
NOTIC: [8] Undefined variable: category_id D:\wamp\www\mall\mall\Runtime\Cache\Admin\3ea905b335e38bad065eef00e80c359f.php 第 53 行.
NOTIC: [8] Undefined variable: category_id D:\wamp\www\mall\mall\Runtime\Cache\Admin\3ea905b335e38bad065eef00e80c359f.php 第 53 行.
NOTIC: [8] Undefined variable: category_id D:\wamp\www\mall\mall\Runtime\Cache\Admin\3ea905b335e38bad065eef00e80c359f.php 第 53 行.
NOTIC: [8] Undefined variable: category_id D:\wamp\www\mall\mall\Runtime\Cache\Admin\3ea905b335e38bad065eef00e80c359f.php 第 53 行.
NOTIC: [8] Undefined variable: category_id D:\wamp\www\mall\mall\Runtime\Cache\Admin\3ea905b335e38bad065eef00e80c359f.php 第 53 行.
NOTIC: [8] Undefined variable: category_id D:\wamp\www\mall\mall\Runtime\Cache\Admin\3ea905b335e38bad065eef00e80c359f.php 第 53 行.
NOTIC: [8] Undefined variable: category_id D:\wamp\www\mall\mall\Runtime\Cache\Admin\3ea905b335e38bad065eef00e80c359f.php 第 53 行.
NOTIC: [8] Undefined variable: category_id D:\wamp\www\mall\mall\Runtime\Cache\Admin\3ea905b335e38bad065eef00e80c359f.php 第 53 行.
NOTIC: [8] Undefined variable: category_id D:\wamp\www\mall\mall\Runtime\Cache\Admin\3ea905b335e38bad065eef00e80c359f.php 第 53 行.
NOTIC: [8] Undefined variable: category_id D:\wamp\www\mall\mall\Runtime\Cache\Admin\3ea905b335e38bad065eef00e80c359f.php 第 53 行.
NOTIC: [8] Undefined variable: category_id D:\wamp\www\mall\mall\Runtime\Cache\Admin\3ea905b335e38bad065eef00e80c359f.php 第 53 行.
NOTIC: [8] Undefined variable: category_id D:\wamp\www\mall\mall\Runtime\Cache\Admin\3ea905b335e38bad065eef00e80c359f.php 第 53 行.
NOTIC: [8] Undefined variable: category_id D:\wamp\www\mall\mall\Runtime\Cache\Admin\3ea905b335e38bad065eef00e80c359f.php 第 53 行.
NOTIC: [8] Undefined variable: show_brand D:\wamp\www\mall\mall\Runtime\Cache\Admin\3ea905b335e38bad065eef00e80c359f.php 第 64 行.
NOTIC: [8] Undefined variable: show_brand D:\wamp\www\mall\mall\Runtime\Cache\Admin\3ea905b335e38bad065eef00e80c359f.php 第 64 行.
NOTIC: [8] Undefined variable: show_brand D:\wamp\www\mall\mall\Runtime\Cache\Admin\3ea905b335e38bad065eef00e80c359f.php 第 64 行.
NOTIC: [8] Undefined variable: show_brand D:\wamp\www\mall\mall\Runtime\Cache\Admin\3ea905b335e38bad065eef00e80c359f.php 第 64 行.
NOTIC: [8] Undefined variable: show_brand D:\wamp\www\mall\mall\Runtime\Cache\Admin\3ea905b335e38bad065eef00e80c359f.php 第 64 行.
NOTIC: [8] Undefined variable: show_brand D:\wamp\www\mall\mall\Runtime\Cache\Admin\3ea905b335e38bad065eef00e80c359f.php 第 64 行.
NOTIC: [8] Undefined variable: show_brand D:\wamp\www\mall\mall\Runtime\Cache\Admin\3ea905b335e38bad065eef00e80c359f.php 第 64 行.
NOTIC: [8] Undefined variable: promote_type D:\wamp\www\mall\mall\Runtime\Cache\Admin\3ea905b335e38bad065eef00e80c359f.php 第 70 行.
NOTIC: [8] Undefined variable: promote_type D:\wamp\www\mall\mall\Runtime\Cache\Admin\3ea905b335e38bad065eef00e80c359f.php 第 71 行.
NOTIC: [8] Undefined variable: promote_type D:\wamp\www\mall\mall\Runtime\Cache\Admin\3ea905b335e38bad065eef00e80c359f.php 第 72 行.
NOTIC: [8] Undefined variable: is_on_sale D:\wamp\www\mall\mall\Runtime\Cache\Admin\3ea905b335e38bad065eef00e80c359f.php 第 78 行.
NOTIC: [8] Undefined variable: is_on_sale D:\wamp\www\mall\mall\Runtime\Cache\Admin\3ea905b335e38bad065eef00e80c359f.php 第 79 行.
NOTIC: [8] Undefined variable: keywords D:\wamp\www\mall\mall\Runtime\Cache\Admin\3ea905b335e38bad065eef00e80c359f.php 第 85 行.
INFO: Run Behavior\ParseTemplateBehavior [ RunTime:0.021000s ]
INFO: [ view_parse ] --END-- [ RunTime:0.021000s ]
INFO: [ view_filter ] --START--
INFO: Run Behavior\WriteHtmlCacheBehavior [ RunTime:0.001000s ]
INFO: [ view_filter ] --END-- [ RunTime:0.001000s ]
INFO: [ app_end ] --START--
INFO: Run Behavior\ShowPageTraceBehavior [ RunTime:0.001000s ]
INFO: [ app_end ] --END-- [ RunTime:0.001000s ]

[ 2016-06-18T23:37:02+08:00 ] 127.0.0.1 /mall/Admin/Goods/goodsProduct/id/71
INFO: [ app_init ] --START--
INFO: Run Behavior\BuildLiteBehavior [ RunTime:0.000000s ]
INFO: [ app_init ] --END-- [ RunTime:0.000000s ]
INFO: [ app_begin ] --START--
INFO: Run Behavior\ReadHtmlCacheBehavior [ RunTime:0.001000s ]
INFO: [ app_begin ] --END-- [ RunTime:0.001000s ]
SQL: DESCRIBE ts_category [ RunTime:0.004000s ]
SQL: select category_id,category_name,pid,is_nav,status,CONCAT(path,'-',category_id) as depath,path,goods_type_id from ts_category where status=1 order by depath ASC [ RunTime:0.000000s ]
SQL: DESCRIBE ts_brand [ RunTime:0.003000s ]
SQL: SELECT * FROM `ts_brand` ORDER BY sort DESC  [ RunTime:0.001000s ]
SQL: DESCRIBE ts_goods [ RunTime:0.004000s ]
SQL: SELECT * FROM `ts_goods` WHERE ( `goods_id` = 71 ) LIMIT 1   [ RunTime:0.000000s ]
SQL: DESCRIBE ts_product [ RunTime:0.004000s ]
SQL: SELECT * FROM `ts_product` WHERE ( `good_id` = 71 )  [ RunTime:0.000000s ]
SQL: select attr_name,attr_value from ts_goods_attr_list as GAL JOIN  ts_goods_attr as GA  ON GAL.goods_attr_id=GA.goods_attr_id where attr_list_id in (134,135,136,137) [ RunTime:0.000000s ]
SQL: select attr_name,attr_value from ts_goods_attr_list as GAL JOIN  ts_goods_attr as GA  ON GAL.goods_attr_id=GA.goods_attr_id where attr_list_id in (138,139,136) [ RunTime:0.000000s ]
SQL: DESCRIBE ts_goods_attr [ RunTime:0.004000s ]
SQL: SELECT * FROM `ts_goods_attr` WHERE ( `attr_type` = 1 ) AND ( `goods_type_id` = 23 ) ORDER BY sort DESC  [ RunTime:0.000000s ]
INFO: [ view_parse ] --START--
INFO: [ template_filter ] --START--
INFO: Run Behavior\ContentReplaceBehavior [ RunTime:0.000000s ]
INFO: [ template_filter ] --END-- [ RunTime:0.000000s ]
NOTIC: [8] Undefined index: SKU D:\wamp\www\mall\mall\Runtime\Cache\Admin\c3957dbc5583f3fcbaba0c92526a64d6.php 第 66 行.
NOTIC: [8] Undefined index: SKU D:\wamp\www\mall\mall\Runtime\Cache\Admin\c3957dbc5583f3fcbaba0c92526a64d6.php 第 66 行.
INFO: Run Behavior\ParseTemplateBehavior [ RunTime:0.010000s ]
INFO: [ view_parse ] --END-- [ RunTime:0.011000s ]
INFO: [ view_filter ] --START--
INFO: Run Behavior\WriteHtmlCacheBehavior [ RunTime:0.000000s ]
INFO: [ view_filter ] --END-- [ RunTime:0.000000s ]
INFO: [ app_end ] --START--
INFO: Run Behavior\ShowPageTraceBehavior [ RunTime:0.001000s ]
INFO: [ app_end ] --END-- [ RunTime:0.001000s ]

[ 2016-06-18T23:37:32+08:00 ] 127.0.0.1 /mall/Admin/Goods/goodsProduct/id/71
INFO: [ app_init ] --START--
INFO: Run Behavior\BuildLiteBehavior [ RunTime:0.000000s ]
INFO: [ app_init ] --END-- [ RunTime:0.001000s ]
INFO: [ app_begin ] --START--
INFO: Run Behavior\ReadHtmlCacheBehavior [ RunTime:0.001000s ]
INFO: [ app_begin ] --END-- [ RunTime:0.001000s ]
SQL: DESCRIBE ts_category [ RunTime:0.003000s ]
SQL: select category_id,category_name,pid,is_nav,status,CONCAT(path,'-',category_id) as depath,path,goods_type_id from ts_category where status=1 order by depath ASC [ RunTime:0.000000s ]
SQL: DESCRIBE ts_brand [ RunTime:0.004000s ]
SQL: SELECT * FROM `ts_brand` ORDER BY sort DESC  [ RunTime:0.001000s ]
SQL: DESCRIBE ts_goods [ RunTime:0.004000s ]
SQL: SELECT * FROM `ts_goods` WHERE ( `goods_id` = 71 ) LIMIT 1   [ RunTime:0.000000s ]
SQL: DESCRIBE ts_product [ RunTime:0.004000s ]
SQL: SELECT * FROM `ts_product` WHERE ( `good_id` = 71 )  [ RunTime:0.000000s ]
SQL: select attr_name,attr_value from ts_goods_attr_list as GAL JOIN  ts_goods_attr as GA  ON GAL.goods_attr_id=GA.goods_attr_id where attr_list_id in (134,135,136,137) [ RunTime:0.000000s ]
SQL: select attr_name,attr_value from ts_goods_attr_list as GAL JOIN  ts_goods_attr as GA  ON GAL.goods_attr_id=GA.goods_attr_id where attr_list_id in (138,139,136) [ RunTime:0.001000s ]
SQL: DESCRIBE ts_goods_attr [ RunTime:0.004000s ]
SQL: SELECT * FROM `ts_goods_attr` WHERE ( `attr_type` = 1 ) AND ( `goods_type_id` = 23 ) ORDER BY sort DESC  [ RunTime:0.001000s ]
INFO: [ view_parse ] --START--
INFO: [ template_filter ] --START--
INFO: Run Behavior\ContentReplaceBehavior [ RunTime:0.000000s ]
INFO: [ template_filter ] --END-- [ RunTime:0.000000s ]
NOTIC: [8] Undefined index: SKU D:\wamp\www\mall\mall\Runtime\Cache\Admin\c3957dbc5583f3fcbaba0c92526a64d6.php 第 66 行.
NOTIC: [8] Undefined index: SKU D:\wamp\www\mall\mall\Runtime\Cache\Admin\c3957dbc5583f3fcbaba0c92526a64d6.php 第 66 行.
INFO: Run Behavior\ParseTemplateBehavior [ RunTime:0.010000s ]
INFO: [ view_parse ] --END-- [ RunTime:0.010000s ]
INFO: [ view_filter ] --START--
INFO: Run Behavior\WriteHtmlCacheBehavior [ RunTime:0.000000s ]
INFO: [ view_filter ] --END-- [ RunTime:0.000000s ]
INFO: [ app_end ] --START--
INFO: Run Behavior\ShowPageTraceBehavior [ RunTime:0.001000s ]
INFO: [ app_end ] --END-- [ RunTime:0.001000s ]

[ 2016-06-18T23:38:16+08:00 ] 127.0.0.1 /mall/Admin/Goods/goodsProduct/id/71
INFO: [ app_init ] --START--
INFO: Run Behavior\BuildLiteBehavior [ RunTime:0.000000s ]
INFO: [ app_init ] --END-- [ RunTime:0.000000s ]
INFO: [ app_begin ] --START--
INFO: Run Behavior\ReadHtmlCacheBehavior [ RunTime:0.001000s ]
INFO: [ app_begin ] --END-- [ RunTime:0.001000s ]
SQL: DESCRIBE ts_category [ RunTime:0.004000s ]
SQL: select category_id,category_name,pid,is_nav,status,CONCAT(path,'-',category_id) as depath,path,goods_type_id from ts_category where status=1 order by depath ASC [ RunTime:0.000000s ]
SQL: DESCRIBE ts_brand [ RunTime:0.003000s ]
SQL: SELECT * FROM `ts_brand` ORDER BY sort DESC  [ RunTime:0.001000s ]
SQL: DESCRIBE ts_goods [ RunTime:0.004000s ]
SQL: SELECT * FROM `ts_goods` WHERE ( `goods_id` = 71 ) LIMIT 1   [ RunTime:0.001000s ]
SQL: DESCRIBE ts_product [ RunTime:0.003000s ]
SQL: SELECT * FROM `ts_product` WHERE ( `good_id` = 71 )  [ RunTime:0.000000s ]
SQL: select attr_name,attr_value from ts_goods_attr_list as GAL JOIN  ts_goods_attr as GA  ON GAL.goods_attr_id=GA.goods_attr_id where attr_list_id in (134,135,136,137) [ RunTime:0.000000s ]
SQL: select attr_name,attr_value from ts_goods_attr_list as GAL JOIN  ts_goods_attr as GA  ON GAL.goods_attr_id=GA.goods_attr_id where attr_list_id in (138,139,136) [ RunTime:0.000000s ]
SQL: DESCRIBE ts_goods_attr [ RunTime:0.003000s ]
SQL: SELECT * FROM `ts_goods_attr` WHERE ( `attr_type` = 1 ) AND ( `goods_type_id` = 23 ) ORDER BY sort DESC  [ RunTime:0.000000s ]
INFO: [ view_parse ] --START--
INFO: [ template_filter ] --START--
INFO: Run Behavior\ContentReplaceBehavior [ RunTime:0.000000s ]
INFO: [ template_filter ] --END-- [ RunTime:0.000000s ]
NOTIC: [8] Undefined index: SKU D:\wamp\www\mall\mall\Runtime\Cache\Admin\c3957dbc5583f3fcbaba0c92526a64d6.php 第 66 行.
NOTIC: [8] Undefined index: SKU D:\wamp\www\mall\mall\Runtime\Cache\Admin\c3957dbc5583f3fcbaba0c92526a64d6.php 第 66 行.
INFO: Run Behavior\ParseTemplateBehavior [ RunTime:0.010000s ]
INFO: [ view_parse ] --END-- [ RunTime:0.010000s ]
INFO: [ view_filter ] --START--
INFO: Run Behavior\WriteHtmlCacheBehavior [ RunTime:0.001000s ]
INFO: [ view_filter ] --END-- [ RunTime:0.001000s ]
INFO: [ app_end ] --START--
INFO: Run Behavior\ShowPageTraceBehavior [ RunTime:0.000000s ]
INFO: [ app_end ] --END-- [ RunTime:0.001000s ]

[ 2016-06-18T23:38:19+08:00 ] 127.0.0.1 /mall/Admin/Goods/goodsProduct/id/69
INFO: [ app_init ] --START--
INFO: Run Behavior\BuildLiteBehavior [ RunTime:0.000000s ]
INFO: [ app_init ] --END-- [ RunTime:0.001000s ]
INFO: [ app_begin ] --START--
INFO: Run Behavior\ReadHtmlCacheBehavior [ RunTime:0.001000s ]
INFO: [ app_begin ] --END-- [ RunTime:0.001000s ]
SQL: DESCRIBE ts_category [ RunTime:0.004000s ]
SQL: select category_id,category_name,pid,is_nav,status,CONCAT(path,'-',category_id) as depath,path,goods_type_id from ts_category where status=1 order by depath ASC [ RunTime:0.001000s ]
SQL: DESCRIBE ts_brand [ RunTime:0.004000s ]
SQL: SELECT * FROM `ts_brand` ORDER BY sort DESC  [ RunTime:0.001000s ]
SQL: DESCRIBE ts_goods [ RunTime:0.003000s ]
SQL: SELECT * FROM `ts_goods` WHERE ( `goods_id` = 69 ) LIMIT 1   [ RunTime:0.001000s ]
SQL: DESCRIBE ts_product [ RunTime:0.003000s ]
SQL: SELECT * FROM `ts_product` WHERE ( `good_id` = 69 )  [ RunTime:0.000000s ]
SQL: DESCRIBE ts_goods_attr [ RunTime:0.004000s ]
SQL: SELECT * FROM `ts_goods_attr` WHERE ( `attr_type` = 1 ) AND ( `goods_type_id` = 0 ) ORDER BY sort DESC  [ RunTime:0.000000s ]
INFO: [ view_parse ] --START--
INFO: [ template_filter ] --START--
INFO: Run Behavior\ContentReplaceBehavior [ RunTime:0.000000s ]
INFO: [ template_filter ] --END-- [ RunTime:0.000000s ]
INFO: Run Behavior\ParseTemplateBehavior [ RunTime:0.009000s ]
INFO: [ view_parse ] --END-- [ RunTime:0.009000s ]
INFO: [ view_filter ] --START--
INFO: Run Behavior\WriteHtmlCacheBehavior [ RunTime:0.000000s ]
INFO: [ view_filter ] --END-- [ RunTime:0.000000s ]
INFO: [ app_end ] --START--
INFO: Run Behavior\ShowPageTraceBehavior [ RunTime:0.000000s ]
INFO: [ app_end ] --END-- [ RunTime:0.001000s ]

[ 2016-06-18T23:38:21+08:00 ] 127.0.0.1 /mall/Admin/Goods/
INFO: [ app_init ] --START--
INFO: Run Behavior\BuildLiteBehavior [ RunTime:0.001000s ]
INFO: [ app_init ] --END-- [ RunTime:0.001000s ]
INFO: [ app_begin ] --START--
INFO: Run Behavior\ReadHtmlCacheBehavior [ RunTime:0.001000s ]
INFO: [ app_begin ] --END-- [ RunTime:0.001000s ]
SQL: DESCRIBE ts_category [ RunTime:0.004000s ]
SQL: select category_id,category_name,pid,is_nav,status,CONCAT(path,'-',category_id) as depath,path,goods_type_id from ts_category where status=1 order by depath ASC [ RunTime:0.001000s ]
SQL: DESCRIBE ts_brand [ RunTime:0.005000s ]
SQL: SELECT * FROM `ts_brand` ORDER BY sort DESC  [ RunTime:0.000000s ]
SQL: DESCRIBE ts_goods [ RunTime:0.004000s ]
SQL: SELECT `goods_id`,`goods_name`,`goods_price`,`goods_sn`,`is_on_sale`,`is_hot`,`is_well`,`is_first`,`sku` FROM `ts_goods`  [ RunTime:0.000000s ]
INFO: [ view_parse ] --START--
INFO: [ template_filter ] --START--
INFO: Run Behavior\ContentReplaceBehavior [ RunTime:0.000000s ]
INFO: [ template_filter ] --END-- [ RunTime:0.000000s ]
NOTIC: [8] Undefined variable: category_id D:\wamp\www\mall\mall\Runtime\Cache\Admin\3ea905b335e38bad065eef00e80c359f.php 第 53 行.
NOTIC: [8] Undefined variable: category_id D:\wamp\www\mall\mall\Runtime\Cache\Admin\3ea905b335e38bad065eef00e80c359f.php 第 53 行.
NOTIC: [8] Undefined variable: category_id D:\wamp\www\mall\mall\Runtime\Cache\Admin\3ea905b335e38bad065eef00e80c359f.php 第 53 行.
NOTIC: [8] Undefined variable: category_id D:\wamp\www\mall\mall\Runtime\Cache\Admin\3ea905b335e38bad065eef00e80c359f.php 第 53 行.
NOTIC: [8] Undefined variable: category_id D:\wamp\www\mall\mall\Runtime\Cache\Admin\3ea905b335e38bad065eef00e80c359f.php 第 53 行.
NOTIC: [8] Undefined variable: category_id D:\wamp\www\mall\mall\Runtime\Cache\Admin\3ea905b335e38bad065eef00e80c359f.php 第 53 行.
NOTIC: [8] Undefined variable: category_id D:\wamp\www\mall\mall\Runtime\Cache\Admin\3ea905b335e38bad065eef00e80c359f.php 第 53 行.
NOTIC: [8] Undefined variable: category_id D:\wamp\www\mall\mall\Runtime\Cache\Admin\3ea905b335e38bad065eef00e80c359f.php 第 53 行.
NOTIC: [8] Undefined variable: category_id D:\wamp\www\mall\mall\Runtime\Cache\Admin\3ea905b335e38bad065eef00e80c359f.php 第 53 行.
NOTIC: [8] Undefined variable: category_id D:\wamp\www\mall\mall\Runtime\Cache\Admin\3ea905b335e38bad065eef00e80c359f.php 第 53 行.
NOTIC: [8] Undefined variable: category_id D:\wamp\www\mall\mall\Runtime\Cache\Admin\3ea905b335e38bad065eef00e80c359f.php 第 53 行.
NOTIC: [8] Undefined variable: category_id D:\wamp\www\mall\mall\Runtime\Cache\Admin\3ea905b335e38bad065eef00e80c359f.php 第 53 行.
NOTIC: [8] Undefined variable: category_id D:\wamp\www\mall\mall\Runtime\Cache\Admin\3ea905b335e38bad065eef00e80c359f.php 第 53 行.
NOTIC: [8] Undefined variable: category_id D:\wamp\www\mall\mall\Runtime\Cache\Admin\3ea905b335e38bad065eef00e80c359f.php 第 53 行.
NOTIC: [8] Undefined variable: category_id D:\wamp\www\mall\mall\Runtime\Cache\Admin\3ea905b335e38bad065eef00e80c359f.php 第 53 行.
NOTIC: [8] Undefined variable: category_id D:\wamp\www\mall\mall\Runtime\Cache\Admin\3ea905b335e38bad065eef00e80c359f.php 第 53 行.
NOTIC: [8] Undefined variable: category_id D:\wamp\www\mall\mall\Runtime\Cache\Admin\3ea905b335e38bad065eef00e80c359f.php 第 53 行.
NOTIC: [8] Undefined variable: category_id D:\wamp\www\mall\mall\Runtime\Cache\Admin\3ea905b335e38bad065eef00e80c359f.php 第 53 行.
NOTIC: [8] Undefined variable: category_id D:\wamp\www\mall\mall\Runtime\Cache\Admin\3ea905b335e38bad065eef00e80c359f.php 第 53 行.
NOTIC: [8] Undefined variable: category_id D:\wamp\www\mall\mall\Runtime\Cache\Admin\3ea905b335e38bad065eef00e80c359f.php 第 53 行.
NOTIC: [8] Undefined variable: category_id D:\wamp\www\mall\mall\Runtime\Cache\Admin\3ea905b335e38bad065eef00e80c359f.php 第 53 行.
NOTIC: [8] Undefined variable: category_id D:\wamp\www\mall\mall\Runtime\Cache\Admin\3ea905b335e38bad065eef00e80c359f.php 第 53 行.
NOTIC: [8] Undefined variable: category_id D:\wamp\www\mall\mall\Runtime\Cache\Admin\3ea905b335e38bad065eef00e80c359f.php 第 53 行.
NOTIC: [8] Undefined variable: category_id D:\wamp\www\mall\mall\Runtime\Cache\Admin\3ea905b335e38bad065eef00e80c359f.php 第 53 行.
NOTIC: [8] Undefined variable: category_id D:\wamp\www\mall\mall\Runtime\Cache\Admin\3ea905b335e38bad065eef00e80c359f.php 第 53 行.
NOTIC: [8] Undefined variable: category_id D:\wamp\www\mall\mall\Runtime\Cache\Admin\3ea905b335e38bad065eef00e80c359f.php 第 53 行.
NOTIC: [8] Undefined variable: category_id D:\wamp\www\mall\mall\Runtime\Cache\Admin\3ea905b335e38bad065eef00e80c359f.php 第 53 行.
NOTIC: [8] Undefined variable: category_id D:\wamp\www\mall\mall\Runtime\Cache\Admin\3ea905b335e38bad065eef00e80c359f.php 第 53 行.
NOTIC: [8] Undefined variable: category_id D:\wamp\www\mall\mall\Runtime\Cache\Admin\3ea905b335e38bad065eef00e80c359f.php 第 53 行.
NOTIC: [8] Undefined variable: category_id D:\wamp\www\mall\mall\Runtime\Cache\Admin\3ea905b335e38bad065eef00e80c359f.php 第 53 行.
NOTIC: [8] Undefined variable: category_id D:\wamp\www\mall\mall\Runtime\Cache\Admin\3ea905b335e38bad065eef00e80c359f.php 第 53 行.
NOTIC: [8] Undefined variable: category_id D:\wamp\www\mall\mall\Runtime\Cache\Admin\3ea905b335e38bad065eef00e80c359f.php 第 53 行.
NOTIC: [8] Undefined variable: show_brand D:\wamp\www\mall\mall\Runtime\Cache\Admin\3ea905b335e38bad065eef00e80c359f.php 第 64 行.
NOTIC: [8] Undefined variable: show_brand D:\wamp\www\mall\mall\Runtime\Cache\Admin\3ea905b335e38bad065eef00e80c359f.php 第 64 行.
NOTIC: [8] Undefined variable: show_brand D:\wamp\www\mall\mall\Runtime\Cache\Admin\3ea905b335e38bad065eef00e80c359f.php 第 64 行.
NOTIC: [8] Undefined variable: show_brand D:\wamp\www\mall\mall\Runtime\Cache\Admin\3ea905b335e38bad065eef00e80c359f.php 第 64 行.
NOTIC: [8] Undefined variable: show_brand D:\wamp\www\mall\mall\Runtime\Cache\Admin\3ea905b335e38bad065eef00e80c359f.php 第 64 行.
NOTIC: [8] Undefined variable: show_brand D:\wamp\www\mall\mall\Runtime\Cache\Admin\3ea905b335e38bad065eef00e80c359f.php 第 64 行.
NOTIC: [8] Undefined variable: show_brand D:\wamp\www\mall\mall\Runtime\Cache\Admin\3ea905b335e38bad065eef00e80c359f.php 第 64 行.
NOTIC: [8] Undefined variable: promote_type D:\wamp\www\mall\mall\Runtime\Cache\Admin\3ea905b335e38bad065eef00e80c359f.php 第 70 行.
NOTIC: [8] Undefined variable: promote_type D:\wamp\www\mall\mall\Runtime\Cache\Admin\3ea905b335e38bad065eef00e80c359f.php 第 71 行.
NOTIC: [8] Undefined variable: promote_type D:\wamp\www\mall\mall\Runtime\Cache\Admin\3ea905b335e38bad065eef00e80c359f.php 第 72 行.
NOTIC: [8] Undefined variable: is_on_sale D:\wamp\www\mall\mall\Runtime\Cache\Admin\3ea905b335e38bad065eef00e80c359f.php 第 78 行.
NOTIC: [8] Undefined variable: is_on_sale D:\wamp\www\mall\mall\Runtime\Cache\Admin\3ea905b335e38bad065eef00e80c359f.php 第 79 行.
NOTIC: [8] Undefined variable: keywords D:\wamp\www\mall\mall\Runtime\Cache\Admin\3ea905b335e38bad065eef00e80c359f.php 第 85 行.
INFO: Run Behavior\ParseTemplateBehavior [ RunTime:0.025000s ]
INFO: [ view_parse ] --END-- [ RunTime:0.026000s ]
INFO: [ view_filter ] --START--
INFO: Run Behavior\WriteHtmlCacheBehavior [ RunTime:0.001000s ]
INFO: [ view_filter ] --END-- [ RunTime:0.001000s ]
INFO: [ app_end ] --START--
INFO: Run Behavior\ShowPageTraceBehavior [ RunTime:0.001000s ]
INFO: [ app_end ] --END-- [ RunTime:0.001000s ]

