[ 2016-07-17T18:36:59+08:00 ] 127.0.0.1 /mall/
INFO: [ app_init ] --START--
INFO: Run Behavior\BuildLiteBehavior [ RunTime:0.000000s ]
INFO: [ app_init ] --END-- [ RunTime:0.000000s ]

[ 2016-07-17T18:37:03+08:00 ] 127.0.0.1 /mall/admin
INFO: [ app_init ] --START--
INFO: Run Behavior\BuildLiteBehavior [ RunTime:0.000000s ]
INFO: [ app_init ] --END-- [ RunTime:0.000000s ]
INFO: [ app_begin ] --START--
INFO: Run Behavior\ReadHtmlCacheBehavior [ RunTime:0.000000s ]
INFO: [ app_begin ] --END-- [ RunTime:0.000000s ]

[ 2016-07-17T18:37:03+08:00 ] 127.0.0.1 /mall/Admin/Login/index.html
INFO: [ app_init ] --START--
INFO: Run Behavior\BuildLiteBehavior [ RunTime:0.000000s ]
INFO: [ app_init ] --END-- [ RunTime:0.000000s ]
INFO: [ app_begin ] --START--
INFO: Run Behavior\ReadHtmlCacheBehavior [ RunTime:0.000000s ]
INFO: [ app_begin ] --END-- [ RunTime:0.000000s ]
INFO: [ view_parse ] --START--
INFO: [ template_filter ] --START--
INFO: Run Behavior\ContentReplaceBehavior [ RunTime:0.000000s ]
INFO: [ template_filter ] --END-- [ RunTime:0.015600s ]
INFO: Run Behavior\ParseTemplateBehavior [ RunTime:0.015600s ]
INFO: [ view_parse ] --END-- [ RunTime:0.015600s ]
INFO: [ view_filter ] --START--
INFO: Run Behavior\WriteHtmlCacheBehavior [ RunTime:0.000000s ]
INFO: [ view_filter ] --END-- [ RunTime:0.000000s ]
INFO: [ app_end ] --START--
INFO: Run Behavior\ShowPageTraceBehavior [ RunTime:0.000000s ]
INFO: [ app_end ] --END-- [ RunTime:0.000000s ]

[ 2016-07-17T18:37:03+08:00 ] 127.0.0.1 /mall/Admin/Login/verity.html
INFO: [ app_init ] --START--
INFO: Run Behavior\BuildLiteBehavior [ RunTime:0.000000s ]
INFO: [ app_init ] --END-- [ RunTime:0.000000s ]
INFO: [ app_begin ] --START--
INFO: Run Behavior\ReadHtmlCacheBehavior [ RunTime:0.000000s ]
INFO: [ app_begin ] --END-- [ RunTime:0.000000s ]
INFO: [ app_end ] --START--
INFO: Run Behavior\ShowPageTraceBehavior [ RunTime:0.000000s ]
INFO: [ app_end ] --END-- [ RunTime:0.000000s ]

[ 2016-07-17T18:37:09+08:00 ] 127.0.0.1 /mall/Admin/Login/login.html
INFO: [ app_init ] --START--
INFO: Run Behavior\BuildLiteBehavior [ RunTime:0.000000s ]
INFO: [ app_init ] --END-- [ RunTime:0.000000s ]
INFO: [ app_begin ] --START--
INFO: Run Behavior\ReadHtmlCacheBehavior [ RunTime:0.000000s ]
INFO: [ app_begin ] --END-- [ RunTime:0.000000s ]
SQL: DESCRIBE ts_admin [ RunTime:0.000000s ]
SQL: SELECT `user_id`,`username`,`passwd` FROM `ts_admin` WHERE ( `username` = 'admin' ) AND ( `passwd` = 'e10adc3949ba59abbe56e057f20f883e' ) LIMIT 1   [ RunTime:0.000000s ]
SQL: UPDATE `ts_admin` SET `last_login`=1468751829,`last_ip`=2130706433 WHERE ( `user_id` = 1 ) [ RunTime:0.015600s ]

[ 2016-07-17T18:37:09+08:00 ] 127.0.0.1 /mall/Admin/Index/index.html
INFO: [ app_init ] --START--
INFO: Run Behavior\BuildLiteBehavior [ RunTime:0.000000s ]
INFO: [ app_init ] --END-- [ RunTime:0.000000s ]
INFO: [ app_begin ] --START--
INFO: Run Behavior\ReadHtmlCacheBehavior [ RunTime:0.000000s ]
INFO: [ app_begin ] --END-- [ RunTime:0.000000s ]
INFO: [ view_parse ] --START--
INFO: [ template_filter ] --START--
INFO: Run Behavior\ContentReplaceBehavior [ RunTime:0.000000s ]
INFO: [ template_filter ] --END-- [ RunTime:0.000000s ]
INFO: Run Behavior\ParseTemplateBehavior [ RunTime:0.015600s ]
INFO: [ view_parse ] --END-- [ RunTime:0.015600s ]
INFO: [ view_filter ] --START--
INFO: Run Behavior\WriteHtmlCacheBehavior [ RunTime:0.000000s ]
INFO: [ view_filter ] --END-- [ RunTime:0.000000s ]
INFO: [ app_end ] --START--
INFO: Run Behavior\ShowPageTraceBehavior [ RunTime:0.000000s ]
INFO: [ app_end ] --END-- [ RunTime:0.000000s ]

[ 2016-07-17T18:37:09+08:00 ] 127.0.0.1 /mall/Admin/Index/main.html
INFO: [ app_init ] --START--
INFO: Run Behavior\BuildLiteBehavior [ RunTime:0.000000s ]
INFO: [ app_init ] --END-- [ RunTime:0.000000s ]
INFO: [ app_begin ] --START--
INFO: Run Behavior\ReadHtmlCacheBehavior [ RunTime:0.000000s ]
INFO: [ app_begin ] --END-- [ RunTime:0.000000s ]
INFO: [ app_end ] --START--
INFO: Run Behavior\ShowPageTraceBehavior [ RunTime:0.000000s ]
INFO: [ app_end ] --END-- [ RunTime:0.000000s ]

[ 2016-07-17T18:37:09+08:00 ] 127.0.0.1 /mall/PUBLIC/Admin/js/plugins/layer/extend/layer.ext.js
INFO: [ app_init ] --START--
INFO: Run Behavior\BuildLiteBehavior [ RunTime:0.000000s ]
INFO: [ app_init ] --END-- [ RunTime:0.000000s ]
ERR: 无法加载控制器:Public

[ 2016-07-17T18:37:11+08:00 ] 127.0.0.1 /mall/Admin/Goods/index.html?v=4.0
INFO: [ app_init ] --START--
INFO: Run Behavior\BuildLiteBehavior [ RunTime:0.000000s ]
INFO: [ app_init ] --END-- [ RunTime:0.000000s ]
INFO: [ app_begin ] --START--
INFO: Run Behavior\ReadHtmlCacheBehavior [ RunTime:0.000000s ]
INFO: [ app_begin ] --END-- [ RunTime:0.001000s ]
SQL: DESCRIBE ts_category [ RunTime:0.005000s ]
SQL: select category_id,category_name,pid,is_nav,status,CONCAT(path,'-',category_id) as depath,path,goods_type_id from ts_category where status=1 order by depath ASC [ RunTime:0.001000s ]
SQL: DESCRIBE ts_brand [ RunTime:0.005000s ]
SQL: SELECT * FROM `ts_brand` ORDER BY sort DESC  [ RunTime:0.001000s ]
SQL: DESCRIBE ts_goods [ RunTime:0.006000s ]
SQL: SELECT `goods_id`,`goods_name`,`goods_price`,`goods_sn`,`is_on_sale`,`is_hot`,`is_well`,`is_first`,`sku` FROM `ts_goods` ORDER BY created DESC  [ RunTime:0.001000s ]
INFO: [ view_parse ] --START--
INFO: [ template_filter ] --START--
INFO: Run Behavior\ContentReplaceBehavior [ RunTime:0.001000s ]
INFO: [ template_filter ] --END-- [ RunTime:0.001000s ]
NOTIC: [8] Undefined variable: category_id D:\wamp\www\mall\mall\Runtime\Cache\Admin\3ea905b335e38bad065eef00e80c359f.php 第 53 行.
NOTIC: [8] Undefined variable: category_id D:\wamp\www\mall\mall\Runtime\Cache\Admin\3ea905b335e38bad065eef00e80c359f.php 第 53 行.
NOTIC: [8] Undefined variable: category_id D:\wamp\www\mall\mall\Runtime\Cache\Admin\3ea905b335e38bad065eef00e80c359f.php 第 53 行.
NOTIC: [8] Undefined variable: category_id D:\wamp\www\mall\mall\Runtime\Cache\Admin\3ea905b335e38bad065eef00e80c359f.php 第 53 行.
NOTIC: [8] Undefined variable: category_id D:\wamp\www\mall\mall\Runtime\Cache\Admin\3ea905b335e38bad065eef00e80c359f.php 第 53 行.
NOTIC: [8] Undefined variable: category_id D:\wamp\www\mall\mall\Runtime\Cache\Admin\3ea905b335e38bad065eef00e80c359f.php 第 53 行.
NOTIC: [8] Undefined variable: category_id D:\wamp\www\mall\mall\Runtime\Cache\Admin\3ea905b335e38bad065eef00e80c359f.php 第 53 行.
NOTIC: [8] Undefined variable: category_id D:\wamp\www\mall\mall\Runtime\Cache\Admin\3ea905b335e38bad065eef00e80c359f.php 第 53 行.
NOTIC: [8] Undefined variable: category_id D:\wamp\www\mall\mall\Runtime\Cache\Admin\3ea905b335e38bad065eef00e80c359f.php 第 53 行.
NOTIC: [8] Undefined variable: category_id D:\wamp\www\mall\mall\Runtime\Cache\Admin\3ea905b335e38bad065eef00e80c359f.php 第 53 行.
NOTIC: [8] Undefined variable: category_id D:\wamp\www\mall\mall\Runtime\Cache\Admin\3ea905b335e38bad065eef00e80c359f.php 第 53 行.
NOTIC: [8] Undefined variable: category_id D:\wamp\www\mall\mall\Runtime\Cache\Admin\3ea905b335e38bad065eef00e80c359f.php 第 53 行.
NOTIC: [8] Undefined variable: category_id D:\wamp\www\mall\mall\Runtime\Cache\Admin\3ea905b335e38bad065eef00e80c359f.php 第 53 行.
NOTIC: [8] Undefined variable: category_id D:\wamp\www\mall\mall\Runtime\Cache\Admin\3ea905b335e38bad065eef00e80c359f.php 第 53 行.
NOTIC: [8] Undefined variable: category_id D:\wamp\www\mall\mall\Runtime\Cache\Admin\3ea905b335e38bad065eef00e80c359f.php 第 53 行.
NOTIC: [8] Undefined variable: category_id D:\wamp\www\mall\mall\Runtime\Cache\Admin\3ea905b335e38bad065eef00e80c359f.php 第 53 行.
NOTIC: [8] Undefined variable: category_id D:\wamp\www\mall\mall\Runtime\Cache\Admin\3ea905b335e38bad065eef00e80c359f.php 第 53 行.
NOTIC: [8] Undefined variable: category_id D:\wamp\www\mall\mall\Runtime\Cache\Admin\3ea905b335e38bad065eef00e80c359f.php 第 53 行.
NOTIC: [8] Undefined variable: category_id D:\wamp\www\mall\mall\Runtime\Cache\Admin\3ea905b335e38bad065eef00e80c359f.php 第 53 行.
NOTIC: [8] Undefined variable: category_id D:\wamp\www\mall\mall\Runtime\Cache\Admin\3ea905b335e38bad065eef00e80c359f.php 第 53 行.
NOTIC: [8] Undefined variable: category_id D:\wamp\www\mall\mall\Runtime\Cache\Admin\3ea905b335e38bad065eef00e80c359f.php 第 53 行.
NOTIC: [8] Undefined variable: category_id D:\wamp\www\mall\mall\Runtime\Cache\Admin\3ea905b335e38bad065eef00e80c359f.php 第 53 行.
NOTIC: [8] Undefined variable: category_id D:\wamp\www\mall\mall\Runtime\Cache\Admin\3ea905b335e38bad065eef00e80c359f.php 第 53 行.
NOTIC: [8] Undefined variable: category_id D:\wamp\www\mall\mall\Runtime\Cache\Admin\3ea905b335e38bad065eef00e80c359f.php 第 53 行.
NOTIC: [8] Undefined variable: category_id D:\wamp\www\mall\mall\Runtime\Cache\Admin\3ea905b335e38bad065eef00e80c359f.php 第 53 行.
NOTIC: [8] Undefined variable: category_id D:\wamp\www\mall\mall\Runtime\Cache\Admin\3ea905b335e38bad065eef00e80c359f.php 第 53 行.
NOTIC: [8] Undefined variable: category_id D:\wamp\www\mall\mall\Runtime\Cache\Admin\3ea905b335e38bad065eef00e80c359f.php 第 53 行.
NOTIC: [8] Undefined variable: category_id D:\wamp\www\mall\mall\Runtime\Cache\Admin\3ea905b335e38bad065eef00e80c359f.php 第 53 行.
NOTIC: [8] Undefined variable: category_id D:\wamp\www\mall\mall\Runtime\Cache\Admin\3ea905b335e38bad065eef00e80c359f.php 第 53 行.
NOTIC: [8] Undefined variable: category_id D:\wamp\www\mall\mall\Runtime\Cache\Admin\3ea905b335e38bad065eef00e80c359f.php 第 53 行.
NOTIC: [8] Undefined variable: show_brand D:\wamp\www\mall\mall\Runtime\Cache\Admin\3ea905b335e38bad065eef00e80c359f.php 第 64 行.
NOTIC: [8] Undefined variable: show_brand D:\wamp\www\mall\mall\Runtime\Cache\Admin\3ea905b335e38bad065eef00e80c359f.php 第 64 行.
NOTIC: [8] Undefined variable: show_brand D:\wamp\www\mall\mall\Runtime\Cache\Admin\3ea905b335e38bad065eef00e80c359f.php 第 64 行.
NOTIC: [8] Undefined variable: show_brand D:\wamp\www\mall\mall\Runtime\Cache\Admin\3ea905b335e38bad065eef00e80c359f.php 第 64 行.
NOTIC: [8] Undefined variable: show_brand D:\wamp\www\mall\mall\Runtime\Cache\Admin\3ea905b335e38bad065eef00e80c359f.php 第 64 行.
NOTIC: [8] Undefined variable: show_brand D:\wamp\www\mall\mall\Runtime\Cache\Admin\3ea905b335e38bad065eef00e80c359f.php 第 64 行.
NOTIC: [8] Undefined variable: show_brand D:\wamp\www\mall\mall\Runtime\Cache\Admin\3ea905b335e38bad065eef00e80c359f.php 第 64 行.
NOTIC: [8] Undefined variable: promote_type D:\wamp\www\mall\mall\Runtime\Cache\Admin\3ea905b335e38bad065eef00e80c359f.php 第 70 行.
NOTIC: [8] Undefined variable: promote_type D:\wamp\www\mall\mall\Runtime\Cache\Admin\3ea905b335e38bad065eef00e80c359f.php 第 71 行.
NOTIC: [8] Undefined variable: promote_type D:\wamp\www\mall\mall\Runtime\Cache\Admin\3ea905b335e38bad065eef00e80c359f.php 第 72 行.
NOTIC: [8] Undefined variable: is_on_sale D:\wamp\www\mall\mall\Runtime\Cache\Admin\3ea905b335e38bad065eef00e80c359f.php 第 78 行.
NOTIC: [8] Undefined variable: is_on_sale D:\wamp\www\mall\mall\Runtime\Cache\Admin\3ea905b335e38bad065eef00e80c359f.php 第 79 行.
NOTIC: [8] Undefined variable: keywords D:\wamp\www\mall\mall\Runtime\Cache\Admin\3ea905b335e38bad065eef00e80c359f.php 第 85 行.
INFO: Run Behavior\ParseTemplateBehavior [ RunTime:0.028000s ]
INFO: [ view_parse ] --END-- [ RunTime:0.028000s ]
INFO: [ view_filter ] --START--
INFO: Run Behavior\WriteHtmlCacheBehavior [ RunTime:0.000000s ]
INFO: [ view_filter ] --END-- [ RunTime:0.001000s ]
INFO: [ app_end ] --START--
INFO: Run Behavior\ShowPageTraceBehavior [ RunTime:0.001000s ]
INFO: [ app_end ] --END-- [ RunTime:0.001000s ]

[ 2016-07-17T18:37:12+08:00 ] 127.0.0.1 /mall/Admin/Goods/addGoods.html?v=4.0
INFO: [ app_init ] --START--
INFO: Run Behavior\BuildLiteBehavior [ RunTime:0.000000s ]
INFO: [ app_init ] --END-- [ RunTime:0.001000s ]
INFO: [ app_begin ] --START--
INFO: Run Behavior\ReadHtmlCacheBehavior [ RunTime:0.000000s ]
INFO: [ app_begin ] --END-- [ RunTime:0.001000s ]
SQL: DESCRIBE ts_category [ RunTime:0.002000s ]
SQL: select category_id,category_name,pid,is_nav,status,CONCAT(path,'-',category_id) as depath,path,goods_type_id from ts_category where status=1 order by depath ASC [ RunTime:0.000000s ]
SQL: DESCRIBE ts_brand [ RunTime:0.003000s ]
SQL: SELECT * FROM `ts_brand` ORDER BY sort DESC  [ RunTime:0.001000s ]
SQL: DESCRIBE ts_goods_type [ RunTime:0.005000s ]
SQL: SELECT `goods_type_id`,`type_name` FROM `ts_goods_type`  [ RunTime:0.001000s ]
INFO: [ view_parse ] --START--
INFO: [ template_filter ] --START--
INFO: Run Behavior\ContentReplaceBehavior [ RunTime:0.000000s ]
INFO: [ template_filter ] --END-- [ RunTime:0.000000s ]
INFO: Run Behavior\ParseTemplateBehavior [ RunTime:0.016000s ]
INFO: [ view_parse ] --END-- [ RunTime:0.016000s ]
INFO: [ view_filter ] --START--
INFO: Run Behavior\WriteHtmlCacheBehavior [ RunTime:0.001000s ]
INFO: [ view_filter ] --END-- [ RunTime:0.001000s ]
INFO: [ app_end ] --START--
INFO: Run Behavior\ShowPageTraceBehavior [ RunTime:0.001000s ]
INFO: [ app_end ] --END-- [ RunTime:0.001000s ]

[ 2016-07-17T18:37:12+08:00 ] 127.0.0.1 /mall/Admin/Goods/getTypeAttr.html?good_type=
INFO: [ app_init ] --START--
INFO: Run Behavior\BuildLiteBehavior [ RunTime:0.000000s ]
INFO: [ app_init ] --END-- [ RunTime:0.001000s ]
INFO: [ app_begin ] --START--
INFO: Run Behavior\ReadHtmlCacheBehavior [ RunTime:0.001000s ]
INFO: [ app_begin ] --END-- [ RunTime:0.001000s ]
SQL: DESCRIBE ts_category [ RunTime:0.003000s ]
SQL: select category_id,category_name,pid,is_nav,status,CONCAT(path,'-',category_id) as depath,path,goods_type_id from ts_category where status=1 order by depath ASC [ RunTime:0.001000s ]
SQL: DESCRIBE ts_brand [ RunTime:0.003000s ]
SQL: SELECT * FROM `ts_brand` ORDER BY sort DESC  [ RunTime:0.001000s ]
SQL: DESCRIBE ts_goods_attr [ RunTime:0.005000s ]
SQL: SELECT * FROM `ts_goods_attr` WHERE ( `goods_type_id` = 0 ) ORDER BY sort DESC  [ RunTime:0.001000s ]

[ 2016-07-17T18:37:13+08:00 ] 127.0.0.1 /mall/Admin/Goods/
INFO: [ app_init ] --START--
INFO: Run Behavior\BuildLiteBehavior [ RunTime:0.000000s ]
INFO: [ app_init ] --END-- [ RunTime:0.000000s ]
INFO: [ app_begin ] --START--
INFO: Run Behavior\ReadHtmlCacheBehavior [ RunTime:0.000000s ]
INFO: [ app_begin ] --END-- [ RunTime:0.000000s ]
SQL: DESCRIBE ts_category [ RunTime:0.003000s ]
SQL: select category_id,category_name,pid,is_nav,status,CONCAT(path,'-',category_id) as depath,path,goods_type_id from ts_category where status=1 order by depath ASC [ RunTime:0.001000s ]
SQL: DESCRIBE ts_brand [ RunTime:0.003000s ]
SQL: SELECT * FROM `ts_brand` ORDER BY sort DESC  [ RunTime:0.000000s ]
SQL: DESCRIBE ts_goods [ RunTime:0.003000s ]
SQL: SELECT `goods_id`,`goods_name`,`goods_price`,`goods_sn`,`is_on_sale`,`is_hot`,`is_well`,`is_first`,`sku` FROM `ts_goods` ORDER BY created DESC  [ RunTime:0.001000s ]
INFO: [ view_parse ] --START--
INFO: [ template_filter ] --START--
INFO: Run Behavior\ContentReplaceBehavior [ RunTime:0.001000s ]
INFO: [ template_filter ] --END-- [ RunTime:0.001000s ]
NOTIC: [8] Undefined variable: category_id D:\wamp\www\mall\mall\Runtime\Cache\Admin\3ea905b335e38bad065eef00e80c359f.php 第 53 行.
NOTIC: [8] Undefined variable: category_id D:\wamp\www\mall\mall\Runtime\Cache\Admin\3ea905b335e38bad065eef00e80c359f.php 第 53 行.
NOTIC: [8] Undefined variable: category_id D:\wamp\www\mall\mall\Runtime\Cache\Admin\3ea905b335e38bad065eef00e80c359f.php 第 53 行.
NOTIC: [8] Undefined variable: category_id D:\wamp\www\mall\mall\Runtime\Cache\Admin\3ea905b335e38bad065eef00e80c359f.php 第 53 行.
NOTIC: [8] Undefined variable: category_id D:\wamp\www\mall\mall\Runtime\Cache\Admin\3ea905b335e38bad065eef00e80c359f.php 第 53 行.
NOTIC: [8] Undefined variable: category_id D:\wamp\www\mall\mall\Runtime\Cache\Admin\3ea905b335e38bad065eef00e80c359f.php 第 53 行.
NOTIC: [8] Undefined variable: category_id D:\wamp\www\mall\mall\Runtime\Cache\Admin\3ea905b335e38bad065eef00e80c359f.php 第 53 行.
NOTIC: [8] Undefined variable: category_id D:\wamp\www\mall\mall\Runtime\Cache\Admin\3ea905b335e38bad065eef00e80c359f.php 第 53 行.
NOTIC: [8] Undefined variable: category_id D:\wamp\www\mall\mall\Runtime\Cache\Admin\3ea905b335e38bad065eef00e80c359f.php 第 53 行.
NOTIC: [8] Undefined variable: category_id D:\wamp\www\mall\mall\Runtime\Cache\Admin\3ea905b335e38bad065eef00e80c359f.php 第 53 行.
NOTIC: [8] Undefined variable: category_id D:\wamp\www\mall\mall\Runtime\Cache\Admin\3ea905b335e38bad065eef00e80c359f.php 第 53 行.
NOTIC: [8] Undefined variable: category_id D:\wamp\www\mall\mall\Runtime\Cache\Admin\3ea905b335e38bad065eef00e80c359f.php 第 53 行.
NOTIC: [8] Undefined variable: category_id D:\wamp\www\mall\mall\Runtime\Cache\Admin\3ea905b335e38bad065eef00e80c359f.php 第 53 行.
NOTIC: [8] Undefined variable: category_id D:\wamp\www\mall\mall\Runtime\Cache\Admin\3ea905b335e38bad065eef00e80c359f.php 第 53 行.
NOTIC: [8] Undefined variable: category_id D:\wamp\www\mall\mall\Runtime\Cache\Admin\3ea905b335e38bad065eef00e80c359f.php 第 53 行.
NOTIC: [8] Undefined variable: category_id D:\wamp\www\mall\mall\Runtime\Cache\Admin\3ea905b335e38bad065eef00e80c359f.php 第 53 行.
NOTIC: [8] Undefined variable: category_id D:\wamp\www\mall\mall\Runtime\Cache\Admin\3ea905b335e38bad065eef00e80c359f.php 第 53 行.
NOTIC: [8] Undefined variable: category_id D:\wamp\www\mall\mall\Runtime\Cache\Admin\3ea905b335e38bad065eef00e80c359f.php 第 53 行.
NOTIC: [8] Undefined variable: category_id D:\wamp\www\mall\mall\Runtime\Cache\Admin\3ea905b335e38bad065eef00e80c359f.php 第 53 行.
NOTIC: [8] Undefined variable: category_id D:\wamp\www\mall\mall\Runtime\Cache\Admin\3ea905b335e38bad065eef00e80c359f.php 第 53 行.
NOTIC: [8] Undefined variable: category_id D:\wamp\www\mall\mall\Runtime\Cache\Admin\3ea905b335e38bad065eef00e80c359f.php 第 53 行.
NOTIC: [8] Undefined variable: category_id D:\wamp\www\mall\mall\Runtime\Cache\Admin\3ea905b335e38bad065eef00e80c359f.php 第 53 行.
NOTIC: [8] Undefined variable: category_id D:\wamp\www\mall\mall\Runtime\Cache\Admin\3ea905b335e38bad065eef00e80c359f.php 第 53 行.
NOTIC: [8] Undefined variable: category_id D:\wamp\www\mall\mall\Runtime\Cache\Admin\3ea905b335e38bad065eef00e80c359f.php 第 53 行.
NOTIC: [8] Undefined variable: category_id D:\wamp\www\mall\mall\Runtime\Cache\Admin\3ea905b335e38bad065eef00e80c359f.php 第 53 行.
NOTIC: [8] Undefined variable: category_id D:\wamp\www\mall\mall\Runtime\Cache\Admin\3ea905b335e38bad065eef00e80c359f.php 第 53 行.
NOTIC: [8] Undefined variable: category_id D:\wamp\www\mall\mall\Runtime\Cache\Admin\3ea905b335e38bad065eef00e80c359f.php 第 53 行.
NOTIC: [8] Undefined variable: category_id D:\wamp\www\mall\mall\Runtime\Cache\Admin\3ea905b335e38bad065eef00e80c359f.php 第 53 行.
NOTIC: [8] Undefined variable: category_id D:\wamp\www\mall\mall\Runtime\Cache\Admin\3ea905b335e38bad065eef00e80c359f.php 第 53 行.
NOTIC: [8] Undefined variable: category_id D:\wamp\www\mall\mall\Runtime\Cache\Admin\3ea905b335e38bad065eef00e80c359f.php 第 53 行.
NOTIC: [8] Undefined variable: show_brand D:\wamp\www\mall\mall\Runtime\Cache\Admin\3ea905b335e38bad065eef00e80c359f.php 第 64 行.
NOTIC: [8] Undefined variable: show_brand D:\wamp\www\mall\mall\Runtime\Cache\Admin\3ea905b335e38bad065eef00e80c359f.php 第 64 行.
NOTIC: [8] Undefined variable: show_brand D:\wamp\www\mall\mall\Runtime\Cache\Admin\3ea905b335e38bad065eef00e80c359f.php 第 64 行.
NOTIC: [8] Undefined variable: show_brand D:\wamp\www\mall\mall\Runtime\Cache\Admin\3ea905b335e38bad065eef00e80c359f.php 第 64 行.
NOTIC: [8] Undefined variable: show_brand D:\wamp\www\mall\mall\Runtime\Cache\Admin\3ea905b335e38bad065eef00e80c359f.php 第 64 行.
NOTIC: [8] Undefined variable: show_brand D:\wamp\www\mall\mall\Runtime\Cache\Admin\3ea905b335e38bad065eef00e80c359f.php 第 64 行.
NOTIC: [8] Undefined variable: show_brand D:\wamp\www\mall\mall\Runtime\Cache\Admin\3ea905b335e38bad065eef00e80c359f.php 第 64 行.
NOTIC: [8] Undefined variable: promote_type D:\wamp\www\mall\mall\Runtime\Cache\Admin\3ea905b335e38bad065eef00e80c359f.php 第 70 行.
NOTIC: [8] Undefined variable: promote_type D:\wamp\www\mall\mall\Runtime\Cache\Admin\3ea905b335e38bad065eef00e80c359f.php 第 71 行.
NOTIC: [8] Undefined variable: promote_type D:\wamp\www\mall\mall\Runtime\Cache\Admin\3ea905b335e38bad065eef00e80c359f.php 第 72 行.
NOTIC: [8] Undefined variable: is_on_sale D:\wamp\www\mall\mall\Runtime\Cache\Admin\3ea905b335e38bad065eef00e80c359f.php 第 78 行.
NOTIC: [8] Undefined variable: is_on_sale D:\wamp\www\mall\mall\Runtime\Cache\Admin\3ea905b335e38bad065eef00e80c359f.php 第 79 行.
NOTIC: [8] Undefined variable: keywords D:\wamp\www\mall\mall\Runtime\Cache\Admin\3ea905b335e38bad065eef00e80c359f.php 第 85 行.
INFO: Run Behavior\ParseTemplateBehavior [ RunTime:0.024000s ]
INFO: [ view_parse ] --END-- [ RunTime:0.024000s ]
INFO: [ view_filter ] --START--
INFO: Run Behavior\WriteHtmlCacheBehavior [ RunTime:0.000000s ]
INFO: [ view_filter ] --END-- [ RunTime:0.001000s ]
INFO: [ app_end ] --START--
INFO: Run Behavior\ShowPageTraceBehavior [ RunTime:0.001000s ]
INFO: [ app_end ] --END-- [ RunTime:0.001000s ]

[ 2016-07-17T18:37:13+08:00 ] 127.0.0.1 /mall/Admin/Category/index.html?v=4.0
INFO: [ app_init ] --START--
INFO: Run Behavior\BuildLiteBehavior [ RunTime:0.000000s ]
INFO: [ app_init ] --END-- [ RunTime:0.001000s ]
INFO: [ app_begin ] --START--
INFO: Run Behavior\ReadHtmlCacheBehavior [ RunTime:0.001000s ]
INFO: [ app_begin ] --END-- [ RunTime:0.001000s ]
SQL: DESCRIBE ts_goods_type [ RunTime:0.002000s ]
SQL: DESCRIBE ts_category [ RunTime:0.003000s ]
NOTIC: [2] Missing argument 1 for Admin\Model\CategoryModel::showCategory(), called in D:\wamp\www\mall\mall\Admin\Controller\CategoryController.class.php on line 15 and defined D:\wamp\www\mall\mall\Admin\Model\CategoryModel.class.php 第 37 行.
NOTIC: [8] Undefined variable: where D:\wamp\www\mall\mall\Admin\Model\CategoryModel.class.php 第 38 行.
SQL: select category_id,category_name,pid,is_nav,status,CONCAT(path,'-',category_id) as depath,path,goods_type_id from ts_category order by depath ASC [ RunTime:0.000000s ]
SQL: SELECT `goods_type_id`,`type_name` FROM `ts_goods_type`  [ RunTime:0.000000s ]
NOTIC: [2] Missing argument 1 for Admin\Model\CategoryModel::showCategory(), called in D:\wamp\www\mall\mall\Admin\Controller\CategoryController.class.php on line 18 and defined D:\wamp\www\mall\mall\Admin\Model\CategoryModel.class.php 第 37 行.
NOTIC: [8] Undefined variable: where D:\wamp\www\mall\mall\Admin\Model\CategoryModel.class.php 第 38 行.
SQL: select category_id,category_name,pid,is_nav,status,CONCAT(path,'-',category_id) as depath,path,goods_type_id from ts_category order by depath ASC [ RunTime:0.000000s ]
INFO: [ view_parse ] --START--
INFO: [ template_filter ] --START--
INFO: Run Behavior\ContentReplaceBehavior [ RunTime:0.000000s ]
INFO: [ template_filter ] --END-- [ RunTime:0.000000s ]
NOTIC: [8] Undefined index: cid D:\wamp\www\mall\mall\Runtime\Cache\Admin\2c26c34f23ab388c6123fa857a771ef6.php 第 47 行.
NOTIC: [8] Undefined index: cid D:\wamp\www\mall\mall\Runtime\Cache\Admin\2c26c34f23ab388c6123fa857a771ef6.php 第 47 行.
NOTIC: [8] Undefined index: cid D:\wamp\www\mall\mall\Runtime\Cache\Admin\2c26c34f23ab388c6123fa857a771ef6.php 第 47 行.
NOTIC: [8] Undefined index: cid D:\wamp\www\mall\mall\Runtime\Cache\Admin\2c26c34f23ab388c6123fa857a771ef6.php 第 47 行.
NOTIC: [8] Undefined index: cid D:\wamp\www\mall\mall\Runtime\Cache\Admin\2c26c34f23ab388c6123fa857a771ef6.php 第 47 行.
NOTIC: [8] Undefined index: cid D:\wamp\www\mall\mall\Runtime\Cache\Admin\2c26c34f23ab388c6123fa857a771ef6.php 第 47 行.
NOTIC: [8] Undefined index: cid D:\wamp\www\mall\mall\Runtime\Cache\Admin\2c26c34f23ab388c6123fa857a771ef6.php 第 47 行.
NOTIC: [8] Undefined index: cid D:\wamp\www\mall\mall\Runtime\Cache\Admin\2c26c34f23ab388c6123fa857a771ef6.php 第 47 行.
NOTIC: [8] Undefined index: cid D:\wamp\www\mall\mall\Runtime\Cache\Admin\2c26c34f23ab388c6123fa857a771ef6.php 第 47 行.
NOTIC: [8] Undefined index: cid D:\wamp\www\mall\mall\Runtime\Cache\Admin\2c26c34f23ab388c6123fa857a771ef6.php 第 47 行.
NOTIC: [8] Undefined index: cid D:\wamp\www\mall\mall\Runtime\Cache\Admin\2c26c34f23ab388c6123fa857a771ef6.php 第 47 行.
NOTIC: [8] Undefined index: cid D:\wamp\www\mall\mall\Runtime\Cache\Admin\2c26c34f23ab388c6123fa857a771ef6.php 第 47 行.
NOTIC: [8] Undefined index: cid D:\wamp\www\mall\mall\Runtime\Cache\Admin\2c26c34f23ab388c6123fa857a771ef6.php 第 47 行.
NOTIC: [8] Undefined index: cid D:\wamp\www\mall\mall\Runtime\Cache\Admin\2c26c34f23ab388c6123fa857a771ef6.php 第 47 行.
NOTIC: [8] Undefined index: cid D:\wamp\www\mall\mall\Runtime\Cache\Admin\2c26c34f23ab388c6123fa857a771ef6.php 第 47 行.
NOTIC: [8] Undefined index: cid D:\wamp\www\mall\mall\Runtime\Cache\Admin\2c26c34f23ab388c6123fa857a771ef6.php 第 47 行.
NOTIC: [8] Undefined index: cid D:\wamp\www\mall\mall\Runtime\Cache\Admin\2c26c34f23ab388c6123fa857a771ef6.php 第 47 行.
NOTIC: [8] Undefined index: cid D:\wamp\www\mall\mall\Runtime\Cache\Admin\2c26c34f23ab388c6123fa857a771ef6.php 第 47 行.
NOTIC: [8] Undefined index: cid D:\wamp\www\mall\mall\Runtime\Cache\Admin\2c26c34f23ab388c6123fa857a771ef6.php 第 47 行.
NOTIC: [8] Undefined index: cid D:\wamp\www\mall\mall\Runtime\Cache\Admin\2c26c34f23ab388c6123fa857a771ef6.php 第 47 行.
NOTIC: [8] Undefined index: cid D:\wamp\www\mall\mall\Runtime\Cache\Admin\2c26c34f23ab388c6123fa857a771ef6.php 第 47 行.
NOTIC: [8] Undefined index: cid D:\wamp\www\mall\mall\Runtime\Cache\Admin\2c26c34f23ab388c6123fa857a771ef6.php 第 47 行.
NOTIC: [8] Undefined index: cid D:\wamp\www\mall\mall\Runtime\Cache\Admin\2c26c34f23ab388c6123fa857a771ef6.php 第 47 行.
NOTIC: [8] Undefined index: cid D:\wamp\www\mall\mall\Runtime\Cache\Admin\2c26c34f23ab388c6123fa857a771ef6.php 第 47 行.
NOTIC: [8] Undefined index: cid D:\wamp\www\mall\mall\Runtime\Cache\Admin\2c26c34f23ab388c6123fa857a771ef6.php 第 47 行.
NOTIC: [8] Undefined index: cid D:\wamp\www\mall\mall\Runtime\Cache\Admin\2c26c34f23ab388c6123fa857a771ef6.php 第 47 行.
INFO: Run Behavior\ParseTemplateBehavior [ RunTime:0.022000s ]
INFO: [ view_parse ] --END-- [ RunTime:0.022000s ]
INFO: [ view_filter ] --START--
INFO: Run Behavior\WriteHtmlCacheBehavior [ RunTime:0.000000s ]
INFO: [ view_filter ] --END-- [ RunTime:0.001000s ]
INFO: [ app_end ] --START--
INFO: Run Behavior\ShowPageTraceBehavior [ RunTime:0.001000s ]
INFO: [ app_end ] --END-- [ RunTime:0.001000s ]

[ 2016-07-17T18:37:16+08:00 ] 127.0.0.1 /mall/Admin/GoodType/index.html?v=4.0
INFO: [ app_init ] --START--
INFO: Run Behavior\BuildLiteBehavior [ RunTime:0.000000s ]
INFO: [ app_init ] --END-- [ RunTime:0.000000s ]
INFO: [ app_begin ] --START--
INFO: Run Behavior\ReadHtmlCacheBehavior [ RunTime:0.001000s ]
INFO: [ app_begin ] --END-- [ RunTime:0.001000s ]
SQL: DESCRIBE ts_goods_type [ RunTime:0.002000s ]
SQL: SELECT COUNT(*) AS tp_count FROM `ts_goods_type` LIMIT 1   [ RunTime:0.000000s ]
NOTIC: [8] Use of undefined constant PAGE_SIZE - assumed 'PAGE_SIZE' D:\wamp\www\mall\mall\Admin\Controller\GoodTypeController.class.php 第 10 行.
NOTIC: [8] Use of undefined constant PAGE_SIZE - assumed 'PAGE_SIZE' D:\wamp\www\mall\mall\Admin\Controller\GoodTypeController.class.php 第 13 行.
NOTIC: [8] Use of undefined constant PAGE_SIZE - assumed 'PAGE_SIZE' D:\wamp\www\mall\mall\Admin\Controller\GoodTypeController.class.php 第 17 行.
SQL: SELECT `goods_type_id`,`type_name` FROM `ts_goods_type` LIMIT 0,10   [ RunTime:0.001000s ]
INFO: [ view_parse ] --START--
INFO: [ template_filter ] --START--
INFO: Run Behavior\ContentReplaceBehavior [ RunTime:0.000000s ]
INFO: [ template_filter ] --END-- [ RunTime:0.000000s ]
INFO: Run Behavior\ParseTemplateBehavior [ RunTime:0.012000s ]
INFO: [ view_parse ] --END-- [ RunTime:0.012000s ]
INFO: [ view_filter ] --START--
INFO: Run Behavior\WriteHtmlCacheBehavior [ RunTime:0.001000s ]
INFO: [ view_filter ] --END-- [ RunTime:0.001000s ]
INFO: [ app_end ] --START--
INFO: Run Behavior\ShowPageTraceBehavior [ RunTime:0.001000s ]
INFO: [ app_end ] --END-- [ RunTime:0.001000s ]

[ 2016-07-17T18:37:23+08:00 ] 127.0.0.1 /mall/Admin/Goods/
INFO: [ app_init ] --START--
INFO: Run Behavior\BuildLiteBehavior [ RunTime:0.000000s ]
INFO: [ app_init ] --END-- [ RunTime:0.000000s ]
INFO: [ app_begin ] --START--
INFO: Run Behavior\ReadHtmlCacheBehavior [ RunTime:0.000000s ]
INFO: [ app_begin ] --END-- [ RunTime:0.001000s ]
SQL: DESCRIBE ts_category [ RunTime:0.003000s ]
SQL: select category_id,category_name,pid,is_nav,status,CONCAT(path,'-',category_id) as depath,path,goods_type_id from ts_category where status=1 order by depath ASC [ RunTime:0.001000s ]
SQL: DESCRIBE ts_brand [ RunTime:0.003000s ]
SQL: SELECT * FROM `ts_brand` ORDER BY sort DESC  [ RunTime:0.000000s ]
SQL: DESCRIBE ts_goods [ RunTime:0.003000s ]
SQL: SELECT `goods_id`,`goods_name`,`goods_price`,`goods_sn`,`is_on_sale`,`is_hot`,`is_well`,`is_first`,`sku` FROM `ts_goods` ORDER BY created DESC  [ RunTime:0.000000s ]
INFO: [ view_parse ] --START--
INFO: [ template_filter ] --START--
INFO: Run Behavior\ContentReplaceBehavior [ RunTime:0.000000s ]
INFO: [ template_filter ] --END-- [ RunTime:0.000000s ]
NOTIC: [8] Undefined variable: category_id D:\wamp\www\mall\mall\Runtime\Cache\Admin\3ea905b335e38bad065eef00e80c359f.php 第 53 行.
NOTIC: [8] Undefined variable: category_id D:\wamp\www\mall\mall\Runtime\Cache\Admin\3ea905b335e38bad065eef00e80c359f.php 第 53 行.
NOTIC: [8] Undefined variable: category_id D:\wamp\www\mall\mall\Runtime\Cache\Admin\3ea905b335e38bad065eef00e80c359f.php 第 53 行.
NOTIC: [8] Undefined variable: category_id D:\wamp\www\mall\mall\Runtime\Cache\Admin\3ea905b335e38bad065eef00e80c359f.php 第 53 行.
NOTIC: [8] Undefined variable: category_id D:\wamp\www\mall\mall\Runtime\Cache\Admin\3ea905b335e38bad065eef00e80c359f.php 第 53 行.
NOTIC: [8] Undefined variable: category_id D:\wamp\www\mall\mall\Runtime\Cache\Admin\3ea905b335e38bad065eef00e80c359f.php 第 53 行.
NOTIC: [8] Undefined variable: category_id D:\wamp\www\mall\mall\Runtime\Cache\Admin\3ea905b335e38bad065eef00e80c359f.php 第 53 行.
NOTIC: [8] Undefined variable: category_id D:\wamp\www\mall\mall\Runtime\Cache\Admin\3ea905b335e38bad065eef00e80c359f.php 第 53 行.
NOTIC: [8] Undefined variable: category_id D:\wamp\www\mall\mall\Runtime\Cache\Admin\3ea905b335e38bad065eef00e80c359f.php 第 53 行.
NOTIC: [8] Undefined variable: category_id D:\wamp\www\mall\mall\Runtime\Cache\Admin\3ea905b335e38bad065eef00e80c359f.php 第 53 行.
NOTIC: [8] Undefined variable: category_id D:\wamp\www\mall\mall\Runtime\Cache\Admin\3ea905b335e38bad065eef00e80c359f.php 第 53 行.
NOTIC: [8] Undefined variable: category_id D:\wamp\www\mall\mall\Runtime\Cache\Admin\3ea905b335e38bad065eef00e80c359f.php 第 53 行.
NOTIC: [8] Undefined variable: category_id D:\wamp\www\mall\mall\Runtime\Cache\Admin\3ea905b335e38bad065eef00e80c359f.php 第 53 行.
NOTIC: [8] Undefined variable: category_id D:\wamp\www\mall\mall\Runtime\Cache\Admin\3ea905b335e38bad065eef00e80c359f.php 第 53 行.
NOTIC: [8] Undefined variable: category_id D:\wamp\www\mall\mall\Runtime\Cache\Admin\3ea905b335e38bad065eef00e80c359f.php 第 53 行.
NOTIC: [8] Undefined variable: category_id D:\wamp\www\mall\mall\Runtime\Cache\Admin\3ea905b335e38bad065eef00e80c359f.php 第 53 行.
NOTIC: [8] Undefined variable: category_id D:\wamp\www\mall\mall\Runtime\Cache\Admin\3ea905b335e38bad065eef00e80c359f.php 第 53 行.
NOTIC: [8] Undefined variable: category_id D:\wamp\www\mall\mall\Runtime\Cache\Admin\3ea905b335e38bad065eef00e80c359f.php 第 53 行.
NOTIC: [8] Undefined variable: category_id D:\wamp\www\mall\mall\Runtime\Cache\Admin\3ea905b335e38bad065eef00e80c359f.php 第 53 行.
NOTIC: [8] Undefined variable: category_id D:\wamp\www\mall\mall\Runtime\Cache\Admin\3ea905b335e38bad065eef00e80c359f.php 第 53 行.
NOTIC: [8] Undefined variable: category_id D:\wamp\www\mall\mall\Runtime\Cache\Admin\3ea905b335e38bad065eef00e80c359f.php 第 53 行.
NOTIC: [8] Undefined variable: category_id D:\wamp\www\mall\mall\Runtime\Cache\Admin\3ea905b335e38bad065eef00e80c359f.php 第 53 行.
NOTIC: [8] Undefined variable: category_id D:\wamp\www\mall\mall\Runtime\Cache\Admin\3ea905b335e38bad065eef00e80c359f.php 第 53 行.
NOTIC: [8] Undefined variable: category_id D:\wamp\www\mall\mall\Runtime\Cache\Admin\3ea905b335e38bad065eef00e80c359f.php 第 53 行.
NOTIC: [8] Undefined variable: category_id D:\wamp\www\mall\mall\Runtime\Cache\Admin\3ea905b335e38bad065eef00e80c359f.php 第 53 行.
NOTIC: [8] Undefined variable: category_id D:\wamp\www\mall\mall\Runtime\Cache\Admin\3ea905b335e38bad065eef00e80c359f.php 第 53 行.
NOTIC: [8] Undefined variable: category_id D:\wamp\www\mall\mall\Runtime\Cache\Admin\3ea905b335e38bad065eef00e80c359f.php 第 53 行.
NOTIC: [8] Undefined variable: category_id D:\wamp\www\mall\mall\Runtime\Cache\Admin\3ea905b335e38bad065eef00e80c359f.php 第 53 行.
NOTIC: [8] Undefined variable: category_id D:\wamp\www\mall\mall\Runtime\Cache\Admin\3ea905b335e38bad065eef00e80c359f.php 第 53 行.
NOTIC: [8] Undefined variable: category_id D:\wamp\www\mall\mall\Runtime\Cache\Admin\3ea905b335e38bad065eef00e80c359f.php 第 53 行.
NOTIC: [8] Undefined variable: show_brand D:\wamp\www\mall\mall\Runtime\Cache\Admin\3ea905b335e38bad065eef00e80c359f.php 第 64 行.
NOTIC: [8] Undefined variable: show_brand D:\wamp\www\mall\mall\Runtime\Cache\Admin\3ea905b335e38bad065eef00e80c359f.php 第 64 行.
NOTIC: [8] Undefined variable: show_brand D:\wamp\www\mall\mall\Runtime\Cache\Admin\3ea905b335e38bad065eef00e80c359f.php 第 64 行.
NOTIC: [8] Undefined variable: show_brand D:\wamp\www\mall\mall\Runtime\Cache\Admin\3ea905b335e38bad065eef00e80c359f.php 第 64 行.
NOTIC: [8] Undefined variable: show_brand D:\wamp\www\mall\mall\Runtime\Cache\Admin\3ea905b335e38bad065eef00e80c359f.php 第 64 行.
NOTIC: [8] Undefined variable: show_brand D:\wamp\www\mall\mall\Runtime\Cache\Admin\3ea905b335e38bad065eef00e80c359f.php 第 64 行.
NOTIC: [8] Undefined variable: show_brand D:\wamp\www\mall\mall\Runtime\Cache\Admin\3ea905b335e38bad065eef00e80c359f.php 第 64 行.
NOTIC: [8] Undefined variable: promote_type D:\wamp\www\mall\mall\Runtime\Cache\Admin\3ea905b335e38bad065eef00e80c359f.php 第 70 行.
NOTIC: [8] Undefined variable: promote_type D:\wamp\www\mall\mall\Runtime\Cache\Admin\3ea905b335e38bad065eef00e80c359f.php 第 71 行.
NOTIC: [8] Undefined variable: promote_type D:\wamp\www\mall\mall\Runtime\Cache\Admin\3ea905b335e38bad065eef00e80c359f.php 第 72 行.
NOTIC: [8] Undefined variable: is_on_sale D:\wamp\www\mall\mall\Runtime\Cache\Admin\3ea905b335e38bad065eef00e80c359f.php 第 78 行.
NOTIC: [8] Undefined variable: is_on_sale D:\wamp\www\mall\mall\Runtime\Cache\Admin\3ea905b335e38bad065eef00e80c359f.php 第 79 行.
NOTIC: [8] Undefined variable: keywords D:\wamp\www\mall\mall\Runtime\Cache\Admin\3ea905b335e38bad065eef00e80c359f.php 第 85 行.
INFO: Run Behavior\ParseTemplateBehavior [ RunTime:0.023000s ]
INFO: [ view_parse ] --END-- [ RunTime:0.023000s ]
INFO: [ view_filter ] --START--
INFO: Run Behavior\WriteHtmlCacheBehavior [ RunTime:0.000000s ]
INFO: [ view_filter ] --END-- [ RunTime:0.000000s ]
INFO: [ app_end ] --START--
INFO: Run Behavior\ShowPageTraceBehavior [ RunTime:0.000000s ]
INFO: [ app_end ] --END-- [ RunTime:0.001000s ]

[ 2016-07-17T18:37:26+08:00 ] 127.0.0.1 /mall/Admin/Goods/
INFO: [ app_init ] --START--
INFO: Run Behavior\BuildLiteBehavior [ RunTime:0.000000s ]
INFO: [ app_init ] --END-- [ RunTime:0.000000s ]
INFO: [ app_begin ] --START--
INFO: Run Behavior\ReadHtmlCacheBehavior [ RunTime:0.000000s ]
INFO: [ app_begin ] --END-- [ RunTime:0.000000s ]
SQL: DESCRIBE ts_category [ RunTime:0.002000s ]
SQL: select category_id,category_name,pid,is_nav,status,CONCAT(path,'-',category_id) as depath,path,goods_type_id from ts_category where status=1 order by depath ASC [ RunTime:0.000000s ]
SQL: DESCRIBE ts_brand [ RunTime:0.003000s ]
SQL: SELECT * FROM `ts_brand` ORDER BY sort DESC  [ RunTime:0.001000s ]
SQL: DESCRIBE ts_goods [ RunTime:0.002000s ]
SQL: SELECT `goods_id`,`goods_name`,`goods_price`,`goods_sn`,`is_on_sale`,`is_hot`,`is_well`,`is_first`,`sku` FROM `ts_goods` ORDER BY created DESC  [ RunTime:0.001000s ]
INFO: [ view_parse ] --START--
INFO: [ template_filter ] --START--
INFO: Run Behavior\ContentReplaceBehavior [ RunTime:0.001000s ]
INFO: [ template_filter ] --END-- [ RunTime:0.001000s ]
NOTIC: [8] Undefined variable: category_id D:\wamp\www\mall\mall\Runtime\Cache\Admin\3ea905b335e38bad065eef00e80c359f.php 第 53 行.
NOTIC: [8] Undefined variable: category_id D:\wamp\www\mall\mall\Runtime\Cache\Admin\3ea905b335e38bad065eef00e80c359f.php 第 53 行.
NOTIC: [8] Undefined variable: category_id D:\wamp\www\mall\mall\Runtime\Cache\Admin\3ea905b335e38bad065eef00e80c359f.php 第 53 行.
NOTIC: [8] Undefined variable: category_id D:\wamp\www\mall\mall\Runtime\Cache\Admin\3ea905b335e38bad065eef00e80c359f.php 第 53 行.
NOTIC: [8] Undefined variable: category_id D:\wamp\www\mall\mall\Runtime\Cache\Admin\3ea905b335e38bad065eef00e80c359f.php 第 53 行.
NOTIC: [8] Undefined variable: category_id D:\wamp\www\mall\mall\Runtime\Cache\Admin\3ea905b335e38bad065eef00e80c359f.php 第 53 行.
NOTIC: [8] Undefined variable: category_id D:\wamp\www\mall\mall\Runtime\Cache\Admin\3ea905b335e38bad065eef00e80c359f.php 第 53 行.
NOTIC: [8] Undefined variable: category_id D:\wamp\www\mall\mall\Runtime\Cache\Admin\3ea905b335e38bad065eef00e80c359f.php 第 53 行.
NOTIC: [8] Undefined variable: category_id D:\wamp\www\mall\mall\Runtime\Cache\Admin\3ea905b335e38bad065eef00e80c359f.php 第 53 行.
NOTIC: [8] Undefined variable: category_id D:\wamp\www\mall\mall\Runtime\Cache\Admin\3ea905b335e38bad065eef00e80c359f.php 第 53 行.
NOTIC: [8] Undefined variable: category_id D:\wamp\www\mall\mall\Runtime\Cache\Admin\3ea905b335e38bad065eef00e80c359f.php 第 53 行.
NOTIC: [8] Undefined variable: category_id D:\wamp\www\mall\mall\Runtime\Cache\Admin\3ea905b335e38bad065eef00e80c359f.php 第 53 行.
NOTIC: [8] Undefined variable: category_id D:\wamp\www\mall\mall\Runtime\Cache\Admin\3ea905b335e38bad065eef00e80c359f.php 第 53 行.
NOTIC: [8] Undefined variable: category_id D:\wamp\www\mall\mall\Runtime\Cache\Admin\3ea905b335e38bad065eef00e80c359f.php 第 53 行.
NOTIC: [8] Undefined variable: category_id D:\wamp\www\mall\mall\Runtime\Cache\Admin\3ea905b335e38bad065eef00e80c359f.php 第 53 行.
NOTIC: [8] Undefined variable: category_id D:\wamp\www\mall\mall\Runtime\Cache\Admin\3ea905b335e38bad065eef00e80c359f.php 第 53 行.
NOTIC: [8] Undefined variable: category_id D:\wamp\www\mall\mall\Runtime\Cache\Admin\3ea905b335e38bad065eef00e80c359f.php 第 53 行.
NOTIC: [8] Undefined variable: category_id D:\wamp\www\mall\mall\Runtime\Cache\Admin\3ea905b335e38bad065eef00e80c359f.php 第 53 行.
NOTIC: [8] Undefined variable: category_id D:\wamp\www\mall\mall\Runtime\Cache\Admin\3ea905b335e38bad065eef00e80c359f.php 第 53 行.
NOTIC: [8] Undefined variable: category_id D:\wamp\www\mall\mall\Runtime\Cache\Admin\3ea905b335e38bad065eef00e80c359f.php 第 53 行.
NOTIC: [8] Undefined variable: category_id D:\wamp\www\mall\mall\Runtime\Cache\Admin\3ea905b335e38bad065eef00e80c359f.php 第 53 行.
NOTIC: [8] Undefined variable: category_id D:\wamp\www\mall\mall\Runtime\Cache\Admin\3ea905b335e38bad065eef00e80c359f.php 第 53 行.
NOTIC: [8] Undefined variable: category_id D:\wamp\www\mall\mall\Runtime\Cache\Admin\3ea905b335e38bad065eef00e80c359f.php 第 53 行.
NOTIC: [8] Undefined variable: category_id D:\wamp\www\mall\mall\Runtime\Cache\Admin\3ea905b335e38bad065eef00e80c359f.php 第 53 行.
NOTIC: [8] Undefined variable: category_id D:\wamp\www\mall\mall\Runtime\Cache\Admin\3ea905b335e38bad065eef00e80c359f.php 第 53 行.
NOTIC: [8] Undefined variable: category_id D:\wamp\www\mall\mall\Runtime\Cache\Admin\3ea905b335e38bad065eef00e80c359f.php 第 53 行.
NOTIC: [8] Undefined variable: category_id D:\wamp\www\mall\mall\Runtime\Cache\Admin\3ea905b335e38bad065eef00e80c359f.php 第 53 行.
NOTIC: [8] Undefined variable: category_id D:\wamp\www\mall\mall\Runtime\Cache\Admin\3ea905b335e38bad065eef00e80c359f.php 第 53 行.
NOTIC: [8] Undefined variable: category_id D:\wamp\www\mall\mall\Runtime\Cache\Admin\3ea905b335e38bad065eef00e80c359f.php 第 53 行.
NOTIC: [8] Undefined variable: category_id D:\wamp\www\mall\mall\Runtime\Cache\Admin\3ea905b335e38bad065eef00e80c359f.php 第 53 行.
NOTIC: [8] Undefined variable: show_brand D:\wamp\www\mall\mall\Runtime\Cache\Admin\3ea905b335e38bad065eef00e80c359f.php 第 64 行.
NOTIC: [8] Undefined variable: show_brand D:\wamp\www\mall\mall\Runtime\Cache\Admin\3ea905b335e38bad065eef00e80c359f.php 第 64 行.
NOTIC: [8] Undefined variable: show_brand D:\wamp\www\mall\mall\Runtime\Cache\Admin\3ea905b335e38bad065eef00e80c359f.php 第 64 行.
NOTIC: [8] Undefined variable: show_brand D:\wamp\www\mall\mall\Runtime\Cache\Admin\3ea905b335e38bad065eef00e80c359f.php 第 64 行.
NOTIC: [8] Undefined variable: show_brand D:\wamp\www\mall\mall\Runtime\Cache\Admin\3ea905b335e38bad065eef00e80c359f.php 第 64 行.
NOTIC: [8] Undefined variable: show_brand D:\wamp\www\mall\mall\Runtime\Cache\Admin\3ea905b335e38bad065eef00e80c359f.php 第 64 行.
NOTIC: [8] Undefined variable: show_brand D:\wamp\www\mall\mall\Runtime\Cache\Admin\3ea905b335e38bad065eef00e80c359f.php 第 64 行.
NOTIC: [8] Undefined variable: promote_type D:\wamp\www\mall\mall\Runtime\Cache\Admin\3ea905b335e38bad065eef00e80c359f.php 第 70 行.
NOTIC: [8] Undefined variable: promote_type D:\wamp\www\mall\mall\Runtime\Cache\Admin\3ea905b335e38bad065eef00e80c359f.php 第 71 行.
NOTIC: [8] Undefined variable: promote_type D:\wamp\www\mall\mall\Runtime\Cache\Admin\3ea905b335e38bad065eef00e80c359f.php 第 72 行.
NOTIC: [8] Undefined variable: is_on_sale D:\wamp\www\mall\mall\Runtime\Cache\Admin\3ea905b335e38bad065eef00e80c359f.php 第 78 行.
NOTIC: [8] Undefined variable: is_on_sale D:\wamp\www\mall\mall\Runtime\Cache\Admin\3ea905b335e38bad065eef00e80c359f.php 第 79 行.
NOTIC: [8] Undefined variable: keywords D:\wamp\www\mall\mall\Runtime\Cache\Admin\3ea905b335e38bad065eef00e80c359f.php 第 85 行.
INFO: Run Behavior\ParseTemplateBehavior [ RunTime:0.023000s ]
INFO: [ view_parse ] --END-- [ RunTime:0.023000s ]
INFO: [ view_filter ] --START--
INFO: Run Behavior\WriteHtmlCacheBehavior [ RunTime:0.001000s ]
INFO: [ view_filter ] --END-- [ RunTime:0.001000s ]
INFO: [ app_end ] --START--
INFO: Run Behavior\ShowPageTraceBehavior [ RunTime:0.001000s ]
INFO: [ app_end ] --END-- [ RunTime:0.001000s ]

[ 2016-07-17T18:38:45+08:00 ] 127.0.0.1 /mall/Admin/Goods/
INFO: [ app_init ] --START--
INFO: Run Behavior\BuildLiteBehavior [ RunTime:0.000000s ]
INFO: [ app_init ] --END-- [ RunTime:0.000000s ]
INFO: [ app_begin ] --START--
INFO: Run Behavior\ReadHtmlCacheBehavior [ RunTime:0.001000s ]
INFO: [ app_begin ] --END-- [ RunTime:0.001000s ]
SQL: DESCRIBE ts_category [ RunTime:0.003000s ]
SQL: select category_id,category_name,pid,is_nav,status,CONCAT(path,'-',category_id) as depath,path,goods_type_id from ts_category where status=1 order by depath ASC [ RunTime:0.000000s ]
SQL: DESCRIBE ts_brand [ RunTime:0.004000s ]
SQL: SELECT * FROM `ts_brand` ORDER BY sort DESC  [ RunTime:0.001000s ]
SQL: DESCRIBE ts_goods [ RunTime:0.003000s ]
SQL: SELECT `goods_id`,`goods_name`,`goods_price`,`goods_sn`,`is_on_sale`,`is_hot`,`is_well`,`is_first`,`sku` FROM `ts_goods` ORDER BY created DESC  [ RunTime:0.000000s ]
INFO: [ view_parse ] --START--
INFO: [ template_filter ] --START--
INFO: Run Behavior\ContentReplaceBehavior [ RunTime:0.000000s ]
INFO: [ template_filter ] --END-- [ RunTime:0.001000s ]
NOTIC: [8] Undefined variable: category_id D:\wamp\www\mall\mall\Runtime\Cache\Admin\3ea905b335e38bad065eef00e80c359f.php 第 53 行.
NOTIC: [8] Undefined variable: category_id D:\wamp\www\mall\mall\Runtime\Cache\Admin\3ea905b335e38bad065eef00e80c359f.php 第 53 行.
NOTIC: [8] Undefined variable: category_id D:\wamp\www\mall\mall\Runtime\Cache\Admin\3ea905b335e38bad065eef00e80c359f.php 第 53 行.
NOTIC: [8] Undefined variable: category_id D:\wamp\www\mall\mall\Runtime\Cache\Admin\3ea905b335e38bad065eef00e80c359f.php 第 53 行.
NOTIC: [8] Undefined variable: category_id D:\wamp\www\mall\mall\Runtime\Cache\Admin\3ea905b335e38bad065eef00e80c359f.php 第 53 行.
NOTIC: [8] Undefined variable: category_id D:\wamp\www\mall\mall\Runtime\Cache\Admin\3ea905b335e38bad065eef00e80c359f.php 第 53 行.
NOTIC: [8] Undefined variable: category_id D:\wamp\www\mall\mall\Runtime\Cache\Admin\3ea905b335e38bad065eef00e80c359f.php 第 53 行.
NOTIC: [8] Undefined variable: category_id D:\wamp\www\mall\mall\Runtime\Cache\Admin\3ea905b335e38bad065eef00e80c359f.php 第 53 行.
NOTIC: [8] Undefined variable: category_id D:\wamp\www\mall\mall\Runtime\Cache\Admin\3ea905b335e38bad065eef00e80c359f.php 第 53 行.
NOTIC: [8] Undefined variable: category_id D:\wamp\www\mall\mall\Runtime\Cache\Admin\3ea905b335e38bad065eef00e80c359f.php 第 53 行.
NOTIC: [8] Undefined variable: category_id D:\wamp\www\mall\mall\Runtime\Cache\Admin\3ea905b335e38bad065eef00e80c359f.php 第 53 行.
NOTIC: [8] Undefined variable: category_id D:\wamp\www\mall\mall\Runtime\Cache\Admin\3ea905b335e38bad065eef00e80c359f.php 第 53 行.
NOTIC: [8] Undefined variable: category_id D:\wamp\www\mall\mall\Runtime\Cache\Admin\3ea905b335e38bad065eef00e80c359f.php 第 53 行.
NOTIC: [8] Undefined variable: category_id D:\wamp\www\mall\mall\Runtime\Cache\Admin\3ea905b335e38bad065eef00e80c359f.php 第 53 行.
NOTIC: [8] Undefined variable: category_id D:\wamp\www\mall\mall\Runtime\Cache\Admin\3ea905b335e38bad065eef00e80c359f.php 第 53 行.
NOTIC: [8] Undefined variable: category_id D:\wamp\www\mall\mall\Runtime\Cache\Admin\3ea905b335e38bad065eef00e80c359f.php 第 53 行.
NOTIC: [8] Undefined variable: category_id D:\wamp\www\mall\mall\Runtime\Cache\Admin\3ea905b335e38bad065eef00e80c359f.php 第 53 行.
NOTIC: [8] Undefined variable: category_id D:\wamp\www\mall\mall\Runtime\Cache\Admin\3ea905b335e38bad065eef00e80c359f.php 第 53 行.
NOTIC: [8] Undefined variable: category_id D:\wamp\www\mall\mall\Runtime\Cache\Admin\3ea905b335e38bad065eef00e80c359f.php 第 53 行.
NOTIC: [8] Undefined variable: category_id D:\wamp\www\mall\mall\Runtime\Cache\Admin\3ea905b335e38bad065eef00e80c359f.php 第 53 行.
NOTIC: [8] Undefined variable: category_id D:\wamp\www\mall\mall\Runtime\Cache\Admin\3ea905b335e38bad065eef00e80c359f.php 第 53 行.
NOTIC: [8] Undefined variable: category_id D:\wamp\www\mall\mall\Runtime\Cache\Admin\3ea905b335e38bad065eef00e80c359f.php 第 53 行.
NOTIC: [8] Undefined variable: category_id D:\wamp\www\mall\mall\Runtime\Cache\Admin\3ea905b335e38bad065eef00e80c359f.php 第 53 行.
NOTIC: [8] Undefined variable: category_id D:\wamp\www\mall\mall\Runtime\Cache\Admin\3ea905b335e38bad065eef00e80c359f.php 第 53 行.
NOTIC: [8] Undefined variable: category_id D:\wamp\www\mall\mall\Runtime\Cache\Admin\3ea905b335e38bad065eef00e80c359f.php 第 53 行.
NOTIC: [8] Undefined variable: category_id D:\wamp\www\mall\mall\Runtime\Cache\Admin\3ea905b335e38bad065eef00e80c359f.php 第 53 行.
NOTIC: [8] Undefined variable: category_id D:\wamp\www\mall\mall\Runtime\Cache\Admin\3ea905b335e38bad065eef00e80c359f.php 第 53 行.
NOTIC: [8] Undefined variable: category_id D:\wamp\www\mall\mall\Runtime\Cache\Admin\3ea905b335e38bad065eef00e80c359f.php 第 53 行.
NOTIC: [8] Undefined variable: category_id D:\wamp\www\mall\mall\Runtime\Cache\Admin\3ea905b335e38bad065eef00e80c359f.php 第 53 行.
NOTIC: [8] Undefined variable: category_id D:\wamp\www\mall\mall\Runtime\Cache\Admin\3ea905b335e38bad065eef00e80c359f.php 第 53 行.
NOTIC: [8] Undefined variable: show_brand D:\wamp\www\mall\mall\Runtime\Cache\Admin\3ea905b335e38bad065eef00e80c359f.php 第 64 行.
NOTIC: [8] Undefined variable: show_brand D:\wamp\www\mall\mall\Runtime\Cache\Admin\3ea905b335e38bad065eef00e80c359f.php 第 64 行.
NOTIC: [8] Undefined variable: show_brand D:\wamp\www\mall\mall\Runtime\Cache\Admin\3ea905b335e38bad065eef00e80c359f.php 第 64 行.
NOTIC: [8] Undefined variable: show_brand D:\wamp\www\mall\mall\Runtime\Cache\Admin\3ea905b335e38bad065eef00e80c359f.php 第 64 行.
NOTIC: [8] Undefined variable: show_brand D:\wamp\www\mall\mall\Runtime\Cache\Admin\3ea905b335e38bad065eef00e80c359f.php 第 64 行.
NOTIC: [8] Undefined variable: show_brand D:\wamp\www\mall\mall\Runtime\Cache\Admin\3ea905b335e38bad065eef00e80c359f.php 第 64 行.
NOTIC: [8] Undefined variable: show_brand D:\wamp\www\mall\mall\Runtime\Cache\Admin\3ea905b335e38bad065eef00e80c359f.php 第 64 行.
NOTIC: [8] Undefined variable: promote_type D:\wamp\www\mall\mall\Runtime\Cache\Admin\3ea905b335e38bad065eef00e80c359f.php 第 70 行.
NOTIC: [8] Undefined variable: promote_type D:\wamp\www\mall\mall\Runtime\Cache\Admin\3ea905b335e38bad065eef00e80c359f.php 第 71 行.
NOTIC: [8] Undefined variable: promote_type D:\wamp\www\mall\mall\Runtime\Cache\Admin\3ea905b335e38bad065eef00e80c359f.php 第 72 行.
NOTIC: [8] Undefined variable: is_on_sale D:\wamp\www\mall\mall\Runtime\Cache\Admin\3ea905b335e38bad065eef00e80c359f.php 第 78 行.
NOTIC: [8] Undefined variable: is_on_sale D:\wamp\www\mall\mall\Runtime\Cache\Admin\3ea905b335e38bad065eef00e80c359f.php 第 79 行.
NOTIC: [8] Undefined variable: keywords D:\wamp\www\mall\mall\Runtime\Cache\Admin\3ea905b335e38bad065eef00e80c359f.php 第 85 行.
INFO: Run Behavior\ParseTemplateBehavior [ RunTime:0.022000s ]
INFO: [ view_parse ] --END-- [ RunTime:0.022000s ]
INFO: [ view_filter ] --START--
INFO: Run Behavior\WriteHtmlCacheBehavior [ RunTime:0.000000s ]
INFO: [ view_filter ] --END-- [ RunTime:0.001000s ]
INFO: [ app_end ] --START--
INFO: Run Behavior\ShowPageTraceBehavior [ RunTime:0.001000s ]
INFO: [ app_end ] --END-- [ RunTime:0.001000s ]

