[ 2016-06-29T20:20:45+08:00 ] 127.0.0.1 /mall/Cart/updateCartNums.html
INFO: [ app_init ] --START--
INFO: Run Behavior\BuildLiteBehavior [ RunTime:0.000000s ]
INFO: [ app_init ] --END-- [ RunTime:0.001000s ]
INFO: [ app_begin ] --START--
INFO: Run Behavior\ReadHtmlCacheBehavior [ RunTime:0.000000s ]
INFO: [ app_begin ] --END-- [ RunTime:0.000000s ]
SQL: DESCRIBE ts_product [ RunTime:0.003000s ]
SQL: DESCRIBE ts_goods [ RunTime:0.003000s ]
SQL: SELECT `sku` FROM `ts_goods` WHERE ( goods_id=96 ) LIMIT 1   [ RunTime:0.000000s ]

[ 2016-06-29T20:20:46+08:00 ] 127.0.0.1 /mall/Cart/updateCartNums.html
INFO: [ app_init ] --START--
INFO: Run Behavior\BuildLiteBehavior [ RunTime:0.000000s ]
INFO: [ app_init ] --END-- [ RunTime:0.001000s ]
INFO: [ app_begin ] --START--
INFO: Run Behavior\ReadHtmlCacheBehavior [ RunTime:0.000000s ]
INFO: [ app_begin ] --END-- [ RunTime:0.001000s ]
SQL: DESCRIBE ts_product [ RunTime:0.004000s ]
SQL: DESCRIBE ts_goods [ RunTime:0.004000s ]
SQL: SELECT `sku` FROM `ts_goods` WHERE ( goods_id=96 ) LIMIT 1   [ RunTime:0.001000s ]

[ 2016-06-29T20:20:46+08:00 ] 127.0.0.1 /mall/Cart/updateCartNums.html
INFO: [ app_init ] --START--
INFO: Run Behavior\BuildLiteBehavior [ RunTime:0.000000s ]
INFO: [ app_init ] --END-- [ RunTime:0.001000s ]
INFO: [ app_begin ] --START--
INFO: Run Behavior\ReadHtmlCacheBehavior [ RunTime:0.001000s ]
INFO: [ app_begin ] --END-- [ RunTime:0.001000s ]
SQL: DESCRIBE ts_product [ RunTime:0.003000s ]
SQL: DESCRIBE ts_goods [ RunTime:0.004000s ]
SQL: SELECT `sku` FROM `ts_goods` WHERE ( goods_id=96 ) LIMIT 1   [ RunTime:0.001000s ]

[ 2016-06-29T20:20:46+08:00 ] 127.0.0.1 /mall/Cart/updateCartNums.html
INFO: [ app_init ] --START--
INFO: Run Behavior\BuildLiteBehavior [ RunTime:0.000000s ]
INFO: [ app_init ] --END-- [ RunTime:0.001000s ]
INFO: [ app_begin ] --START--
INFO: Run Behavior\ReadHtmlCacheBehavior [ RunTime:0.001000s ]
INFO: [ app_begin ] --END-- [ RunTime:0.001000s ]
SQL: DESCRIBE ts_product [ RunTime:0.003000s ]
SQL: DESCRIBE ts_goods [ RunTime:0.003000s ]
SQL: SELECT `sku` FROM `ts_goods` WHERE ( goods_id=96 ) LIMIT 1   [ RunTime:0.000000s ]

[ 2016-06-29T20:20:46+08:00 ] 127.0.0.1 /mall/Cart/updateCartNums.html
INFO: [ app_init ] --START--
INFO: Run Behavior\BuildLiteBehavior [ RunTime:0.000000s ]
INFO: [ app_init ] --END-- [ RunTime:0.000000s ]
INFO: [ app_begin ] --START--
INFO: Run Behavior\ReadHtmlCacheBehavior [ RunTime:0.000000s ]
INFO: [ app_begin ] --END-- [ RunTime:0.000000s ]
SQL: DESCRIBE ts_product [ RunTime:0.003000s ]
SQL: DESCRIBE ts_goods [ RunTime:0.003000s ]
SQL: SELECT `sku` FROM `ts_goods` WHERE ( goods_id=96 ) LIMIT 1   [ RunTime:0.000000s ]

[ 2016-06-29T20:20:46+08:00 ] 127.0.0.1 /mall/Cart/updateCartNums.html
INFO: [ app_init ] --START--
INFO: Run Behavior\BuildLiteBehavior [ RunTime:0.000000s ]
INFO: [ app_init ] --END-- [ RunTime:0.000000s ]
INFO: [ app_begin ] --START--
INFO: Run Behavior\ReadHtmlCacheBehavior [ RunTime:0.001000s ]
INFO: [ app_begin ] --END-- [ RunTime:0.001000s ]
SQL: DESCRIBE ts_product [ RunTime:0.004000s ]
SQL: DESCRIBE ts_goods [ RunTime:0.003000s ]
SQL: SELECT `sku` FROM `ts_goods` WHERE ( goods_id=96 ) LIMIT 1   [ RunTime:0.000000s ]

[ 2016-06-29T20:20:46+08:00 ] 127.0.0.1 /mall/Cart/updateCartNums.html
INFO: [ app_init ] --START--
INFO: Run Behavior\BuildLiteBehavior [ RunTime:0.000000s ]
INFO: [ app_init ] --END-- [ RunTime:0.001000s ]
INFO: [ app_begin ] --START--
INFO: Run Behavior\ReadHtmlCacheBehavior [ RunTime:0.001000s ]
INFO: [ app_begin ] --END-- [ RunTime:0.001000s ]
SQL: DESCRIBE ts_product [ RunTime:0.003000s ]
SQL: DESCRIBE ts_goods [ RunTime:0.003000s ]
SQL: SELECT `sku` FROM `ts_goods` WHERE ( goods_id=96 ) LIMIT 1   [ RunTime:0.000000s ]

[ 2016-06-29T20:20:47+08:00 ] 127.0.0.1 /mall/Cart/updateCartNums.html
INFO: [ app_init ] --START--
INFO: Run Behavior\BuildLiteBehavior [ RunTime:0.000000s ]
INFO: [ app_init ] --END-- [ RunTime:0.000000s ]
INFO: [ app_begin ] --START--
INFO: Run Behavior\ReadHtmlCacheBehavior [ RunTime:0.001000s ]
INFO: [ app_begin ] --END-- [ RunTime:0.001000s ]
SQL: DESCRIBE ts_product [ RunTime:0.004000s ]
SQL: DESCRIBE ts_goods [ RunTime:0.004000s ]
SQL: SELECT `sku` FROM `ts_goods` WHERE ( goods_id=96 ) LIMIT 1   [ RunTime:0.000000s ]

[ 2016-06-29T20:20:47+08:00 ] 127.0.0.1 /mall/Cart/updateCartNums.html
INFO: [ app_init ] --START--
INFO: Run Behavior\BuildLiteBehavior [ RunTime:0.000000s ]
INFO: [ app_init ] --END-- [ RunTime:0.001000s ]
INFO: [ app_begin ] --START--
INFO: Run Behavior\ReadHtmlCacheBehavior [ RunTime:0.000000s ]
INFO: [ app_begin ] --END-- [ RunTime:0.001000s ]
SQL: DESCRIBE ts_product [ RunTime:0.003000s ]
SQL: DESCRIBE ts_goods [ RunTime:0.003000s ]
SQL: SELECT `sku` FROM `ts_goods` WHERE ( goods_id=96 ) LIMIT 1   [ RunTime:0.000000s ]

[ 2016-06-29T20:20:47+08:00 ] 127.0.0.1 /mall/Cart/updateCartNums.html
INFO: [ app_init ] --START--
INFO: Run Behavior\BuildLiteBehavior [ RunTime:0.000000s ]
INFO: [ app_init ] --END-- [ RunTime:0.001000s ]
INFO: [ app_begin ] --START--
INFO: Run Behavior\ReadHtmlCacheBehavior [ RunTime:0.000000s ]
INFO: [ app_begin ] --END-- [ RunTime:0.000000s ]
SQL: DESCRIBE ts_product [ RunTime:0.004000s ]
SQL: DESCRIBE ts_goods [ RunTime:0.003000s ]
SQL: SELECT `sku` FROM `ts_goods` WHERE ( goods_id=96 ) LIMIT 1   [ RunTime:0.000000s ]

[ 2016-06-29T20:21:24+08:00 ] 127.0.0.1 /mall/Cart/getCart.html
INFO: [ app_init ] --START--
INFO: Run Behavior\BuildLiteBehavior [ RunTime:0.000000s ]
INFO: [ app_init ] --END-- [ RunTime:0.001000s ]
INFO: [ app_begin ] --START--
INFO: Run Behavior\ReadHtmlCacheBehavior [ RunTime:0.001000s ]
INFO: [ app_begin ] --END-- [ RunTime:0.001000s ]
SQL: DESCRIBE ts_goods [ RunTime:0.004000s ]
SQL: SELECT * FROM `ts_goods` WHERE ( goods_id in (96) )  [ RunTime:0.000000s ]

[ 2016-06-29T20:21:35+08:00 ] 127.0.0.1 /mall/Cart/updateCartNums.html
INFO: [ app_init ] --START--
INFO: Run Behavior\BuildLiteBehavior [ RunTime:0.000000s ]
INFO: [ app_init ] --END-- [ RunTime:0.001000s ]
INFO: [ app_begin ] --START--
INFO: Run Behavior\ReadHtmlCacheBehavior [ RunTime:0.001000s ]
INFO: [ app_begin ] --END-- [ RunTime:0.001000s ]
SQL: DESCRIBE ts_product [ RunTime:0.004000s ]
SQL: DESCRIBE ts_goods [ RunTime:0.004000s ]
SQL: SELECT `sku` FROM `ts_goods` WHERE ( goods_id=96 ) LIMIT 1   [ RunTime:0.000000s ]

[ 2016-06-29T20:21:35+08:00 ] 127.0.0.1 /mall/Cart/updateCartNums.html
INFO: [ app_init ] --START--
INFO: Run Behavior\BuildLiteBehavior [ RunTime:0.000000s ]
INFO: [ app_init ] --END-- [ RunTime:0.000000s ]
INFO: [ app_begin ] --START--
INFO: Run Behavior\ReadHtmlCacheBehavior [ RunTime:0.000000s ]
INFO: [ app_begin ] --END-- [ RunTime:0.000000s ]
SQL: DESCRIBE ts_product [ RunTime:0.004000s ]
SQL: DESCRIBE ts_goods [ RunTime:0.003000s ]
SQL: SELECT `sku` FROM `ts_goods` WHERE ( goods_id=96 ) LIMIT 1   [ RunTime:0.001000s ]

[ 2016-06-29T20:21:35+08:00 ] 127.0.0.1 /mall/Cart/updateCartNums.html
INFO: [ app_init ] --START--
INFO: Run Behavior\BuildLiteBehavior [ RunTime:0.000000s ]
INFO: [ app_init ] --END-- [ RunTime:0.000000s ]
INFO: [ app_begin ] --START--
INFO: Run Behavior\ReadHtmlCacheBehavior [ RunTime:0.000000s ]
INFO: [ app_begin ] --END-- [ RunTime:0.001000s ]
SQL: DESCRIBE ts_product [ RunTime:0.004000s ]
SQL: DESCRIBE ts_goods [ RunTime:0.004000s ]
SQL: SELECT `sku` FROM `ts_goods` WHERE ( goods_id=96 ) LIMIT 1   [ RunTime:0.001000s ]

[ 2016-06-29T20:21:35+08:00 ] 127.0.0.1 /mall/Cart/updateCartNums.html
INFO: [ app_init ] --START--
INFO: Run Behavior\BuildLiteBehavior [ RunTime:0.000000s ]
INFO: [ app_init ] --END-- [ RunTime:0.001000s ]
INFO: [ app_begin ] --START--
INFO: Run Behavior\ReadHtmlCacheBehavior [ RunTime:0.001000s ]
INFO: [ app_begin ] --END-- [ RunTime:0.001000s ]
SQL: DESCRIBE ts_product [ RunTime:0.003000s ]
SQL: DESCRIBE ts_goods [ RunTime:0.004000s ]
SQL: SELECT `sku` FROM `ts_goods` WHERE ( goods_id=96 ) LIMIT 1   [ RunTime:0.001000s ]

[ 2016-06-29T20:21:36+08:00 ] 127.0.0.1 /mall/Cart/updateCartNums.html
INFO: [ app_init ] --START--
INFO: Run Behavior\BuildLiteBehavior [ RunTime:0.000000s ]
INFO: [ app_init ] --END-- [ RunTime:0.000000s ]
INFO: [ app_begin ] --START--
INFO: Run Behavior\ReadHtmlCacheBehavior [ RunTime:0.001000s ]
INFO: [ app_begin ] --END-- [ RunTime:0.001000s ]
SQL: DESCRIBE ts_product [ RunTime:0.004000s ]
SQL: DESCRIBE ts_goods [ RunTime:0.004000s ]
SQL: SELECT `sku` FROM `ts_goods` WHERE ( goods_id=96 ) LIMIT 1   [ RunTime:0.000000s ]

[ 2016-06-29T20:21:38+08:00 ] 127.0.0.1 /mall/Cart/index.html
INFO: [ app_init ] --START--
INFO: Run Behavior\BuildLiteBehavior [ RunTime:0.000000s ]
INFO: [ app_init ] --END-- [ RunTime:0.000000s ]

[ 2016-06-29T20:21:40+08:00 ] 127.0.0.1 /mall/Cart/updateCartNums.html
INFO: [ app_init ] --START--
INFO: Run Behavior\BuildLiteBehavior [ RunTime:0.000000s ]
INFO: [ app_init ] --END-- [ RunTime:0.001000s ]
INFO: [ app_begin ] --START--
INFO: Run Behavior\ReadHtmlCacheBehavior [ RunTime:0.001000s ]
INFO: [ app_begin ] --END-- [ RunTime:0.001000s ]
SQL: DESCRIBE ts_product [ RunTime:0.005000s ]
SQL: DESCRIBE ts_goods [ RunTime:0.003000s ]
SQL: SELECT `sku` FROM `ts_goods` WHERE ( goods_id=96 ) LIMIT 1   [ RunTime:0.001000s ]

[ 2016-06-29T20:21:40+08:00 ] 127.0.0.1 /mall/Cart/updateCartNums.html
INFO: [ app_init ] --START--
INFO: Run Behavior\BuildLiteBehavior [ RunTime:0.000000s ]
INFO: [ app_init ] --END-- [ RunTime:0.001000s ]
INFO: [ app_begin ] --START--
INFO: Run Behavior\ReadHtmlCacheBehavior [ RunTime:0.001000s ]
INFO: [ app_begin ] --END-- [ RunTime:0.001000s ]
SQL: DESCRIBE ts_product [ RunTime:0.004000s ]
SQL: DESCRIBE ts_goods [ RunTime:0.005000s ]
SQL: SELECT `sku` FROM `ts_goods` WHERE ( goods_id=96 ) LIMIT 1   [ RunTime:0.000000s ]

[ 2016-06-29T20:21:40+08:00 ] 127.0.0.1 /mall/Cart/updateCartNums.html
INFO: [ app_init ] --START--
INFO: Run Behavior\BuildLiteBehavior [ RunTime:0.000000s ]
INFO: [ app_init ] --END-- [ RunTime:0.001000s ]
INFO: [ app_begin ] --START--
INFO: Run Behavior\ReadHtmlCacheBehavior [ RunTime:0.001000s ]
INFO: [ app_begin ] --END-- [ RunTime:0.001000s ]
SQL: DESCRIBE ts_product [ RunTime:0.005000s ]
SQL: DESCRIBE ts_goods [ RunTime:0.004000s ]
SQL: SELECT `sku` FROM `ts_goods` WHERE ( goods_id=96 ) LIMIT 1   [ RunTime:0.001000s ]

[ 2016-06-29T20:21:40+08:00 ] 127.0.0.1 /mall/Cart/updateCartNums.html
INFO: [ app_init ] --START--
INFO: Run Behavior\BuildLiteBehavior [ RunTime:0.000000s ]
INFO: [ app_init ] --END-- [ RunTime:0.001000s ]
INFO: [ app_begin ] --START--
INFO: Run Behavior\ReadHtmlCacheBehavior [ RunTime:0.001000s ]
INFO: [ app_begin ] --END-- [ RunTime:0.001000s ]
SQL: DESCRIBE ts_product [ RunTime:0.003000s ]
SQL: DESCRIBE ts_goods [ RunTime:0.004000s ]
SQL: SELECT `sku` FROM `ts_goods` WHERE ( goods_id=96 ) LIMIT 1   [ RunTime:0.000000s ]

[ 2016-06-29T20:22:21+08:00 ] 127.0.0.1 /mall/Cart/index.html
INFO: [ app_init ] --START--
INFO: Run Behavior\BuildLiteBehavior [ RunTime:0.000000s ]
INFO: [ app_init ] --END-- [ RunTime:0.000000s ]

[ 2016-06-29T20:22:23+08:00 ] 127.0.0.1 /mall/Cart/index.html
INFO: [ app_init ] --START--
INFO: Run Behavior\BuildLiteBehavior [ RunTime:0.000000s ]
INFO: [ app_init ] --END-- [ RunTime:0.000000s ]

[ 2016-06-29T20:22:25+08:00 ] 127.0.0.1 /mall/Cart/updateCartNums.html
INFO: [ app_init ] --START--
INFO: Run Behavior\BuildLiteBehavior [ RunTime:0.001000s ]
INFO: [ app_init ] --END-- [ RunTime:0.001000s ]
INFO: [ app_begin ] --START--
INFO: Run Behavior\ReadHtmlCacheBehavior [ RunTime:0.000000s ]
INFO: [ app_begin ] --END-- [ RunTime:0.000000s ]
SQL: DESCRIBE ts_product [ RunTime:0.004000s ]
SQL: DESCRIBE ts_goods [ RunTime:0.004000s ]
SQL: SELECT `sku` FROM `ts_goods` WHERE ( goods_id=96 ) LIMIT 1   [ RunTime:0.001000s ]

[ 2016-06-29T20:22:25+08:00 ] 127.0.0.1 /mall/Cart/updateCartNums.html
INFO: [ app_init ] --START--
INFO: Run Behavior\BuildLiteBehavior [ RunTime:0.000000s ]
INFO: [ app_init ] --END-- [ RunTime:0.001000s ]
INFO: [ app_begin ] --START--
INFO: Run Behavior\ReadHtmlCacheBehavior [ RunTime:0.001000s ]
INFO: [ app_begin ] --END-- [ RunTime:0.001000s ]
SQL: DESCRIBE ts_product [ RunTime:0.003000s ]
SQL: DESCRIBE ts_goods [ RunTime:0.004000s ]
SQL: SELECT `sku` FROM `ts_goods` WHERE ( goods_id=96 ) LIMIT 1   [ RunTime:0.001000s ]

[ 2016-06-29T20:22:25+08:00 ] 127.0.0.1 /mall/Cart/updateCartNums.html
INFO: [ app_init ] --START--
INFO: Run Behavior\BuildLiteBehavior [ RunTime:0.000000s ]
INFO: [ app_init ] --END-- [ RunTime:0.001000s ]
INFO: [ app_begin ] --START--
INFO: Run Behavior\ReadHtmlCacheBehavior [ RunTime:0.001000s ]
INFO: [ app_begin ] --END-- [ RunTime:0.001000s ]
SQL: DESCRIBE ts_product [ RunTime:0.003000s ]
SQL: DESCRIBE ts_goods [ RunTime:0.004000s ]
SQL: SELECT `sku` FROM `ts_goods` WHERE ( goods_id=96 ) LIMIT 1   [ RunTime:0.001000s ]

[ 2016-06-29T20:22:29+08:00 ] 127.0.0.1 /mall/Cart/updateCartNums.html
INFO: [ app_init ] --START--
INFO: Run Behavior\BuildLiteBehavior [ RunTime:0.000000s ]
INFO: [ app_init ] --END-- [ RunTime:0.001000s ]
INFO: [ app_begin ] --START--
INFO: Run Behavior\ReadHtmlCacheBehavior [ RunTime:0.000000s ]
INFO: [ app_begin ] --END-- [ RunTime:0.001000s ]
SQL: DESCRIBE ts_product [ RunTime:0.003000s ]
SQL: DESCRIBE ts_goods [ RunTime:0.003000s ]
SQL: SELECT `sku` FROM `ts_goods` WHERE ( goods_id=96 ) LIMIT 1   [ RunTime:0.000000s ]

[ 2016-06-29T20:22:29+08:00 ] 127.0.0.1 /mall/Cart/updateCartNums.html
INFO: [ app_init ] --START--
INFO: Run Behavior\BuildLiteBehavior [ RunTime:0.000000s ]
INFO: [ app_init ] --END-- [ RunTime:0.001000s ]
INFO: [ app_begin ] --START--
INFO: Run Behavior\ReadHtmlCacheBehavior [ RunTime:0.000000s ]
INFO: [ app_begin ] --END-- [ RunTime:0.001000s ]
SQL: DESCRIBE ts_product [ RunTime:0.003000s ]
SQL: DESCRIBE ts_goods [ RunTime:0.003000s ]
SQL: SELECT `sku` FROM `ts_goods` WHERE ( goods_id=96 ) LIMIT 1   [ RunTime:0.001000s ]

[ 2016-06-29T20:22:30+08:00 ] 127.0.0.1 /mall/Cart/updateCartNums.html
INFO: [ app_init ] --START--
INFO: Run Behavior\BuildLiteBehavior [ RunTime:0.000000s ]
INFO: [ app_init ] --END-- [ RunTime:0.001000s ]
INFO: [ app_begin ] --START--
INFO: Run Behavior\ReadHtmlCacheBehavior [ RunTime:0.001000s ]
INFO: [ app_begin ] --END-- [ RunTime:0.001000s ]
SQL: DESCRIBE ts_product [ RunTime:0.003000s ]
SQL: DESCRIBE ts_goods [ RunTime:0.003000s ]
SQL: SELECT `sku` FROM `ts_goods` WHERE ( goods_id=96 ) LIMIT 1   [ RunTime:0.000000s ]

[ 2016-06-29T20:22:37+08:00 ] 127.0.0.1 /mall/Cart/updateCartNums.html
INFO: [ app_init ] --START--
INFO: Run Behavior\BuildLiteBehavior [ RunTime:0.000000s ]
INFO: [ app_init ] --END-- [ RunTime:0.001000s ]
INFO: [ app_begin ] --START--
INFO: Run Behavior\ReadHtmlCacheBehavior [ RunTime:0.001000s ]
INFO: [ app_begin ] --END-- [ RunTime:0.001000s ]
SQL: DESCRIBE ts_product [ RunTime:0.004000s ]
SQL: DESCRIBE ts_goods [ RunTime:0.004000s ]
SQL: SELECT `sku` FROM `ts_goods` WHERE ( goods_id=96 ) LIMIT 1   [ RunTime:0.001000s ]

[ 2016-06-29T20:22:45+08:00 ] 127.0.0.1 /mall/Cart/updateCartNums.html
INFO: [ app_init ] --START--
INFO: Run Behavior\BuildLiteBehavior [ RunTime:0.000000s ]
INFO: [ app_init ] --END-- [ RunTime:0.001000s ]
INFO: [ app_begin ] --START--
INFO: Run Behavior\ReadHtmlCacheBehavior [ RunTime:0.001000s ]
INFO: [ app_begin ] --END-- [ RunTime:0.001000s ]
SQL: DESCRIBE ts_product [ RunTime:0.004000s ]
SQL: DESCRIBE ts_goods [ RunTime:0.004000s ]
SQL: SELECT `sku` FROM `ts_goods` WHERE ( goods_id=96 ) LIMIT 1   [ RunTime:0.000000s ]

[ 2016-06-29T20:22:47+08:00 ] 127.0.0.1 /mall/Cart/updateCartNums.html
INFO: [ app_init ] --START--
INFO: Run Behavior\BuildLiteBehavior [ RunTime:0.000000s ]
INFO: [ app_init ] --END-- [ RunTime:0.000000s ]
INFO: [ app_begin ] --START--
INFO: Run Behavior\ReadHtmlCacheBehavior [ RunTime:0.001000s ]
INFO: [ app_begin ] --END-- [ RunTime:0.001000s ]
SQL: DESCRIBE ts_product [ RunTime:0.004000s ]
SQL: DESCRIBE ts_goods [ RunTime:0.004000s ]
SQL: SELECT `sku` FROM `ts_goods` WHERE ( goods_id=96 ) LIMIT 1   [ RunTime:0.000000s ]

[ 2016-06-29T20:22:48+08:00 ] 127.0.0.1 /mall/Cart/updateCartNums.html
INFO: [ app_init ] --START--
INFO: Run Behavior\BuildLiteBehavior [ RunTime:0.000000s ]
INFO: [ app_init ] --END-- [ RunTime:0.001000s ]
INFO: [ app_begin ] --START--
INFO: Run Behavior\ReadHtmlCacheBehavior [ RunTime:0.001000s ]
INFO: [ app_begin ] --END-- [ RunTime:0.001000s ]
SQL: DESCRIBE ts_product [ RunTime:0.004000s ]
SQL: DESCRIBE ts_goods [ RunTime:0.004000s ]
SQL: SELECT `sku` FROM `ts_goods` WHERE ( goods_id=96 ) LIMIT 1   [ RunTime:0.001000s ]

[ 2016-06-29T20:22:49+08:00 ] 127.0.0.1 /mall/Cart/updateCartNums.html
INFO: [ app_init ] --START--
INFO: Run Behavior\BuildLiteBehavior [ RunTime:0.001000s ]
INFO: [ app_init ] --END-- [ RunTime:0.001000s ]
INFO: [ app_begin ] --START--
INFO: Run Behavior\ReadHtmlCacheBehavior [ RunTime:0.001000s ]
INFO: [ app_begin ] --END-- [ RunTime:0.001000s ]
SQL: DESCRIBE ts_product [ RunTime:0.004000s ]
SQL: DESCRIBE ts_goods [ RunTime:0.004000s ]
SQL: SELECT `sku` FROM `ts_goods` WHERE ( goods_id=96 ) LIMIT 1   [ RunTime:0.000000s ]

[ 2016-06-29T20:22:50+08:00 ] 127.0.0.1 /mall/Cart/updateCartNums.html
INFO: [ app_init ] --START--
INFO: Run Behavior\BuildLiteBehavior [ RunTime:0.000000s ]
INFO: [ app_init ] --END-- [ RunTime:0.001000s ]
INFO: [ app_begin ] --START--
INFO: Run Behavior\ReadHtmlCacheBehavior [ RunTime:0.001000s ]
INFO: [ app_begin ] --END-- [ RunTime:0.001000s ]
SQL: DESCRIBE ts_product [ RunTime:0.003000s ]
SQL: DESCRIBE ts_goods [ RunTime:0.004000s ]
SQL: SELECT `sku` FROM `ts_goods` WHERE ( goods_id=96 ) LIMIT 1   [ RunTime:0.000000s ]

[ 2016-06-29T20:22:52+08:00 ] 127.0.0.1 /mall/Cart/index.html
INFO: [ app_init ] --START--
INFO: Run Behavior\BuildLiteBehavior [ RunTime:0.000000s ]
INFO: [ app_init ] --END-- [ RunTime:0.000000s ]

[ 2016-06-29T20:22:54+08:00 ] 127.0.0.1 /mall/Cart/updateCartNums.html
INFO: [ app_init ] --START--
INFO: Run Behavior\BuildLiteBehavior [ RunTime:0.000000s ]
INFO: [ app_init ] --END-- [ RunTime:0.001000s ]
INFO: [ app_begin ] --START--
INFO: Run Behavior\ReadHtmlCacheBehavior [ RunTime:0.001000s ]
INFO: [ app_begin ] --END-- [ RunTime:0.001000s ]
SQL: DESCRIBE ts_product [ RunTime:0.004000s ]
SQL: DESCRIBE ts_goods [ RunTime:0.003000s ]
SQL: SELECT `sku` FROM `ts_goods` WHERE ( goods_id=96 ) LIMIT 1   [ RunTime:0.000000s ]

[ 2016-06-29T20:22:57+08:00 ] 127.0.0.1 /mall/Cart/index.html
INFO: [ app_init ] --START--
INFO: Run Behavior\BuildLiteBehavior [ RunTime:0.000000s ]
INFO: [ app_init ] --END-- [ RunTime:0.001000s ]

[ 2016-06-29T20:22:58+08:00 ] 127.0.0.1 /mall/Cart/updateCartNums.html
INFO: [ app_init ] --START--
INFO: Run Behavior\BuildLiteBehavior [ RunTime:0.000000s ]
INFO: [ app_init ] --END-- [ RunTime:0.001000s ]
INFO: [ app_begin ] --START--
INFO: Run Behavior\ReadHtmlCacheBehavior [ RunTime:0.001000s ]
INFO: [ app_begin ] --END-- [ RunTime:0.001000s ]
SQL: DESCRIBE ts_product [ RunTime:0.003000s ]
SQL: DESCRIBE ts_goods [ RunTime:0.003000s ]
SQL: SELECT `sku` FROM `ts_goods` WHERE ( goods_id=96 ) LIMIT 1   [ RunTime:0.000000s ]

[ 2016-06-29T20:24:17+08:00 ] 127.0.0.1 /mall/Cart/index.html
INFO: [ app_init ] --START--
INFO: Run Behavior\BuildLiteBehavior [ RunTime:0.000000s ]
INFO: [ app_init ] --END-- [ RunTime:0.000000s ]

[ 2016-06-29T20:24:20+08:00 ] 127.0.0.1 /mall/Cart/index.html
INFO: [ app_init ] --START--
INFO: Run Behavior\BuildLiteBehavior [ RunTime:0.000000s ]
INFO: [ app_init ] --END-- [ RunTime:0.000000s ]

[ 2016-06-29T20:24:20+08:00 ] 127.0.0.1 /mall/Cart/updateCartNums.html
INFO: [ app_init ] --START--
INFO: Run Behavior\BuildLiteBehavior [ RunTime:0.001000s ]
INFO: [ app_init ] --END-- [ RunTime:0.001000s ]
INFO: [ app_begin ] --START--
INFO: Run Behavior\ReadHtmlCacheBehavior [ RunTime:0.001000s ]
INFO: [ app_begin ] --END-- [ RunTime:0.001000s ]
SQL: DESCRIBE ts_product [ RunTime:0.005000s ]
SQL: DESCRIBE ts_goods [ RunTime:0.005000s ]
SQL: SELECT `sku` FROM `ts_goods` WHERE ( goods_id=96 ) LIMIT 1   [ RunTime:0.000000s ]

[ 2016-06-29T20:24:24+08:00 ] 127.0.0.1 /mall/Cart/updateCartNums.html
INFO: [ app_init ] --START--
INFO: Run Behavior\BuildLiteBehavior [ RunTime:0.000000s ]
INFO: [ app_init ] --END-- [ RunTime:0.001000s ]
INFO: [ app_begin ] --START--
INFO: Run Behavior\ReadHtmlCacheBehavior [ RunTime:0.002000s ]
INFO: [ app_begin ] --END-- [ RunTime:0.002000s ]
SQL: DESCRIBE ts_product [ RunTime:0.004000s ]
SQL: DESCRIBE ts_goods [ RunTime:0.004000s ]
SQL: SELECT `sku` FROM `ts_goods` WHERE ( goods_id=96 ) LIMIT 1   [ RunTime:0.001000s ]

[ 2016-06-29T20:24:28+08:00 ] 127.0.0.1 /mall/Cart/updateCartNums.html
INFO: [ app_init ] --START--
INFO: Run Behavior\BuildLiteBehavior [ RunTime:0.000000s ]
INFO: [ app_init ] --END-- [ RunTime:0.001000s ]
INFO: [ app_begin ] --START--
INFO: Run Behavior\ReadHtmlCacheBehavior [ RunTime:0.001000s ]
INFO: [ app_begin ] --END-- [ RunTime:0.001000s ]
SQL: DESCRIBE ts_product [ RunTime:0.004000s ]
SQL: DESCRIBE ts_goods [ RunTime:0.004000s ]
SQL: SELECT `sku` FROM `ts_goods` WHERE ( goods_id=96 ) LIMIT 1   [ RunTime:0.000000s ]

[ 2016-06-29T20:24:32+08:00 ] 127.0.0.1 /mall/Cart/updateCartNums.html
INFO: [ app_init ] --START--
INFO: Run Behavior\BuildLiteBehavior [ RunTime:0.000000s ]
INFO: [ app_init ] --END-- [ RunTime:0.001000s ]
INFO: [ app_begin ] --START--
INFO: Run Behavior\ReadHtmlCacheBehavior [ RunTime:0.001000s ]
INFO: [ app_begin ] --END-- [ RunTime:0.001000s ]
SQL: DESCRIBE ts_product [ RunTime:0.003000s ]
SQL: DESCRIBE ts_goods [ RunTime:0.005000s ]
SQL: SELECT `sku` FROM `ts_goods` WHERE ( goods_id=96 ) LIMIT 1   [ RunTime:0.000000s ]

[ 2016-06-29T20:24:35+08:00 ] 127.0.0.1 /mall/Cart/updateCartNums.html
INFO: [ app_init ] --START--
INFO: Run Behavior\BuildLiteBehavior [ RunTime:0.000000s ]
INFO: [ app_init ] --END-- [ RunTime:0.001000s ]
INFO: [ app_begin ] --START--
INFO: Run Behavior\ReadHtmlCacheBehavior [ RunTime:0.001000s ]
INFO: [ app_begin ] --END-- [ RunTime:0.001000s ]
SQL: DESCRIBE ts_product [ RunTime:0.004000s ]
SQL: DESCRIBE ts_goods [ RunTime:0.004000s ]
SQL: SELECT `sku` FROM `ts_goods` WHERE ( goods_id=96 ) LIMIT 1   [ RunTime:0.001000s ]

[ 2016-06-29T20:28:01+08:00 ] 127.0.0.1 /mall/Cart/index.html
INFO: [ app_init ] --START--
INFO: Run Behavior\BuildLiteBehavior [ RunTime:0.000000s ]
INFO: [ app_init ] --END-- [ RunTime:0.001000s ]

[ 2016-06-29T20:28:22+08:00 ] 127.0.0.1 /mall/Cart/index.html
INFO: [ app_init ] --START--
INFO: Run Behavior\BuildLiteBehavior [ RunTime:0.000000s ]
INFO: [ app_init ] --END-- [ RunTime:0.000000s ]

[ 2016-06-29T20:28:24+08:00 ] 127.0.0.1 /mall/Cart/updateCartNums.html
INFO: [ app_init ] --START--
INFO: Run Behavior\BuildLiteBehavior [ RunTime:0.000000s ]
INFO: [ app_init ] --END-- [ RunTime:0.001000s ]
INFO: [ app_begin ] --START--
INFO: Run Behavior\ReadHtmlCacheBehavior [ RunTime:0.000000s ]
INFO: [ app_begin ] --END-- [ RunTime:0.000000s ]
SQL: DESCRIBE ts_product [ RunTime:0.004000s ]
SQL: DESCRIBE ts_goods [ RunTime:0.005000s ]
SQL: SELECT `sku` FROM `ts_goods` WHERE ( goods_id=96 ) LIMIT 1   [ RunTime:0.001000s ]

[ 2016-06-29T20:29:05+08:00 ] 127.0.0.1 /mall/Cart/updateCartNums.html
INFO: [ app_init ] --START--
INFO: Run Behavior\BuildLiteBehavior [ RunTime:0.000000s ]
INFO: [ app_init ] --END-- [ RunTime:0.001000s ]
INFO: [ app_begin ] --START--
INFO: Run Behavior\ReadHtmlCacheBehavior [ RunTime:0.001000s ]
INFO: [ app_begin ] --END-- [ RunTime:0.001000s ]
SQL: DESCRIBE ts_product [ RunTime:0.003000s ]
SQL: DESCRIBE ts_goods [ RunTime:0.004000s ]
SQL: SELECT `sku` FROM `ts_goods` WHERE ( goods_id=96 ) LIMIT 1   [ RunTime:0.001000s ]

[ 2016-06-29T20:31:39+08:00 ] 127.0.0.1 /mall/Cart/index.html
INFO: [ app_init ] --START--
INFO: Run Behavior\BuildLiteBehavior [ RunTime:0.000000s ]
INFO: [ app_init ] --END-- [ RunTime:0.000000s ]

[ 2016-06-29T20:31:46+08:00 ] 127.0.0.1 /mall/Cart/index.html
INFO: [ app_init ] --START--
INFO: Run Behavior\BuildLiteBehavior [ RunTime:0.000000s ]
INFO: [ app_init ] --END-- [ RunTime:0.001000s ]

[ 2016-06-29T20:31:46+08:00 ] 127.0.0.1 /mall/Cart/updateCartNums.html
INFO: [ app_init ] --START--
INFO: Run Behavior\BuildLiteBehavior [ RunTime:0.000000s ]
INFO: [ app_init ] --END-- [ RunTime:0.001000s ]
INFO: [ app_begin ] --START--
INFO: Run Behavior\ReadHtmlCacheBehavior [ RunTime:0.000000s ]
INFO: [ app_begin ] --END-- [ RunTime:0.000000s ]
SQL: DESCRIBE ts_product [ RunTime:0.004000s ]
SQL: DESCRIBE ts_goods [ RunTime:0.005000s ]
SQL: SELECT `sku` FROM `ts_goods` WHERE ( goods_id=96 ) LIMIT 1   [ RunTime:0.000000s ]

[ 2016-06-29T20:31:59+08:00 ] 127.0.0.1 /mall/Detail/index/id/96
INFO: [ app_init ] --START--
INFO: Run Behavior\BuildLiteBehavior [ RunTime:0.000000s ]
INFO: [ app_init ] --END-- [ RunTime:0.001000s ]

[ 2016-06-29T20:32:01+08:00 ] 127.0.0.1 /mall/Cart/getCart.html
INFO: [ app_init ] --START--
INFO: Run Behavior\BuildLiteBehavior [ RunTime:0.000000s ]
INFO: [ app_init ] --END-- [ RunTime:0.000000s ]
INFO: [ app_begin ] --START--
INFO: Run Behavior\ReadHtmlCacheBehavior [ RunTime:0.001000s ]
INFO: [ app_begin ] --END-- [ RunTime:0.001000s ]
SQL: DESCRIBE ts_goods [ RunTime:0.004000s ]
SQL: SELECT * FROM `ts_goods` WHERE ( goods_id in (96) )  [ RunTime:0.001000s ]

[ 2016-06-29T20:32:01+08:00 ] 127.0.0.1 /mall/Cart/getCart.html
INFO: [ app_init ] --START--
INFO: Run Behavior\BuildLiteBehavior [ RunTime:0.000000s ]
INFO: [ app_init ] --END-- [ RunTime:0.001000s ]
INFO: [ app_begin ] --START--
INFO: Run Behavior\ReadHtmlCacheBehavior [ RunTime:0.001000s ]
INFO: [ app_begin ] --END-- [ RunTime:0.001000s ]
SQL: DESCRIBE ts_goods [ RunTime:0.004000s ]
SQL: SELECT * FROM `ts_goods` WHERE ( goods_id in (96) )  [ RunTime:0.001000s ]

[ 2016-06-29T20:32:02+08:00 ] 127.0.0.1 /mall/Cart/index.html
INFO: [ app_init ] --START--
INFO: Run Behavior\BuildLiteBehavior [ RunTime:0.000000s ]
INFO: [ app_init ] --END-- [ RunTime:0.001000s ]

[ 2016-06-29T20:32:15+08:00 ] 127.0.0.1 /mall/Cart/updateCartNums.html
INFO: [ app_init ] --START--
INFO: Run Behavior\BuildLiteBehavior [ RunTime:0.000000s ]
INFO: [ app_init ] --END-- [ RunTime:0.001000s ]
INFO: [ app_begin ] --START--
INFO: Run Behavior\ReadHtmlCacheBehavior [ RunTime:0.001000s ]
INFO: [ app_begin ] --END-- [ RunTime:0.001000s ]
SQL: DESCRIBE ts_product [ RunTime:0.003000s ]
SQL: DESCRIBE ts_goods [ RunTime:0.003000s ]
SQL: SELECT `sku` FROM `ts_goods` WHERE ( goods_id=96 ) LIMIT 1   [ RunTime:0.000000s ]

[ 2016-06-29T20:32:17+08:00 ] 127.0.0.1 /mall/Cart/updateCartNums.html
INFO: [ app_init ] --START--
INFO: Run Behavior\BuildLiteBehavior [ RunTime:0.000000s ]
INFO: [ app_init ] --END-- [ RunTime:0.000000s ]
INFO: [ app_begin ] --START--
INFO: Run Behavior\ReadHtmlCacheBehavior [ RunTime:0.001000s ]
INFO: [ app_begin ] --END-- [ RunTime:0.001000s ]
SQL: DESCRIBE ts_product [ RunTime:0.004000s ]
SQL: DESCRIBE ts_goods [ RunTime:0.003000s ]
SQL: SELECT `sku` FROM `ts_goods` WHERE ( goods_id=96 ) LIMIT 1   [ RunTime:0.000000s ]

[ 2016-06-29T20:32:23+08:00 ] 127.0.0.1 /mall/Cart/getCart.html
INFO: [ app_init ] --START--
INFO: Run Behavior\BuildLiteBehavior [ RunTime:0.000000s ]
INFO: [ app_init ] --END-- [ RunTime:0.001000s ]
INFO: [ app_begin ] --START--
INFO: Run Behavior\ReadHtmlCacheBehavior [ RunTime:0.001000s ]
INFO: [ app_begin ] --END-- [ RunTime:0.001000s ]
SQL: DESCRIBE ts_goods [ RunTime:0.004000s ]
SQL: SELECT * FROM `ts_goods` WHERE ( goods_id in (96) )  [ RunTime:0.001000s ]

[ 2016-06-29T20:33:21+08:00 ] 127.0.0.1 /mall/Cart/updateCartNums.html
INFO: [ app_init ] --START--
INFO: Run Behavior\BuildLiteBehavior [ RunTime:0.000000s ]
INFO: [ app_init ] --END-- [ RunTime:0.001000s ]
INFO: [ app_begin ] --START--
INFO: Run Behavior\ReadHtmlCacheBehavior [ RunTime:0.001000s ]
INFO: [ app_begin ] --END-- [ RunTime:0.001000s ]
SQL: DESCRIBE ts_product [ RunTime:0.004000s ]
SQL: DESCRIBE ts_goods [ RunTime:0.004000s ]
SQL: SELECT `sku` FROM `ts_goods` WHERE ( goods_id=96 ) LIMIT 1   [ RunTime:0.001000s ]

[ 2016-06-29T20:33:36+08:00 ] 127.0.0.1 /mall/Cart/index.html
INFO: [ app_init ] --START--
INFO: Run Behavior\BuildLiteBehavior [ RunTime:0.000000s ]
INFO: [ app_init ] --END-- [ RunTime:0.001000s ]

[ 2016-06-29T20:33:40+08:00 ] 127.0.0.1 /mall/Cart/updateCartNums.html
INFO: [ app_init ] --START--
INFO: Run Behavior\BuildLiteBehavior [ RunTime:0.000000s ]
INFO: [ app_init ] --END-- [ RunTime:0.000000s ]
INFO: [ app_begin ] --START--
INFO: Run Behavior\ReadHtmlCacheBehavior [ RunTime:0.000000s ]
INFO: [ app_begin ] --END-- [ RunTime:0.001000s ]
SQL: DESCRIBE ts_product [ RunTime:0.004000s ]
SQL: DESCRIBE ts_goods [ RunTime:0.003000s ]
SQL: SELECT `sku` FROM `ts_goods` WHERE ( goods_id=96 ) LIMIT 1   [ RunTime:0.000000s ]

[ 2016-06-29T20:33:43+08:00 ] 127.0.0.1 /mall/Cart/getCart.html
INFO: [ app_init ] --START--
INFO: Run Behavior\BuildLiteBehavior [ RunTime:0.000000s ]
INFO: [ app_init ] --END-- [ RunTime:0.001000s ]
INFO: [ app_begin ] --START--
INFO: Run Behavior\ReadHtmlCacheBehavior [ RunTime:0.001000s ]
INFO: [ app_begin ] --END-- [ RunTime:0.001000s ]
SQL: DESCRIBE ts_goods [ RunTime:0.004000s ]
SQL: SELECT * FROM `ts_goods` WHERE ( goods_id in (96) )  [ RunTime:0.000000s ]

[ 2016-06-29T20:34:00+08:00 ] 127.0.0.1 /mall/Cart/updateCartNums.html
INFO: [ app_init ] --START--
INFO: Run Behavior\BuildLiteBehavior [ RunTime:0.000000s ]
INFO: [ app_init ] --END-- [ RunTime:0.000000s ]
INFO: [ app_begin ] --START--
INFO: Run Behavior\ReadHtmlCacheBehavior [ RunTime:0.001000s ]
INFO: [ app_begin ] --END-- [ RunTime:0.001000s ]
SQL: DESCRIBE ts_product [ RunTime:0.004000s ]
SQL: DESCRIBE ts_goods [ RunTime:0.003000s ]
SQL: SELECT `sku` FROM `ts_goods` WHERE ( goods_id=96 ) LIMIT 1   [ RunTime:0.000000s ]

[ 2016-06-29T20:34:13+08:00 ] 127.0.0.1 /mall/Cart/updateCartNums.html
INFO: [ app_init ] --START--
INFO: Run Behavior\BuildLiteBehavior [ RunTime:0.000000s ]
INFO: [ app_init ] --END-- [ RunTime:0.000000s ]
INFO: [ app_begin ] --START--
INFO: Run Behavior\ReadHtmlCacheBehavior [ RunTime:0.001000s ]
INFO: [ app_begin ] --END-- [ RunTime:0.001000s ]
SQL: DESCRIBE ts_product [ RunTime:0.003000s ]
SQL: DESCRIBE ts_goods [ RunTime:0.004000s ]
SQL: SELECT `sku` FROM `ts_goods` WHERE ( goods_id=96 ) LIMIT 1   [ RunTime:0.000000s ]

[ 2016-06-29T20:34:30+08:00 ] 127.0.0.1 /mall/Cart/index.html
INFO: [ app_init ] --START--
INFO: Run Behavior\BuildLiteBehavior [ RunTime:0.000000s ]
INFO: [ app_init ] --END-- [ RunTime:0.001000s ]

[ 2016-06-29T20:34:33+08:00 ] 127.0.0.1 /mall/Cart/updateCartNums.html
INFO: [ app_init ] --START--
INFO: Run Behavior\BuildLiteBehavior [ RunTime:0.000000s ]
INFO: [ app_init ] --END-- [ RunTime:0.000000s ]
INFO: [ app_begin ] --START--
INFO: Run Behavior\ReadHtmlCacheBehavior [ RunTime:0.001000s ]
INFO: [ app_begin ] --END-- [ RunTime:0.001000s ]
SQL: DESCRIBE ts_product [ RunTime:0.003000s ]
SQL: DESCRIBE ts_goods [ RunTime:0.003000s ]
SQL: SELECT `sku` FROM `ts_goods` WHERE ( goods_id=96 ) LIMIT 1   [ RunTime:0.000000s ]

[ 2016-06-29T20:34:40+08:00 ] 127.0.0.1 /mall/Cart/updateCartNums.html
INFO: [ app_init ] --START--
INFO: Run Behavior\BuildLiteBehavior [ RunTime:0.000000s ]
INFO: [ app_init ] --END-- [ RunTime:0.001000s ]
INFO: [ app_begin ] --START--
INFO: Run Behavior\ReadHtmlCacheBehavior [ RunTime:0.001000s ]
INFO: [ app_begin ] --END-- [ RunTime:0.001000s ]
SQL: DESCRIBE ts_product [ RunTime:0.004000s ]
SQL: DESCRIBE ts_goods [ RunTime:0.004000s ]
SQL: SELECT `sku` FROM `ts_goods` WHERE ( goods_id=96 ) LIMIT 1   [ RunTime:0.000000s ]

[ 2016-06-29T20:34:43+08:00 ] 127.0.0.1 /mall/Cart/updateCartNums.html
INFO: [ app_init ] --START--
INFO: Run Behavior\BuildLiteBehavior [ RunTime:0.000000s ]
INFO: [ app_init ] --END-- [ RunTime:0.000000s ]
INFO: [ app_begin ] --START--
INFO: Run Behavior\ReadHtmlCacheBehavior [ RunTime:0.000000s ]
INFO: [ app_begin ] --END-- [ RunTime:0.000000s ]
SQL: DESCRIBE ts_product [ RunTime:0.003000s ]
SQL: DESCRIBE ts_goods [ RunTime:0.004000s ]
SQL: SELECT `sku` FROM `ts_goods` WHERE ( goods_id=96 ) LIMIT 1   [ RunTime:0.000000s ]

[ 2016-06-29T20:34:49+08:00 ] 127.0.0.1 /mall/Cart/updateCartNums.html
INFO: [ app_init ] --START--
INFO: Run Behavior\BuildLiteBehavior [ RunTime:0.000000s ]
INFO: [ app_init ] --END-- [ RunTime:0.000000s ]
INFO: [ app_begin ] --START--
INFO: Run Behavior\ReadHtmlCacheBehavior [ RunTime:0.000000s ]
INFO: [ app_begin ] --END-- [ RunTime:0.000000s ]
SQL: DESCRIBE ts_product [ RunTime:0.003000s ]
SQL: DESCRIBE ts_goods [ RunTime:0.003000s ]
SQL: SELECT `sku` FROM `ts_goods` WHERE ( goods_id=96 ) LIMIT 1   [ RunTime:0.000000s ]

[ 2016-06-29T20:34:51+08:00 ] 127.0.0.1 /mall/Cart/updateCartNums.html
INFO: [ app_init ] --START--
INFO: Run Behavior\BuildLiteBehavior [ RunTime:0.001000s ]
INFO: [ app_init ] --END-- [ RunTime:0.001000s ]
INFO: [ app_begin ] --START--
INFO: Run Behavior\ReadHtmlCacheBehavior [ RunTime:0.001000s ]
INFO: [ app_begin ] --END-- [ RunTime:0.001000s ]
SQL: DESCRIBE ts_product [ RunTime:0.003000s ]
SQL: DESCRIBE ts_goods [ RunTime:0.003000s ]
SQL: SELECT `sku` FROM `ts_goods` WHERE ( goods_id=96 ) LIMIT 1   [ RunTime:0.000000s ]

[ 2016-06-29T20:35:40+08:00 ] 127.0.0.1 /mall/Cart/updateCartNums.html
INFO: [ app_init ] --START--
INFO: Run Behavior\BuildLiteBehavior [ RunTime:0.000000s ]
INFO: [ app_init ] --END-- [ RunTime:0.000000s ]
INFO: [ app_begin ] --START--
INFO: Run Behavior\ReadHtmlCacheBehavior [ RunTime:0.001000s ]
INFO: [ app_begin ] --END-- [ RunTime:0.001000s ]
SQL: DESCRIBE ts_product [ RunTime:0.004000s ]
SQL: DESCRIBE ts_goods [ RunTime:0.004000s ]
SQL: SELECT `sku` FROM `ts_goods` WHERE ( goods_id=96 ) LIMIT 1   [ RunTime:0.000000s ]

[ 2016-06-29T20:35:41+08:00 ] 127.0.0.1 /mall/Cart/updateCartNums.html
INFO: [ app_init ] --START--
INFO: Run Behavior\BuildLiteBehavior [ RunTime:0.000000s ]
INFO: [ app_init ] --END-- [ RunTime:0.000000s ]
INFO: [ app_begin ] --START--
INFO: Run Behavior\ReadHtmlCacheBehavior [ RunTime:0.001000s ]
INFO: [ app_begin ] --END-- [ RunTime:0.001000s ]
SQL: DESCRIBE ts_product [ RunTime:0.003000s ]
SQL: DESCRIBE ts_goods [ RunTime:0.003000s ]
SQL: SELECT `sku` FROM `ts_goods` WHERE ( goods_id=96 ) LIMIT 1   [ RunTime:0.000000s ]

[ 2016-06-29T20:36:05+08:00 ] 127.0.0.1 /mall/Cart/index.html
INFO: [ app_init ] --START--
INFO: Run Behavior\BuildLiteBehavior [ RunTime:0.000000s ]
INFO: [ app_init ] --END-- [ RunTime:0.001000s ]

[ 2016-06-29T20:36:06+08:00 ] 127.0.0.1 /mall/Cart/updateCartNums.html
INFO: [ app_init ] --START--
INFO: Run Behavior\BuildLiteBehavior [ RunTime:0.000000s ]
INFO: [ app_init ] --END-- [ RunTime:0.000000s ]
INFO: [ app_begin ] --START--
INFO: Run Behavior\ReadHtmlCacheBehavior [ RunTime:0.001000s ]
INFO: [ app_begin ] --END-- [ RunTime:0.001000s ]
SQL: DESCRIBE ts_product [ RunTime:0.003000s ]
SQL: DESCRIBE ts_goods [ RunTime:0.003000s ]
SQL: SELECT `sku` FROM `ts_goods` WHERE ( goods_id=96 ) LIMIT 1   [ RunTime:0.000000s ]

[ 2016-06-29T20:36:08+08:00 ] 127.0.0.1 /mall/Cart/updateCartNums.html
INFO: [ app_init ] --START--
INFO: Run Behavior\BuildLiteBehavior [ RunTime:0.000000s ]
INFO: [ app_init ] --END-- [ RunTime:0.000000s ]
INFO: [ app_begin ] --START--
INFO: Run Behavior\ReadHtmlCacheBehavior [ RunTime:0.000000s ]
INFO: [ app_begin ] --END-- [ RunTime:0.000000s ]
SQL: DESCRIBE ts_product [ RunTime:0.003000s ]
SQL: DESCRIBE ts_goods [ RunTime:0.003000s ]
SQL: SELECT `sku` FROM `ts_goods` WHERE ( goods_id=96 ) LIMIT 1   [ RunTime:0.000000s ]

[ 2016-06-29T20:36:20+08:00 ] 127.0.0.1 /mall/Cart/updateCartNums.html
INFO: [ app_init ] --START--
INFO: Run Behavior\BuildLiteBehavior [ RunTime:0.000000s ]
INFO: [ app_init ] --END-- [ RunTime:0.000000s ]
INFO: [ app_begin ] --START--
INFO: Run Behavior\ReadHtmlCacheBehavior [ RunTime:0.001000s ]
INFO: [ app_begin ] --END-- [ RunTime:0.001000s ]
SQL: DESCRIBE ts_product [ RunTime:0.004000s ]
SQL: DESCRIBE ts_goods [ RunTime:0.003000s ]
SQL: SELECT `sku` FROM `ts_goods` WHERE ( goods_id=96 ) LIMIT 1   [ RunTime:0.000000s ]

[ 2016-06-29T20:36:38+08:00 ] 127.0.0.1 /mall/Cart/index.html
INFO: [ app_init ] --START--
INFO: Run Behavior\BuildLiteBehavior [ RunTime:0.000000s ]
INFO: [ app_init ] --END-- [ RunTime:0.000000s ]

[ 2016-06-29T20:36:40+08:00 ] 127.0.0.1 /mall/Cart/updateCartNums.html
INFO: [ app_init ] --START--
INFO: Run Behavior\BuildLiteBehavior [ RunTime:0.001000s ]
INFO: [ app_init ] --END-- [ RunTime:0.001000s ]
INFO: [ app_begin ] --START--
INFO: Run Behavior\ReadHtmlCacheBehavior [ RunTime:0.001000s ]
INFO: [ app_begin ] --END-- [ RunTime:0.001000s ]
SQL: DESCRIBE ts_product [ RunTime:0.003000s ]
SQL: DESCRIBE ts_goods [ RunTime:0.005000s ]
SQL: SELECT `sku` FROM `ts_goods` WHERE ( goods_id=96 ) LIMIT 1   [ RunTime:0.000000s ]

[ 2016-06-29T20:36:52+08:00 ] 127.0.0.1 /mall/Cart/updateCartNums.html
INFO: [ app_init ] --START--
INFO: Run Behavior\BuildLiteBehavior [ RunTime:0.000000s ]
INFO: [ app_init ] --END-- [ RunTime:0.000000s ]
INFO: [ app_begin ] --START--
INFO: Run Behavior\ReadHtmlCacheBehavior [ RunTime:0.000000s ]
INFO: [ app_begin ] --END-- [ RunTime:0.000000s ]
SQL: DESCRIBE ts_product [ RunTime:0.004000s ]
SQL: DESCRIBE ts_goods [ RunTime:0.003000s ]
SQL: SELECT `sku` FROM `ts_goods` WHERE ( goods_id=96 ) LIMIT 1   [ RunTime:0.000000s ]

[ 2016-06-29T20:37:09+08:00 ] 127.0.0.1 /mall/Cart/updateCartNums.html
INFO: [ app_init ] --START--
INFO: Run Behavior\BuildLiteBehavior [ RunTime:0.000000s ]
INFO: [ app_init ] --END-- [ RunTime:0.001000s ]
INFO: [ app_begin ] --START--
INFO: Run Behavior\ReadHtmlCacheBehavior [ RunTime:0.001000s ]
INFO: [ app_begin ] --END-- [ RunTime:0.001000s ]
SQL: DESCRIBE ts_product [ RunTime:0.003000s ]
SQL: DESCRIBE ts_goods [ RunTime:0.004000s ]
SQL: SELECT `sku` FROM `ts_goods` WHERE ( goods_id=96 ) LIMIT 1   [ RunTime:0.001000s ]

[ 2016-06-29T20:37:10+08:00 ] 127.0.0.1 /mall/Cart/updateCartNums.html
INFO: [ app_init ] --START--
INFO: Run Behavior\BuildLiteBehavior [ RunTime:0.000000s ]
INFO: [ app_init ] --END-- [ RunTime:0.001000s ]
INFO: [ app_begin ] --START--
INFO: Run Behavior\ReadHtmlCacheBehavior [ RunTime:0.001000s ]
INFO: [ app_begin ] --END-- [ RunTime:0.001000s ]
SQL: DESCRIBE ts_product [ RunTime:0.003000s ]
SQL: DESCRIBE ts_goods [ RunTime:0.003000s ]
SQL: SELECT `sku` FROM `ts_goods` WHERE ( goods_id=96 ) LIMIT 1   [ RunTime:0.001000s ]

[ 2016-06-29T20:37:10+08:00 ] 127.0.0.1 /mall/Cart/updateCartNums.html
INFO: [ app_init ] --START--
INFO: Run Behavior\BuildLiteBehavior [ RunTime:0.000000s ]
INFO: [ app_init ] --END-- [ RunTime:0.000000s ]
INFO: [ app_begin ] --START--
INFO: Run Behavior\ReadHtmlCacheBehavior [ RunTime:0.001000s ]
INFO: [ app_begin ] --END-- [ RunTime:0.001000s ]
SQL: DESCRIBE ts_product [ RunTime:0.004000s ]
SQL: DESCRIBE ts_goods [ RunTime:0.004000s ]
SQL: SELECT `sku` FROM `ts_goods` WHERE ( goods_id=96 ) LIMIT 1   [ RunTime:0.000000s ]

[ 2016-06-29T20:37:10+08:00 ] 127.0.0.1 /mall/Cart/updateCartNums.html
INFO: [ app_init ] --START--
INFO: Run Behavior\BuildLiteBehavior [ RunTime:0.000000s ]
INFO: [ app_init ] --END-- [ RunTime:0.001000s ]
INFO: [ app_begin ] --START--
INFO: Run Behavior\ReadHtmlCacheBehavior [ RunTime:0.001000s ]
INFO: [ app_begin ] --END-- [ RunTime:0.001000s ]
SQL: DESCRIBE ts_product [ RunTime:0.003000s ]
SQL: DESCRIBE ts_goods [ RunTime:0.003000s ]
SQL: SELECT `sku` FROM `ts_goods` WHERE ( goods_id=96 ) LIMIT 1   [ RunTime:0.000000s ]

[ 2016-06-29T20:37:10+08:00 ] 127.0.0.1 /mall/Cart/updateCartNums.html
INFO: [ app_init ] --START--
INFO: Run Behavior\BuildLiteBehavior [ RunTime:0.000000s ]
INFO: [ app_init ] --END-- [ RunTime:0.001000s ]
INFO: [ app_begin ] --START--
INFO: Run Behavior\ReadHtmlCacheBehavior [ RunTime:0.000000s ]
INFO: [ app_begin ] --END-- [ RunTime:0.000000s ]
SQL: DESCRIBE ts_product [ RunTime:0.003000s ]
SQL: DESCRIBE ts_goods [ RunTime:0.003000s ]
SQL: SELECT `sku` FROM `ts_goods` WHERE ( goods_id=96 ) LIMIT 1   [ RunTime:0.000000s ]

[ 2016-06-29T20:37:10+08:00 ] 127.0.0.1 /mall/Cart/updateCartNums.html
INFO: [ app_init ] --START--
INFO: Run Behavior\BuildLiteBehavior [ RunTime:0.000000s ]
INFO: [ app_init ] --END-- [ RunTime:0.000000s ]
INFO: [ app_begin ] --START--
INFO: Run Behavior\ReadHtmlCacheBehavior [ RunTime:0.000000s ]
INFO: [ app_begin ] --END-- [ RunTime:0.000000s ]
SQL: DESCRIBE ts_product [ RunTime:0.004000s ]
SQL: DESCRIBE ts_goods [ RunTime:0.004000s ]
SQL: SELECT `sku` FROM `ts_goods` WHERE ( goods_id=96 ) LIMIT 1   [ RunTime:0.001000s ]

[ 2016-06-29T20:37:11+08:00 ] 127.0.0.1 /mall/Cart/updateCartNums.html
INFO: [ app_init ] --START--
INFO: Run Behavior\BuildLiteBehavior [ RunTime:0.000000s ]
INFO: [ app_init ] --END-- [ RunTime:0.001000s ]
INFO: [ app_begin ] --START--
INFO: Run Behavior\ReadHtmlCacheBehavior [ RunTime:0.000000s ]
INFO: [ app_begin ] --END-- [ RunTime:0.000000s ]
SQL: DESCRIBE ts_product [ RunTime:0.004000s ]
SQL: DESCRIBE ts_goods [ RunTime:0.004000s ]
SQL: SELECT `sku` FROM `ts_goods` WHERE ( goods_id=96 ) LIMIT 1   [ RunTime:0.001000s ]

[ 2016-06-29T20:37:11+08:00 ] 127.0.0.1 /mall/Cart/updateCartNums.html
INFO: [ app_init ] --START--
INFO: Run Behavior\BuildLiteBehavior [ RunTime:0.000000s ]
INFO: [ app_init ] --END-- [ RunTime:0.001000s ]
INFO: [ app_begin ] --START--
INFO: Run Behavior\ReadHtmlCacheBehavior [ RunTime:0.001000s ]
INFO: [ app_begin ] --END-- [ RunTime:0.001000s ]
SQL: DESCRIBE ts_product [ RunTime:0.003000s ]
SQL: DESCRIBE ts_goods [ RunTime:0.004000s ]
SQL: SELECT `sku` FROM `ts_goods` WHERE ( goods_id=96 ) LIMIT 1   [ RunTime:0.001000s ]

[ 2016-06-29T20:37:11+08:00 ] 127.0.0.1 /mall/Cart/updateCartNums.html
INFO: [ app_init ] --START--
INFO: Run Behavior\BuildLiteBehavior [ RunTime:0.000000s ]
INFO: [ app_init ] --END-- [ RunTime:0.001000s ]
INFO: [ app_begin ] --START--
INFO: Run Behavior\ReadHtmlCacheBehavior [ RunTime:0.001000s ]
INFO: [ app_begin ] --END-- [ RunTime:0.001000s ]
SQL: DESCRIBE ts_product [ RunTime:0.003000s ]
SQL: DESCRIBE ts_goods [ RunTime:0.003000s ]
SQL: SELECT `sku` FROM `ts_goods` WHERE ( goods_id=96 ) LIMIT 1   [ RunTime:0.000000s ]

[ 2016-06-29T20:37:11+08:00 ] 127.0.0.1 /mall/Cart/updateCartNums.html
INFO: [ app_init ] --START--
INFO: Run Behavior\BuildLiteBehavior [ RunTime:0.000000s ]
INFO: [ app_init ] --END-- [ RunTime:0.000000s ]
INFO: [ app_begin ] --START--
INFO: Run Behavior\ReadHtmlCacheBehavior [ RunTime:0.001000s ]
INFO: [ app_begin ] --END-- [ RunTime:0.001000s ]
SQL: DESCRIBE ts_product [ RunTime:0.004000s ]
SQL: DESCRIBE ts_goods [ RunTime:0.003000s ]
SQL: SELECT `sku` FROM `ts_goods` WHERE ( goods_id=96 ) LIMIT 1   [ RunTime:0.000000s ]

[ 2016-06-29T20:37:14+08:00 ] 127.0.0.1 /mall/Cart/updateCartNums.html
INFO: [ app_init ] --START--
INFO: Run Behavior\BuildLiteBehavior [ RunTime:0.000000s ]
INFO: [ app_init ] --END-- [ RunTime:0.000000s ]
INFO: [ app_begin ] --START--
INFO: Run Behavior\ReadHtmlCacheBehavior [ RunTime:0.001000s ]
INFO: [ app_begin ] --END-- [ RunTime:0.001000s ]
SQL: DESCRIBE ts_product [ RunTime:0.004000s ]
SQL: DESCRIBE ts_goods [ RunTime:0.004000s ]
SQL: SELECT `sku` FROM `ts_goods` WHERE ( goods_id=96 ) LIMIT 1   [ RunTime:0.000000s ]

[ 2016-06-29T20:37:16+08:00 ] 127.0.0.1 /mall/Cart/updateCartNums.html
INFO: [ app_init ] --START--
INFO: Run Behavior\BuildLiteBehavior [ RunTime:0.000000s ]
INFO: [ app_init ] --END-- [ RunTime:0.000000s ]
INFO: [ app_begin ] --START--
INFO: Run Behavior\ReadHtmlCacheBehavior [ RunTime:0.000000s ]
INFO: [ app_begin ] --END-- [ RunTime:0.000000s ]
SQL: DESCRIBE ts_product [ RunTime:0.004000s ]
SQL: DESCRIBE ts_goods [ RunTime:0.003000s ]
SQL: SELECT `sku` FROM `ts_goods` WHERE ( goods_id=96 ) LIMIT 1   [ RunTime:0.000000s ]

[ 2016-06-29T20:37:27+08:00 ] 127.0.0.1 /mall/Cart/index.html
INFO: [ app_init ] --START--
INFO: Run Behavior\BuildLiteBehavior [ RunTime:0.000000s ]
INFO: [ app_init ] --END-- [ RunTime:0.000000s ]

[ 2016-06-29T20:37:30+08:00 ] 127.0.0.1 /mall/Cart/updateCartNums.html
INFO: [ app_init ] --START--
INFO: Run Behavior\BuildLiteBehavior [ RunTime:0.000000s ]
INFO: [ app_init ] --END-- [ RunTime:0.000000s ]
INFO: [ app_begin ] --START--
INFO: Run Behavior\ReadHtmlCacheBehavior [ RunTime:0.000000s ]
INFO: [ app_begin ] --END-- [ RunTime:0.000000s ]
SQL: DESCRIBE ts_product [ RunTime:0.003000s ]
SQL: DESCRIBE ts_goods [ RunTime:0.003000s ]
SQL: SELECT `sku` FROM `ts_goods` WHERE ( goods_id=96 ) LIMIT 1   [ RunTime:0.000000s ]

[ 2016-06-29T20:37:31+08:00 ] 127.0.0.1 /mall/Cart/updateCartNums.html
INFO: [ app_init ] --START--
INFO: Run Behavior\BuildLiteBehavior [ RunTime:0.000000s ]
INFO: [ app_init ] --END-- [ RunTime:0.000000s ]
INFO: [ app_begin ] --START--
INFO: Run Behavior\ReadHtmlCacheBehavior [ RunTime:0.001000s ]
INFO: [ app_begin ] --END-- [ RunTime:0.001000s ]
SQL: DESCRIBE ts_product [ RunTime:0.003000s ]
SQL: DESCRIBE ts_goods [ RunTime:0.003000s ]
SQL: SELECT `sku` FROM `ts_goods` WHERE ( goods_id=96 ) LIMIT 1   [ RunTime:0.000000s ]

[ 2016-06-29T20:37:31+08:00 ] 127.0.0.1 /mall/Cart/updateCartNums.html
INFO: [ app_init ] --START--
INFO: Run Behavior\BuildLiteBehavior [ RunTime:0.000000s ]
INFO: [ app_init ] --END-- [ RunTime:0.000000s ]
INFO: [ app_begin ] --START--
INFO: Run Behavior\ReadHtmlCacheBehavior [ RunTime:0.001000s ]
INFO: [ app_begin ] --END-- [ RunTime:0.001000s ]
SQL: DESCRIBE ts_product [ RunTime:0.004000s ]
SQL: DESCRIBE ts_goods [ RunTime:0.004000s ]
SQL: SELECT `sku` FROM `ts_goods` WHERE ( goods_id=96 ) LIMIT 1   [ RunTime:0.001000s ]

[ 2016-06-29T20:37:31+08:00 ] 127.0.0.1 /mall/Cart/updateCartNums.html
INFO: [ app_init ] --START--
INFO: Run Behavior\BuildLiteBehavior [ RunTime:0.001000s ]
INFO: [ app_init ] --END-- [ RunTime:0.001000s ]
INFO: [ app_begin ] --START--
INFO: Run Behavior\ReadHtmlCacheBehavior [ RunTime:0.001000s ]
INFO: [ app_begin ] --END-- [ RunTime:0.001000s ]
SQL: DESCRIBE ts_product [ RunTime:0.003000s ]
SQL: DESCRIBE ts_goods [ RunTime:0.004000s ]
SQL: SELECT `sku` FROM `ts_goods` WHERE ( goods_id=96 ) LIMIT 1   [ RunTime:0.000000s ]

[ 2016-06-29T20:37:31+08:00 ] 127.0.0.1 /mall/Cart/updateCartNums.html
INFO: [ app_init ] --START--
INFO: Run Behavior\BuildLiteBehavior [ RunTime:0.000000s ]
INFO: [ app_init ] --END-- [ RunTime:0.000000s ]
INFO: [ app_begin ] --START--
INFO: Run Behavior\ReadHtmlCacheBehavior [ RunTime:0.001000s ]
INFO: [ app_begin ] --END-- [ RunTime:0.001000s ]
SQL: DESCRIBE ts_product [ RunTime:0.003000s ]
SQL: DESCRIBE ts_goods [ RunTime:0.003000s ]
SQL: SELECT `sku` FROM `ts_goods` WHERE ( goods_id=96 ) LIMIT 1   [ RunTime:0.000000s ]

[ 2016-06-29T20:37:31+08:00 ] 127.0.0.1 /mall/Cart/updateCartNums.html
INFO: [ app_init ] --START--
INFO: Run Behavior\BuildLiteBehavior [ RunTime:0.000000s ]
INFO: [ app_init ] --END-- [ RunTime:0.001000s ]
INFO: [ app_begin ] --START--
INFO: Run Behavior\ReadHtmlCacheBehavior [ RunTime:0.001000s ]
INFO: [ app_begin ] --END-- [ RunTime:0.001000s ]
SQL: DESCRIBE ts_product [ RunTime:0.004000s ]
SQL: DESCRIBE ts_goods [ RunTime:0.004000s ]
SQL: SELECT `sku` FROM `ts_goods` WHERE ( goods_id=96 ) LIMIT 1   [ RunTime:0.001000s ]

[ 2016-06-29T20:37:32+08:00 ] 127.0.0.1 /mall/Cart/updateCartNums.html
INFO: [ app_init ] --START--
INFO: Run Behavior\BuildLiteBehavior [ RunTime:0.000000s ]
INFO: [ app_init ] --END-- [ RunTime:0.001000s ]
INFO: [ app_begin ] --START--
INFO: Run Behavior\ReadHtmlCacheBehavior [ RunTime:0.001000s ]
INFO: [ app_begin ] --END-- [ RunTime:0.001000s ]
SQL: DESCRIBE ts_product [ RunTime:0.003000s ]
SQL: DESCRIBE ts_goods [ RunTime:0.004000s ]
SQL: SELECT `sku` FROM `ts_goods` WHERE ( goods_id=96 ) LIMIT 1   [ RunTime:0.000000s ]

[ 2016-06-29T20:37:32+08:00 ] 127.0.0.1 /mall/Cart/updateCartNums.html
INFO: [ app_init ] --START--
INFO: Run Behavior\BuildLiteBehavior [ RunTime:0.000000s ]
INFO: [ app_init ] --END-- [ RunTime:0.001000s ]
INFO: [ app_begin ] --START--
INFO: Run Behavior\ReadHtmlCacheBehavior [ RunTime:0.001000s ]
INFO: [ app_begin ] --END-- [ RunTime:0.001000s ]
SQL: DESCRIBE ts_product [ RunTime:0.004000s ]
SQL: DESCRIBE ts_goods [ RunTime:0.004000s ]
SQL: SELECT `sku` FROM `ts_goods` WHERE ( goods_id=96 ) LIMIT 1   [ RunTime:0.001000s ]

[ 2016-06-29T20:37:34+08:00 ] 127.0.0.1 /mall/Cart/updateCartNums.html
INFO: [ app_init ] --START--
INFO: Run Behavior\BuildLiteBehavior [ RunTime:0.000000s ]
INFO: [ app_init ] --END-- [ RunTime:0.000000s ]
INFO: [ app_begin ] --START--
INFO: Run Behavior\ReadHtmlCacheBehavior [ RunTime:0.001000s ]
INFO: [ app_begin ] --END-- [ RunTime:0.001000s ]
SQL: DESCRIBE ts_product [ RunTime:0.004000s ]
SQL: DESCRIBE ts_goods [ RunTime:0.003000s ]
SQL: SELECT `sku` FROM `ts_goods` WHERE ( goods_id=96 ) LIMIT 1   [ RunTime:0.000000s ]

[ 2016-06-29T20:37:35+08:00 ] 127.0.0.1 /mall/Cart/updateCartNums.html
INFO: [ app_init ] --START--
INFO: Run Behavior\BuildLiteBehavior [ RunTime:0.000000s ]
INFO: [ app_init ] --END-- [ RunTime:0.001000s ]
INFO: [ app_begin ] --START--
INFO: Run Behavior\ReadHtmlCacheBehavior [ RunTime:0.001000s ]
INFO: [ app_begin ] --END-- [ RunTime:0.001000s ]
SQL: DESCRIBE ts_product [ RunTime:0.003000s ]
SQL: DESCRIBE ts_goods [ RunTime:0.003000s ]
SQL: SELECT `sku` FROM `ts_goods` WHERE ( goods_id=96 ) LIMIT 1   [ RunTime:0.000000s ]

[ 2016-06-29T20:37:35+08:00 ] 127.0.0.1 /mall/Cart/updateCartNums.html
INFO: [ app_init ] --START--
INFO: Run Behavior\BuildLiteBehavior [ RunTime:0.000000s ]
INFO: [ app_init ] --END-- [ RunTime:0.000000s ]
INFO: [ app_begin ] --START--
INFO: Run Behavior\ReadHtmlCacheBehavior [ RunTime:0.001000s ]
INFO: [ app_begin ] --END-- [ RunTime:0.001000s ]
SQL: DESCRIBE ts_product [ RunTime:0.003000s ]
SQL: DESCRIBE ts_goods [ RunTime:0.003000s ]
SQL: SELECT `sku` FROM `ts_goods` WHERE ( goods_id=96 ) LIMIT 1   [ RunTime:0.000000s ]

[ 2016-06-29T20:37:35+08:00 ] 127.0.0.1 /mall/Cart/updateCartNums.html
INFO: [ app_init ] --START--
INFO: Run Behavior\BuildLiteBehavior [ RunTime:0.000000s ]
INFO: [ app_init ] --END-- [ RunTime:0.001000s ]
INFO: [ app_begin ] --START--
INFO: Run Behavior\ReadHtmlCacheBehavior [ RunTime:0.000000s ]
INFO: [ app_begin ] --END-- [ RunTime:0.000000s ]
SQL: DESCRIBE ts_product [ RunTime:0.004000s ]
SQL: DESCRIBE ts_goods [ RunTime:0.003000s ]
SQL: SELECT `sku` FROM `ts_goods` WHERE ( goods_id=96 ) LIMIT 1   [ RunTime:0.000000s ]

[ 2016-06-29T20:37:35+08:00 ] 127.0.0.1 /mall/Cart/updateCartNums.html
INFO: [ app_init ] --START--
INFO: Run Behavior\BuildLiteBehavior [ RunTime:0.000000s ]
INFO: [ app_init ] --END-- [ RunTime:0.000000s ]
INFO: [ app_begin ] --START--
INFO: Run Behavior\ReadHtmlCacheBehavior [ RunTime:0.000000s ]
INFO: [ app_begin ] --END-- [ RunTime:0.001000s ]
SQL: DESCRIBE ts_product [ RunTime:0.003000s ]
SQL: DESCRIBE ts_goods [ RunTime:0.004000s ]
SQL: SELECT `sku` FROM `ts_goods` WHERE ( goods_id=96 ) LIMIT 1   [ RunTime:0.000000s ]

[ 2016-06-29T20:37:35+08:00 ] 127.0.0.1 /mall/Cart/updateCartNums.html
INFO: [ app_init ] --START--
INFO: Run Behavior\BuildLiteBehavior [ RunTime:0.000000s ]
INFO: [ app_init ] --END-- [ RunTime:0.001000s ]
INFO: [ app_begin ] --START--
INFO: Run Behavior\ReadHtmlCacheBehavior [ RunTime:0.001000s ]
INFO: [ app_begin ] --END-- [ RunTime:0.001000s ]
SQL: DESCRIBE ts_product [ RunTime:0.005000s ]
SQL: DESCRIBE ts_goods [ RunTime:0.003000s ]
SQL: SELECT `sku` FROM `ts_goods` WHERE ( goods_id=96 ) LIMIT 1   [ RunTime:0.000000s ]

[ 2016-06-29T20:37:35+08:00 ] 127.0.0.1 /mall/Cart/updateCartNums.html
INFO: [ app_init ] --START--
INFO: Run Behavior\BuildLiteBehavior [ RunTime:0.000000s ]
INFO: [ app_init ] --END-- [ RunTime:0.000000s ]
INFO: [ app_begin ] --START--
INFO: Run Behavior\ReadHtmlCacheBehavior [ RunTime:0.001000s ]
INFO: [ app_begin ] --END-- [ RunTime:0.001000s ]
SQL: DESCRIBE ts_product [ RunTime:0.003000s ]
SQL: DESCRIBE ts_goods [ RunTime:0.003000s ]
SQL: SELECT `sku` FROM `ts_goods` WHERE ( goods_id=96 ) LIMIT 1   [ RunTime:0.000000s ]

[ 2016-06-29T20:37:36+08:00 ] 127.0.0.1 /mall/Cart/updateCartNums.html
INFO: [ app_init ] --START--
INFO: Run Behavior\BuildLiteBehavior [ RunTime:0.000000s ]
INFO: [ app_init ] --END-- [ RunTime:0.000000s ]
INFO: [ app_begin ] --START--
INFO: Run Behavior\ReadHtmlCacheBehavior [ RunTime:0.000000s ]
INFO: [ app_begin ] --END-- [ RunTime:0.001000s ]
SQL: DESCRIBE ts_product [ RunTime:0.003000s ]
SQL: DESCRIBE ts_goods [ RunTime:0.003000s ]
SQL: SELECT `sku` FROM `ts_goods` WHERE ( goods_id=96 ) LIMIT 1   [ RunTime:0.000000s ]

[ 2016-06-29T20:37:36+08:00 ] 127.0.0.1 /mall/Cart/updateCartNums.html
INFO: [ app_init ] --START--
INFO: Run Behavior\BuildLiteBehavior [ RunTime:0.000000s ]
INFO: [ app_init ] --END-- [ RunTime:0.000000s ]
INFO: [ app_begin ] --START--
INFO: Run Behavior\ReadHtmlCacheBehavior [ RunTime:0.000000s ]
INFO: [ app_begin ] --END-- [ RunTime:0.000000s ]
SQL: DESCRIBE ts_product [ RunTime:0.003000s ]
SQL: DESCRIBE ts_goods [ RunTime:0.004000s ]
SQL: SELECT `sku` FROM `ts_goods` WHERE ( goods_id=96 ) LIMIT 1   [ RunTime:0.000000s ]

[ 2016-06-29T20:37:36+08:00 ] 127.0.0.1 /mall/Cart/updateCartNums.html
INFO: [ app_init ] --START--
INFO: Run Behavior\BuildLiteBehavior [ RunTime:0.000000s ]
INFO: [ app_init ] --END-- [ RunTime:0.001000s ]
INFO: [ app_begin ] --START--
INFO: Run Behavior\ReadHtmlCacheBehavior [ RunTime:0.001000s ]
INFO: [ app_begin ] --END-- [ RunTime:0.001000s ]
SQL: DESCRIBE ts_product [ RunTime:0.003000s ]
SQL: DESCRIBE ts_goods [ RunTime:0.003000s ]
SQL: SELECT `sku` FROM `ts_goods` WHERE ( goods_id=96 ) LIMIT 1   [ RunTime:0.000000s ]

[ 2016-06-29T20:37:41+08:00 ] 127.0.0.1 /mall/Cart/updateCartNums.html
INFO: [ app_init ] --START--
INFO: Run Behavior\BuildLiteBehavior [ RunTime:0.000000s ]
INFO: [ app_init ] --END-- [ RunTime:0.000000s ]
INFO: [ app_begin ] --START--
INFO: Run Behavior\ReadHtmlCacheBehavior [ RunTime:0.000000s ]
INFO: [ app_begin ] --END-- [ RunTime:0.000000s ]
SQL: DESCRIBE ts_product [ RunTime:0.003000s ]
SQL: DESCRIBE ts_goods [ RunTime:0.005000s ]
SQL: SELECT `sku` FROM `ts_goods` WHERE ( goods_id=96 ) LIMIT 1   [ RunTime:0.000000s ]

[ 2016-06-29T20:37:44+08:00 ] 127.0.0.1 /mall/Cart/updateCartNums.html
INFO: [ app_init ] --START--
INFO: Run Behavior\BuildLiteBehavior [ RunTime:0.000000s ]
INFO: [ app_init ] --END-- [ RunTime:0.001000s ]
INFO: [ app_begin ] --START--
INFO: Run Behavior\ReadHtmlCacheBehavior [ RunTime:0.001000s ]
INFO: [ app_begin ] --END-- [ RunTime:0.001000s ]
SQL: DESCRIBE ts_product [ RunTime:0.003000s ]
SQL: DESCRIBE ts_goods [ RunTime:0.003000s ]
SQL: SELECT `sku` FROM `ts_goods` WHERE ( goods_id=96 ) LIMIT 1   [ RunTime:0.000000s ]

[ 2016-06-29T20:37:45+08:00 ] 127.0.0.1 /mall/Cart/updateCartNums.html
INFO: [ app_init ] --START--
INFO: Run Behavior\BuildLiteBehavior [ RunTime:0.000000s ]
INFO: [ app_init ] --END-- [ RunTime:0.000000s ]
INFO: [ app_begin ] --START--
INFO: Run Behavior\ReadHtmlCacheBehavior [ RunTime:0.001000s ]
INFO: [ app_begin ] --END-- [ RunTime:0.001000s ]
SQL: DESCRIBE ts_product [ RunTime:0.004000s ]
SQL: DESCRIBE ts_goods [ RunTime:0.004000s ]
SQL: SELECT `sku` FROM `ts_goods` WHERE ( goods_id=96 ) LIMIT 1   [ RunTime:0.001000s ]

[ 2016-06-29T20:37:45+08:00 ] 127.0.0.1 /mall/Cart/updateCartNums.html
INFO: [ app_init ] --START--
INFO: Run Behavior\BuildLiteBehavior [ RunTime:0.000000s ]
INFO: [ app_init ] --END-- [ RunTime:0.000000s ]
INFO: [ app_begin ] --START--
INFO: Run Behavior\ReadHtmlCacheBehavior [ RunTime:0.000000s ]
INFO: [ app_begin ] --END-- [ RunTime:0.000000s ]
SQL: DESCRIBE ts_product [ RunTime:0.004000s ]
SQL: DESCRIBE ts_goods [ RunTime:0.004000s ]
SQL: SELECT `sku` FROM `ts_goods` WHERE ( goods_id=96 ) LIMIT 1   [ RunTime:0.001000s ]

[ 2016-06-29T20:37:50+08:00 ] 127.0.0.1 /mall/Cart/__CONTROL__/orderInfo
INFO: [ app_init ] --START--
INFO: Run Behavior\BuildLiteBehavior [ RunTime:0.000000s ]
INFO: [ app_init ] --END-- [ RunTime:0.000000s ]
ERR: :__CONTROL__

[ 2016-06-29T20:37:53+08:00 ] 127.0.0.1 /mall/Cart/getCart.html
INFO: [ app_init ] --START--
INFO: Run Behavior\BuildLiteBehavior [ RunTime:0.000000s ]
INFO: [ app_init ] --END-- [ RunTime:0.000000s ]
INFO: [ app_begin ] --START--
INFO: Run Behavior\ReadHtmlCacheBehavior [ RunTime:0.001000s ]
INFO: [ app_begin ] --END-- [ RunTime:0.001000s ]
SQL: DESCRIBE ts_goods [ RunTime:0.004000s ]
SQL: SELECT * FROM `ts_goods` WHERE ( goods_id in (96) )  [ RunTime:0.001000s ]

