[ 2016-07-13T21:59:55+08:00 ] 127.0.0.1 /mall/
INFO: [ app_init ] --START--
INFO: Run Behavior\BuildLiteBehavior [ RunTime:0.000000s ]
INFO: [ app_init ] --END-- [ RunTime:0.001000s ]

[ 2016-07-13T21:59:59+08:00 ] 127.0.0.1 /mall/admin
INFO: [ app_init ] --START--
INFO: Run Behavior\BuildLiteBehavior [ RunTime:0.000000s ]
INFO: [ app_init ] --END-- [ RunTime:0.000000s ]
INFO: [ app_begin ] --START--
INFO: Run Behavior\ReadHtmlCacheBehavior [ RunTime:0.001000s ]
INFO: [ app_begin ] --END-- [ RunTime:0.001000s ]

[ 2016-07-13T21:59:59+08:00 ] 127.0.0.1 /mall/Admin/Login/index.html
INFO: [ app_init ] --START--
INFO: Run Behavior\BuildLiteBehavior [ RunTime:0.000000s ]
INFO: [ app_init ] --END-- [ RunTime:0.000000s ]
INFO: [ app_begin ] --START--
INFO: Run Behavior\ReadHtmlCacheBehavior [ RunTime:0.001000s ]
INFO: [ app_begin ] --END-- [ RunTime:0.001000s ]
INFO: [ view_parse ] --START--
INFO: [ template_filter ] --START--
INFO: Run Behavior\ContentReplaceBehavior [ RunTime:0.000000s ]
INFO: [ template_filter ] --END-- [ RunTime:0.000000s ]
INFO: Run Behavior\ParseTemplateBehavior [ RunTime:0.008000s ]
INFO: [ view_parse ] --END-- [ RunTime:0.009000s ]
INFO: [ view_filter ] --START--
INFO: Run Behavior\WriteHtmlCacheBehavior [ RunTime:0.001000s ]
INFO: [ view_filter ] --END-- [ RunTime:0.002000s ]
INFO: [ app_end ] --START--
INFO: Run Behavior\ShowPageTraceBehavior [ RunTime:0.001000s ]
INFO: [ app_end ] --END-- [ RunTime:0.001000s ]

[ 2016-07-13T21:59:59+08:00 ] 127.0.0.1 /mall/Admin/Login/verity.html
INFO: [ app_init ] --START--
INFO: Run Behavior\BuildLiteBehavior [ RunTime:0.000000s ]
INFO: [ app_init ] --END-- [ RunTime:0.016000s ]
INFO: [ app_begin ] --START--
INFO: Run Behavior\ReadHtmlCacheBehavior [ RunTime:0.001000s ]
INFO: [ app_begin ] --END-- [ RunTime:0.001000s ]
INFO: [ app_end ] --START--
INFO: Run Behavior\ShowPageTraceBehavior [ RunTime:0.001000s ]
INFO: [ app_end ] --END-- [ RunTime:0.001000s ]

[ 2016-07-13T22:00:04+08:00 ] 127.0.0.1 /mall/Admin/Login/login.html
INFO: [ app_init ] --START--
INFO: Run Behavior\BuildLiteBehavior [ RunTime:0.000000s ]
INFO: [ app_init ] --END-- [ RunTime:0.001000s ]
INFO: [ app_begin ] --START--
INFO: Run Behavior\ReadHtmlCacheBehavior [ RunTime:0.001000s ]
INFO: [ app_begin ] --END-- [ RunTime:0.001000s ]
SQL: DESCRIBE ts_admin [ RunTime:0.004000s ]
SQL: SELECT `user_id`,`username`,`passwd` FROM `ts_admin` WHERE ( `username` = 'admin' ) AND ( `passwd` = 'e10adc3949ba59abbe56e057f20f883e' ) LIMIT 1   [ RunTime:0.000000s ]
SQL: UPDATE `ts_admin` SET `last_login`=1468418404,`last_ip`=2130706433 WHERE ( `user_id` = 1 ) [ RunTime:0.001000s ]

[ 2016-07-13T22:00:04+08:00 ] 127.0.0.1 /mall/Admin/Index/index.html
INFO: [ app_init ] --START--
INFO: Run Behavior\BuildLiteBehavior [ RunTime:0.000000s ]
INFO: [ app_init ] --END-- [ RunTime:0.001000s ]
INFO: [ app_begin ] --START--
INFO: Run Behavior\ReadHtmlCacheBehavior [ RunTime:0.001000s ]
INFO: [ app_begin ] --END-- [ RunTime:0.001000s ]
INFO: [ view_parse ] --START--
INFO: [ template_filter ] --START--
INFO: Run Behavior\ContentReplaceBehavior [ RunTime:0.000000s ]
INFO: [ template_filter ] --END-- [ RunTime:0.000000s ]
INFO: Run Behavior\ParseTemplateBehavior [ RunTime:0.012000s ]
INFO: [ view_parse ] --END-- [ RunTime:0.012000s ]
INFO: [ view_filter ] --START--
INFO: Run Behavior\WriteHtmlCacheBehavior [ RunTime:0.001000s ]
INFO: [ view_filter ] --END-- [ RunTime:0.001000s ]
INFO: [ app_end ] --START--
INFO: Run Behavior\ShowPageTraceBehavior [ RunTime:0.001000s ]
INFO: [ app_end ] --END-- [ RunTime:0.001000s ]

[ 2016-07-13T22:00:05+08:00 ] 127.0.0.1 /mall/Admin/Index/main.html
INFO: [ app_init ] --START--
INFO: Run Behavior\BuildLiteBehavior [ RunTime:0.000000s ]
INFO: [ app_init ] --END-- [ RunTime:0.001000s ]
INFO: [ app_begin ] --START--
INFO: Run Behavior\ReadHtmlCacheBehavior [ RunTime:0.001000s ]
INFO: [ app_begin ] --END-- [ RunTime:0.001000s ]
INFO: [ app_end ] --START--
INFO: Run Behavior\ShowPageTraceBehavior [ RunTime:0.001000s ]
INFO: [ app_end ] --END-- [ RunTime:0.001000s ]

[ 2016-07-13T22:00:05+08:00 ] 127.0.0.1 /mall/PUBLIC/Admin/js/plugins/layer/extend/layer.ext.js
INFO: [ app_init ] --START--
INFO: Run Behavior\BuildLiteBehavior [ RunTime:0.000000s ]
INFO: [ app_init ] --END-- [ RunTime:0.001000s ]
ERR: 无法加载控制器:Public

[ 2016-07-13T22:00:08+08:00 ] 127.0.0.1 /mall/Admin/Order/index.html?v=4.0
INFO: [ app_init ] --START--
INFO: Run Behavior\BuildLiteBehavior [ RunTime:0.000000s ]
INFO: [ app_init ] --END-- [ RunTime:0.001000s ]
INFO: [ app_begin ] --START--
INFO: Run Behavior\ReadHtmlCacheBehavior [ RunTime:0.001000s ]
INFO: [ app_begin ] --END-- [ RunTime:0.001000s ]
SQL: DESCRIBE ts_order [ RunTime:0.004000s ]
SQL: SELECT * FROM `ts_order` ORDER BY created desc  [ RunTime:0.001000s ]
SQL: DESCRIBE ts_city [ RunTime:0.004000s ]
SQL: SELECT `area_name` FROM `ts_city` WHERE ( id=24 ) LIMIT 1   [ RunTime:0.000000s ]
SQL: SELECT `area_name` FROM `ts_city` WHERE ( id=272 ) LIMIT 1   [ RunTime:0.000000s ]
SQL: SELECT `area_name` FROM `ts_city` WHERE ( id=2533 ) LIMIT 1   [ RunTime:0.000000s ]
SQL: SELECT `area_name` FROM `ts_city` WHERE ( id=24 ) LIMIT 1   [ RunTime:0.000000s ]
SQL: SELECT `area_name` FROM `ts_city` WHERE ( id=272 ) LIMIT 1   [ RunTime:0.001000s ]
SQL: SELECT `area_name` FROM `ts_city` WHERE ( id=2533 ) LIMIT 1   [ RunTime:0.000000s ]
INFO: [ view_parse ] --START--
INFO: [ template_filter ] --START--
INFO: Run Behavior\ContentReplaceBehavior [ RunTime:0.001000s ]
INFO: [ template_filter ] --END-- [ RunTime:0.001000s ]
NOTIC: [8] Undefined variable: categorys D:\wamp\www\mall\mall\Runtime\Cache\Admin\ccf53dedd2353174c90826f0e7e87bc5.php 第 53 行.
NOTIC: [8] Undefined variable: brands D:\wamp\www\mall\mall\Runtime\Cache\Admin\ccf53dedd2353174c90826f0e7e87bc5.php 第 64 行.
NOTIC: [8] Undefined variable: promote_type D:\wamp\www\mall\mall\Runtime\Cache\Admin\ccf53dedd2353174c90826f0e7e87bc5.php 第 70 行.
NOTIC: [8] Undefined variable: promote_type D:\wamp\www\mall\mall\Runtime\Cache\Admin\ccf53dedd2353174c90826f0e7e87bc5.php 第 71 行.
NOTIC: [8] Undefined variable: promote_type D:\wamp\www\mall\mall\Runtime\Cache\Admin\ccf53dedd2353174c90826f0e7e87bc5.php 第 72 行.
NOTIC: [8] Undefined variable: is_on_sale D:\wamp\www\mall\mall\Runtime\Cache\Admin\ccf53dedd2353174c90826f0e7e87bc5.php 第 78 行.
NOTIC: [8] Undefined variable: is_on_sale D:\wamp\www\mall\mall\Runtime\Cache\Admin\ccf53dedd2353174c90826f0e7e87bc5.php 第 79 行.
NOTIC: [8] Undefined variable: keywords D:\wamp\www\mall\mall\Runtime\Cache\Admin\ccf53dedd2353174c90826f0e7e87bc5.php 第 85 行.
INFO: Run Behavior\ParseTemplateBehavior [ RunTime:0.022000s ]
INFO: [ view_parse ] --END-- [ RunTime:0.022000s ]
INFO: [ view_filter ] --START--
INFO: Run Behavior\WriteHtmlCacheBehavior [ RunTime:0.001000s ]
INFO: [ view_filter ] --END-- [ RunTime:0.001000s ]
INFO: [ app_end ] --START--
INFO: Run Behavior\ShowPageTraceBehavior [ RunTime:0.001000s ]
INFO: [ app_end ] --END-- [ RunTime:0.001000s ]

[ 2016-07-13T22:00:08+08:00 ] 127.0.0.1 /mall/PUBLIC/Admin/js/order.js
INFO: [ app_init ] --START--
INFO: Run Behavior\BuildLiteBehavior [ RunTime:0.000000s ]
INFO: [ app_init ] --END-- [ RunTime:0.000000s ]
ERR: 无法加载控制器:Public

[ 2016-07-13T22:00:09+08:00 ] 127.0.0.1 /mall/Admin/Order/OrderInfo/id/28
INFO: [ app_init ] --START--
INFO: Run Behavior\BuildLiteBehavior [ RunTime:0.000000s ]
INFO: [ app_init ] --END-- [ RunTime:0.000000s ]
INFO: [ app_begin ] --START--
INFO: Run Behavior\ReadHtmlCacheBehavior [ RunTime:0.001000s ]
INFO: [ app_begin ] --END-- [ RunTime:0.001000s ]
SQL: DESCRIBE ts_order [ RunTime:0.003000s ]
SQL: SELECT * FROM `ts_order` WHERE ( `order_id` = 28 ) LIMIT 1   [ RunTime:0.001000s ]
SQL: DESCRIBE ts_user [ RunTime:0.005000s ]
SQL: SELECT `username` FROM `ts_user` WHERE ( 1=1 AND user_id='8' ) LIMIT 1   [ RunTime:0.001000s ]
SQL: DESCRIBE ts_city [ RunTime:0.004000s ]
SQL: SELECT `area_name` FROM `ts_city` WHERE ( id=24 ) LIMIT 1   [ RunTime:0.000000s ]
SQL: SELECT `area_name` FROM `ts_city` WHERE ( id=272 ) LIMIT 1   [ RunTime:0.000000s ]
SQL: SELECT `area_name` FROM `ts_city` WHERE ( id=2533 ) LIMIT 1   [ RunTime:0.000000s ]
SQL: select TOG.order_goods_id,TOG.goods_id,TOG.goods_name,TOG.attr_list,TOG.spec_value,TOG.goods_sn,TOG.price,TOG.nums,TG.thunb_pic from ts_order_goods as TOG left JOIN   ts_goods as TG  ON TOG.goods_id=TG.goods_id WHERE TOG.order_id=28 [ RunTime:0.002000s ]
SQL: select sku from ts_goods where goods_id=96 [ RunTime:0.000000s ]
SQL: select sku from ts_product where good_id=95 AND attr_list="307,308," [ RunTime:0.002000s ]
SQL: DESCRIBE ts_order_log [ RunTime:0.003000s ]
SQL: SELECT * FROM `ts_order_log` WHERE ( order_id=28 ) ORDER BY created desc  [ RunTime:0.000000s ]
INFO: [ view_parse ] --START--
INFO: [ template_filter ] --START--
INFO: Run Behavior\ContentReplaceBehavior [ RunTime:0.001000s ]
INFO: [ template_filter ] --END-- [ RunTime:0.001000s ]
NOTIC: [8] Use of undefined constant order - assumed 'order' D:\wamp\www\mall\mall\Runtime\Cache\Admin\9502856cb9d333daac6eca1c33168123.php 第 94 行.
NOTIC: [8] Use of undefined constant pay_time - assumed 'pay_time' D:\wamp\www\mall\mall\Runtime\Cache\Admin\9502856cb9d333daac6eca1c33168123.php 第 94 行.
NOTIC: [8] Use of undefined constant order - assumed 'order' D:\wamp\www\mall\mall\Runtime\Cache\Admin\9502856cb9d333daac6eca1c33168123.php 第 104 行.
NOTIC: [8] Use of undefined constant ship_time - assumed 'ship_time' D:\wamp\www\mall\mall\Runtime\Cache\Admin\9502856cb9d333daac6eca1c33168123.php 第 104 行.
NOTIC: [8] Undefined index: tel D:\wamp\www\mall\mall\Runtime\Cache\Admin\9502856cb9d333daac6eca1c33168123.php 第 132 行.
INFO: Run Behavior\ParseTemplateBehavior [ RunTime:0.021000s ]
INFO: [ view_parse ] --END-- [ RunTime:0.022000s ]
INFO: [ view_filter ] --START--
INFO: Run Behavior\WriteHtmlCacheBehavior [ RunTime:0.000000s ]
INFO: [ view_filter ] --END-- [ RunTime:0.000000s ]
INFO: [ app_end ] --START--
INFO: Run Behavior\ShowPageTraceBehavior [ RunTime:0.001000s ]
INFO: [ app_end ] --END-- [ RunTime:0.001000s ]

[ 2016-07-13T22:03:53+08:00 ] 127.0.0.1 /mall/Admin/Order/index.html
INFO: [ app_init ] --START--
INFO: Run Behavior\BuildLiteBehavior [ RunTime:0.000000s ]
INFO: [ app_init ] --END-- [ RunTime:0.001000s ]
INFO: [ app_begin ] --START--
INFO: Run Behavior\ReadHtmlCacheBehavior [ RunTime:0.001000s ]
INFO: [ app_begin ] --END-- [ RunTime:0.001000s ]
SQL: DESCRIBE ts_order [ RunTime:0.004000s ]
SQL: SELECT * FROM `ts_order` ORDER BY created desc  [ RunTime:0.001000s ]
SQL: DESCRIBE ts_city [ RunTime:0.003000s ]
SQL: SELECT `area_name` FROM `ts_city` WHERE ( id=24 ) LIMIT 1   [ RunTime:0.000000s ]
SQL: SELECT `area_name` FROM `ts_city` WHERE ( id=272 ) LIMIT 1   [ RunTime:0.001000s ]
SQL: SELECT `area_name` FROM `ts_city` WHERE ( id=2533 ) LIMIT 1   [ RunTime:0.000000s ]
SQL: SELECT `area_name` FROM `ts_city` WHERE ( id=24 ) LIMIT 1   [ RunTime:0.000000s ]
SQL: SELECT `area_name` FROM `ts_city` WHERE ( id=272 ) LIMIT 1   [ RunTime:0.001000s ]
SQL: SELECT `area_name` FROM `ts_city` WHERE ( id=2533 ) LIMIT 1   [ RunTime:0.000000s ]
INFO: [ view_parse ] --START--
INFO: [ template_filter ] --START--
INFO: Run Behavior\ContentReplaceBehavior [ RunTime:0.000000s ]
INFO: [ template_filter ] --END-- [ RunTime:0.000000s ]
NOTIC: [8] Undefined variable: categorys D:\wamp\www\mall\mall\Runtime\Cache\Admin\ccf53dedd2353174c90826f0e7e87bc5.php 第 53 行.
NOTIC: [8] Undefined variable: brands D:\wamp\www\mall\mall\Runtime\Cache\Admin\ccf53dedd2353174c90826f0e7e87bc5.php 第 64 行.
NOTIC: [8] Undefined variable: promote_type D:\wamp\www\mall\mall\Runtime\Cache\Admin\ccf53dedd2353174c90826f0e7e87bc5.php 第 70 行.
NOTIC: [8] Undefined variable: promote_type D:\wamp\www\mall\mall\Runtime\Cache\Admin\ccf53dedd2353174c90826f0e7e87bc5.php 第 71 行.
NOTIC: [8] Undefined variable: promote_type D:\wamp\www\mall\mall\Runtime\Cache\Admin\ccf53dedd2353174c90826f0e7e87bc5.php 第 72 行.
NOTIC: [8] Undefined variable: is_on_sale D:\wamp\www\mall\mall\Runtime\Cache\Admin\ccf53dedd2353174c90826f0e7e87bc5.php 第 78 行.
NOTIC: [8] Undefined variable: is_on_sale D:\wamp\www\mall\mall\Runtime\Cache\Admin\ccf53dedd2353174c90826f0e7e87bc5.php 第 79 行.
NOTIC: [8] Undefined variable: keywords D:\wamp\www\mall\mall\Runtime\Cache\Admin\ccf53dedd2353174c90826f0e7e87bc5.php 第 85 行.
INFO: Run Behavior\ParseTemplateBehavior [ RunTime:0.020000s ]
INFO: [ view_parse ] --END-- [ RunTime:0.020000s ]
INFO: [ view_filter ] --START--
INFO: Run Behavior\WriteHtmlCacheBehavior [ RunTime:0.001000s ]
INFO: [ view_filter ] --END-- [ RunTime:0.001000s ]
INFO: [ app_end ] --START--
INFO: Run Behavior\ShowPageTraceBehavior [ RunTime:0.001000s ]
INFO: [ app_end ] --END-- [ RunTime:0.001000s ]

[ 2016-07-13T22:03:53+08:00 ] 127.0.0.1 /mall/PUBLIC/Admin/js/order.js
INFO: [ app_init ] --START--
INFO: Run Behavior\BuildLiteBehavior [ RunTime:0.000000s ]
INFO: [ app_init ] --END-- [ RunTime:0.000000s ]
ERR: 无法加载控制器:Public

[ 2016-07-13T22:03:53+08:00 ] 127.0.0.1 /mall/PUBLIC/Admin/js/order.js
INFO: [ app_init ] --START--
INFO: Run Behavior\BuildLiteBehavior [ RunTime:0.000000s ]
INFO: [ app_init ] --END-- [ RunTime:0.001000s ]
ERR: 无法加载控制器:Public

[ 2016-07-13T22:03:55+08:00 ] 127.0.0.1 /mall/Admin/Order/OrderInfo/id/28
INFO: [ app_init ] --START--
INFO: Run Behavior\BuildLiteBehavior [ RunTime:0.000000s ]
INFO: [ app_init ] --END-- [ RunTime:0.001000s ]
INFO: [ app_begin ] --START--
INFO: Run Behavior\ReadHtmlCacheBehavior [ RunTime:0.000000s ]
INFO: [ app_begin ] --END-- [ RunTime:0.001000s ]
SQL: DESCRIBE ts_order [ RunTime:0.003000s ]
SQL: SELECT * FROM `ts_order` WHERE ( `order_id` = 28 ) LIMIT 1   [ RunTime:0.000000s ]
SQL: DESCRIBE ts_user [ RunTime:0.003000s ]
SQL: SELECT `username` FROM `ts_user` WHERE ( 1=1 AND user_id='8' ) LIMIT 1   [ RunTime:0.000000s ]
SQL: DESCRIBE ts_city [ RunTime:0.003000s ]
SQL: SELECT `area_name` FROM `ts_city` WHERE ( id=24 ) LIMIT 1   [ RunTime:0.001000s ]
SQL: SELECT `area_name` FROM `ts_city` WHERE ( id=272 ) LIMIT 1   [ RunTime:0.000000s ]
SQL: SELECT `area_name` FROM `ts_city` WHERE ( id=2533 ) LIMIT 1   [ RunTime:0.000000s ]
SQL: select TOG.order_goods_id,TOG.goods_id,TOG.goods_name,TOG.attr_list,TOG.spec_value,TOG.goods_sn,TOG.price,TOG.nums,TG.thunb_pic from ts_order_goods as TOG left JOIN   ts_goods as TG  ON TOG.goods_id=TG.goods_id WHERE TOG.order_id=28 [ RunTime:0.001000s ]
SQL: select sku from ts_goods where goods_id=96 [ RunTime:0.000000s ]
SQL: select sku from ts_product where good_id=95 AND attr_list="307,308," [ RunTime:0.001000s ]
SQL: DESCRIBE ts_order_log [ RunTime:0.003000s ]
SQL: SELECT * FROM `ts_order_log` WHERE ( order_id=28 ) ORDER BY created desc  [ RunTime:0.000000s ]
INFO: [ view_parse ] --START--
INFO: [ template_filter ] --START--
INFO: Run Behavior\ContentReplaceBehavior [ RunTime:0.000000s ]
INFO: [ template_filter ] --END-- [ RunTime:0.000000s ]
NOTIC: [8] Use of undefined constant order - assumed 'order' D:\wamp\www\mall\mall\Runtime\Cache\Admin\9502856cb9d333daac6eca1c33168123.php 第 94 行.
NOTIC: [8] Use of undefined constant pay_time - assumed 'pay_time' D:\wamp\www\mall\mall\Runtime\Cache\Admin\9502856cb9d333daac6eca1c33168123.php 第 94 行.
NOTIC: [8] Use of undefined constant order - assumed 'order' D:\wamp\www\mall\mall\Runtime\Cache\Admin\9502856cb9d333daac6eca1c33168123.php 第 104 行.
NOTIC: [8] Use of undefined constant ship_time - assumed 'ship_time' D:\wamp\www\mall\mall\Runtime\Cache\Admin\9502856cb9d333daac6eca1c33168123.php 第 104 行.
NOTIC: [8] Undefined index: tel D:\wamp\www\mall\mall\Runtime\Cache\Admin\9502856cb9d333daac6eca1c33168123.php 第 132 行.
INFO: Run Behavior\ParseTemplateBehavior [ RunTime:0.019000s ]
INFO: [ view_parse ] --END-- [ RunTime:0.019000s ]
INFO: [ view_filter ] --START--
INFO: Run Behavior\WriteHtmlCacheBehavior [ RunTime:0.000000s ]
INFO: [ view_filter ] --END-- [ RunTime:0.001000s ]
INFO: [ app_end ] --START--
INFO: Run Behavior\ShowPageTraceBehavior [ RunTime:0.001000s ]
INFO: [ app_end ] --END-- [ RunTime:0.001000s ]

[ 2016-07-13T22:04:38+08:00 ] 127.0.0.1 /mall/Admin/Order/OrderInfo/id/27
INFO: [ app_init ] --START--
INFO: Run Behavior\BuildLiteBehavior [ RunTime:0.000000s ]
INFO: [ app_init ] --END-- [ RunTime:0.001000s ]
INFO: [ app_begin ] --START--
INFO: Run Behavior\ReadHtmlCacheBehavior [ RunTime:0.000000s ]
INFO: [ app_begin ] --END-- [ RunTime:0.000000s ]
SQL: DESCRIBE ts_order [ RunTime:0.003000s ]
SQL: SELECT * FROM `ts_order` WHERE ( `order_id` = 27 ) LIMIT 1   [ RunTime:0.001000s ]
SQL: DESCRIBE ts_user [ RunTime:0.003000s ]
SQL: SELECT `username` FROM `ts_user` WHERE ( 1=1 AND user_id='8' ) LIMIT 1   [ RunTime:0.000000s ]
SQL: DESCRIBE ts_city [ RunTime:0.003000s ]
SQL: SELECT `area_name` FROM `ts_city` WHERE ( id=24 ) LIMIT 1   [ RunTime:0.000000s ]
SQL: SELECT `area_name` FROM `ts_city` WHERE ( id=272 ) LIMIT 1   [ RunTime:0.001000s ]
SQL: SELECT `area_name` FROM `ts_city` WHERE ( id=2533 ) LIMIT 1   [ RunTime:0.000000s ]
SQL: select TOG.order_goods_id,TOG.goods_id,TOG.goods_name,TOG.attr_list,TOG.spec_value,TOG.goods_sn,TOG.price,TOG.nums,TG.thunb_pic from ts_order_goods as TOG left JOIN   ts_goods as TG  ON TOG.goods_id=TG.goods_id WHERE TOG.order_id=27 [ RunTime:0.000000s ]
SQL: select sku from ts_goods where goods_id=96 [ RunTime:0.001000s ]
SQL: DESCRIBE ts_order_log [ RunTime:0.004000s ]
SQL: SELECT * FROM `ts_order_log` WHERE ( order_id=27 ) ORDER BY created desc  [ RunTime:0.000000s ]
NOTIC: [2] Invalid argument supplied for foreach() D:\wamp\www\mall\mall\Admin\Controller\OrderController.class.php 第 35 行.
INFO: [ view_parse ] --START--
INFO: [ template_filter ] --START--
INFO: Run Behavior\ContentReplaceBehavior [ RunTime:0.000000s ]
INFO: [ template_filter ] --END-- [ RunTime:0.000000s ]
NOTIC: [8] Use of undefined constant order - assumed 'order' D:\wamp\www\mall\mall\Runtime\Cache\Admin\9502856cb9d333daac6eca1c33168123.php 第 94 行.
NOTIC: [8] Use of undefined constant pay_time - assumed 'pay_time' D:\wamp\www\mall\mall\Runtime\Cache\Admin\9502856cb9d333daac6eca1c33168123.php 第 94 行.
NOTIC: [8] Use of undefined constant order - assumed 'order' D:\wamp\www\mall\mall\Runtime\Cache\Admin\9502856cb9d333daac6eca1c33168123.php 第 104 行.
NOTIC: [8] Use of undefined constant ship_time - assumed 'ship_time' D:\wamp\www\mall\mall\Runtime\Cache\Admin\9502856cb9d333daac6eca1c33168123.php 第 104 行.
NOTIC: [8] Undefined index: tel D:\wamp\www\mall\mall\Runtime\Cache\Admin\9502856cb9d333daac6eca1c33168123.php 第 132 行.
INFO: Run Behavior\ParseTemplateBehavior [ RunTime:0.019000s ]
INFO: [ view_parse ] --END-- [ RunTime:0.019000s ]
INFO: [ view_filter ] --START--
INFO: Run Behavior\WriteHtmlCacheBehavior [ RunTime:0.000000s ]
INFO: [ view_filter ] --END-- [ RunTime:0.000000s ]
INFO: [ app_end ] --START--
INFO: Run Behavior\ShowPageTraceBehavior [ RunTime:0.000000s ]
INFO: [ app_end ] --END-- [ RunTime:0.001000s ]

[ 2016-07-13T22:04:44+08:00 ] 127.0.0.1 /mall/Admin/Order/OrderInfo/id/28
INFO: [ app_init ] --START--
INFO: Run Behavior\BuildLiteBehavior [ RunTime:0.000000s ]
INFO: [ app_init ] --END-- [ RunTime:0.000000s ]
INFO: [ app_begin ] --START--
INFO: Run Behavior\ReadHtmlCacheBehavior [ RunTime:0.000000s ]
INFO: [ app_begin ] --END-- [ RunTime:0.001000s ]
SQL: DESCRIBE ts_order [ RunTime:0.004000s ]
SQL: SELECT * FROM `ts_order` WHERE ( `order_id` = 28 ) LIMIT 1   [ RunTime:0.001000s ]
SQL: DESCRIBE ts_user [ RunTime:0.003000s ]
SQL: SELECT `username` FROM `ts_user` WHERE ( 1=1 AND user_id='8' ) LIMIT 1   [ RunTime:0.000000s ]
SQL: DESCRIBE ts_city [ RunTime:0.003000s ]
SQL: SELECT `area_name` FROM `ts_city` WHERE ( id=24 ) LIMIT 1   [ RunTime:0.001000s ]
SQL: SELECT `area_name` FROM `ts_city` WHERE ( id=272 ) LIMIT 1   [ RunTime:0.000000s ]
SQL: SELECT `area_name` FROM `ts_city` WHERE ( id=2533 ) LIMIT 1   [ RunTime:0.000000s ]
SQL: select TOG.order_goods_id,TOG.goods_id,TOG.goods_name,TOG.attr_list,TOG.spec_value,TOG.goods_sn,TOG.price,TOG.nums,TG.thunb_pic from ts_order_goods as TOG left JOIN   ts_goods as TG  ON TOG.goods_id=TG.goods_id WHERE TOG.order_id=28 [ RunTime:0.001000s ]
SQL: select sku from ts_goods where goods_id=96 [ RunTime:0.000000s ]
SQL: select sku from ts_product where good_id=95 AND attr_list="307,308," [ RunTime:0.001000s ]
SQL: DESCRIBE ts_order_log [ RunTime:0.003000s ]
SQL: SELECT * FROM `ts_order_log` WHERE ( order_id=28 ) ORDER BY created desc  [ RunTime:0.001000s ]
INFO: [ view_parse ] --START--
INFO: [ template_filter ] --START--
INFO: Run Behavior\ContentReplaceBehavior [ RunTime:0.000000s ]
INFO: [ template_filter ] --END-- [ RunTime:0.000000s ]
NOTIC: [8] Use of undefined constant order - assumed 'order' D:\wamp\www\mall\mall\Runtime\Cache\Admin\9502856cb9d333daac6eca1c33168123.php 第 94 行.
NOTIC: [8] Use of undefined constant pay_time - assumed 'pay_time' D:\wamp\www\mall\mall\Runtime\Cache\Admin\9502856cb9d333daac6eca1c33168123.php 第 94 行.
NOTIC: [8] Use of undefined constant order - assumed 'order' D:\wamp\www\mall\mall\Runtime\Cache\Admin\9502856cb9d333daac6eca1c33168123.php 第 104 行.
NOTIC: [8] Use of undefined constant ship_time - assumed 'ship_time' D:\wamp\www\mall\mall\Runtime\Cache\Admin\9502856cb9d333daac6eca1c33168123.php 第 104 行.
NOTIC: [8] Undefined index: tel D:\wamp\www\mall\mall\Runtime\Cache\Admin\9502856cb9d333daac6eca1c33168123.php 第 132 行.
INFO: Run Behavior\ParseTemplateBehavior [ RunTime:0.018000s ]
INFO: [ view_parse ] --END-- [ RunTime:0.020000s ]
INFO: [ view_filter ] --START--
INFO: Run Behavior\WriteHtmlCacheBehavior [ RunTime:0.000000s ]
INFO: [ view_filter ] --END-- [ RunTime:0.000000s ]
INFO: [ app_end ] --START--
INFO: Run Behavior\ShowPageTraceBehavior [ RunTime:0.000000s ]
INFO: [ app_end ] --END-- [ RunTime:0.000000s ]

[ 2016-07-13T22:06:15+08:00 ] 127.0.0.1 /mall/Admin/Order/addOrderLog.html
INFO: [ app_init ] --START--
INFO: Run Behavior\BuildLiteBehavior [ RunTime:0.000000s ]
INFO: [ app_init ] --END-- [ RunTime:0.001000s ]
INFO: [ app_begin ] --START--
INFO: Run Behavior\ReadHtmlCacheBehavior [ RunTime:0.000000s ]
INFO: [ app_begin ] --END-- [ RunTime:0.001000s ]
SQL: DESCRIBE ts_order [ RunTime:0.004000s ]
SQL: SELECT * FROM `ts_order` WHERE ( order_id=28 ) LIMIT 1   [ RunTime:0.001000s ]
SQL: UPDATE `ts_order` SET `ship_status`=4 WHERE ( order_id = 28 ) [ RunTime:0.002000s ]
SQL: DESCRIBE ts_order_log [ RunTime:0.003000s ]
SQL: INSERT INTO `ts_order_log` (`username`,`admin_id`,`opt_note`,`order_status`,`created`,`order_id`,`pay_status`,`ship_status`) VALUES ('admin','1','我已签收',2,1468418775,28,1,4) [ RunTime:0.002000s ]

[ 2016-07-13T22:06:17+08:00 ] 127.0.0.1 /mall/Admin/Order/OrderInfo/id/28.html
INFO: [ app_init ] --START--
INFO: Run Behavior\BuildLiteBehavior [ RunTime:0.000000s ]
INFO: [ app_init ] --END-- [ RunTime:0.001000s ]
INFO: [ app_begin ] --START--
INFO: Run Behavior\ReadHtmlCacheBehavior [ RunTime:0.001000s ]
INFO: [ app_begin ] --END-- [ RunTime:0.001000s ]
SQL: DESCRIBE ts_order [ RunTime:0.003000s ]
SQL: SELECT * FROM `ts_order` WHERE ( `order_id` = 28 ) LIMIT 1   [ RunTime:0.000000s ]
SQL: DESCRIBE ts_user [ RunTime:0.003000s ]
SQL: SELECT `username` FROM `ts_user` WHERE ( 1=1 AND user_id='8' ) LIMIT 1   [ RunTime:0.000000s ]
SQL: DESCRIBE ts_city [ RunTime:0.003000s ]
SQL: SELECT `area_name` FROM `ts_city` WHERE ( id=24 ) LIMIT 1   [ RunTime:0.000000s ]
SQL: SELECT `area_name` FROM `ts_city` WHERE ( id=272 ) LIMIT 1   [ RunTime:0.001000s ]
SQL: SELECT `area_name` FROM `ts_city` WHERE ( id=2533 ) LIMIT 1   [ RunTime:0.000000s ]
SQL: select TOG.order_goods_id,TOG.goods_id,TOG.goods_name,TOG.attr_list,TOG.spec_value,TOG.goods_sn,TOG.price,TOG.nums,TG.thunb_pic from ts_order_goods as TOG left JOIN   ts_goods as TG  ON TOG.goods_id=TG.goods_id WHERE TOG.order_id=28 [ RunTime:0.001000s ]
SQL: select sku from ts_goods where goods_id=96 [ RunTime:0.000000s ]
SQL: select sku from ts_product where good_id=95 AND attr_list="307,308," [ RunTime:0.000000s ]
SQL: DESCRIBE ts_order_log [ RunTime:0.003000s ]
SQL: SELECT * FROM `ts_order_log` WHERE ( order_id=28 ) ORDER BY created desc  [ RunTime:0.000000s ]
INFO: [ view_parse ] --START--
INFO: [ template_filter ] --START--
INFO: Run Behavior\ContentReplaceBehavior [ RunTime:0.000000s ]
INFO: [ template_filter ] --END-- [ RunTime:0.000000s ]
NOTIC: [8] Use of undefined constant order - assumed 'order' D:\wamp\www\mall\mall\Runtime\Cache\Admin\9502856cb9d333daac6eca1c33168123.php 第 94 行.
NOTIC: [8] Use of undefined constant pay_time - assumed 'pay_time' D:\wamp\www\mall\mall\Runtime\Cache\Admin\9502856cb9d333daac6eca1c33168123.php 第 94 行.
NOTIC: [8] Use of undefined constant order - assumed 'order' D:\wamp\www\mall\mall\Runtime\Cache\Admin\9502856cb9d333daac6eca1c33168123.php 第 104 行.
NOTIC: [8] Use of undefined constant ship_time - assumed 'ship_time' D:\wamp\www\mall\mall\Runtime\Cache\Admin\9502856cb9d333daac6eca1c33168123.php 第 104 行.
NOTIC: [8] Undefined index: tel D:\wamp\www\mall\mall\Runtime\Cache\Admin\9502856cb9d333daac6eca1c33168123.php 第 132 行.
INFO: Run Behavior\ParseTemplateBehavior [ RunTime:0.018000s ]
INFO: [ view_parse ] --END-- [ RunTime:0.018000s ]
INFO: [ view_filter ] --START--
INFO: Run Behavior\WriteHtmlCacheBehavior [ RunTime:0.001000s ]
INFO: [ view_filter ] --END-- [ RunTime:0.001000s ]
INFO: [ app_end ] --START--
INFO: Run Behavior\ShowPageTraceBehavior [ RunTime:0.001000s ]
INFO: [ app_end ] --END-- [ RunTime:0.001000s ]

[ 2016-07-13T22:06:29+08:00 ] 127.0.0.1 /mall/Admin/Order/index.html
INFO: [ app_init ] --START--
INFO: Run Behavior\BuildLiteBehavior [ RunTime:0.000000s ]
INFO: [ app_init ] --END-- [ RunTime:0.000000s ]
INFO: [ app_begin ] --START--
INFO: Run Behavior\ReadHtmlCacheBehavior [ RunTime:0.000000s ]
INFO: [ app_begin ] --END-- [ RunTime:0.000000s ]
SQL: DESCRIBE ts_order [ RunTime:0.004000s ]
SQL: SELECT * FROM `ts_order` ORDER BY created desc  [ RunTime:0.000000s ]
SQL: DESCRIBE ts_city [ RunTime:0.003000s ]
SQL: SELECT `area_name` FROM `ts_city` WHERE ( id=24 ) LIMIT 1   [ RunTime:0.000000s ]
SQL: SELECT `area_name` FROM `ts_city` WHERE ( id=272 ) LIMIT 1   [ RunTime:0.001000s ]
SQL: SELECT `area_name` FROM `ts_city` WHERE ( id=2533 ) LIMIT 1   [ RunTime:0.000000s ]
SQL: SELECT `area_name` FROM `ts_city` WHERE ( id=24 ) LIMIT 1   [ RunTime:0.000000s ]
SQL: SELECT `area_name` FROM `ts_city` WHERE ( id=272 ) LIMIT 1   [ RunTime:0.000000s ]
SQL: SELECT `area_name` FROM `ts_city` WHERE ( id=2533 ) LIMIT 1   [ RunTime:0.000000s ]
INFO: [ view_parse ] --START--
INFO: [ template_filter ] --START--
INFO: Run Behavior\ContentReplaceBehavior [ RunTime:0.000000s ]
INFO: [ template_filter ] --END-- [ RunTime:0.001000s ]
NOTIC: [8] Undefined variable: categorys D:\wamp\www\mall\mall\Runtime\Cache\Admin\ccf53dedd2353174c90826f0e7e87bc5.php 第 53 行.
NOTIC: [8] Undefined variable: brands D:\wamp\www\mall\mall\Runtime\Cache\Admin\ccf53dedd2353174c90826f0e7e87bc5.php 第 64 行.
NOTIC: [8] Undefined variable: promote_type D:\wamp\www\mall\mall\Runtime\Cache\Admin\ccf53dedd2353174c90826f0e7e87bc5.php 第 70 行.
NOTIC: [8] Undefined variable: promote_type D:\wamp\www\mall\mall\Runtime\Cache\Admin\ccf53dedd2353174c90826f0e7e87bc5.php 第 71 行.
NOTIC: [8] Undefined variable: promote_type D:\wamp\www\mall\mall\Runtime\Cache\Admin\ccf53dedd2353174c90826f0e7e87bc5.php 第 72 行.
NOTIC: [8] Undefined variable: is_on_sale D:\wamp\www\mall\mall\Runtime\Cache\Admin\ccf53dedd2353174c90826f0e7e87bc5.php 第 78 行.
NOTIC: [8] Undefined variable: is_on_sale D:\wamp\www\mall\mall\Runtime\Cache\Admin\ccf53dedd2353174c90826f0e7e87bc5.php 第 79 行.
NOTIC: [8] Undefined variable: keywords D:\wamp\www\mall\mall\Runtime\Cache\Admin\ccf53dedd2353174c90826f0e7e87bc5.php 第 85 行.
INFO: Run Behavior\ParseTemplateBehavior [ RunTime:0.017000s ]
INFO: [ view_parse ] --END-- [ RunTime:0.017000s ]
INFO: [ view_filter ] --START--
INFO: Run Behavior\WriteHtmlCacheBehavior [ RunTime:0.000000s ]
INFO: [ view_filter ] --END-- [ RunTime:0.000000s ]
INFO: [ app_end ] --START--
INFO: Run Behavior\ShowPageTraceBehavior [ RunTime:0.001000s ]
INFO: [ app_end ] --END-- [ RunTime:0.001000s ]

[ 2016-07-13T22:06:29+08:00 ] 127.0.0.1 /mall/PUBLIC/Admin/js/order.js
INFO: [ app_init ] --START--
INFO: Run Behavior\BuildLiteBehavior [ RunTime:0.000000s ]
INFO: [ app_init ] --END-- [ RunTime:0.001000s ]
ERR: 无法加载控制器:Public

[ 2016-07-13T22:06:32+08:00 ] 127.0.0.1 /mall/Admin/Order/OrderInfo/id/28
INFO: [ app_init ] --START--
INFO: Run Behavior\BuildLiteBehavior [ RunTime:0.000000s ]
INFO: [ app_init ] --END-- [ RunTime:0.001000s ]
INFO: [ app_begin ] --START--
INFO: Run Behavior\ReadHtmlCacheBehavior [ RunTime:0.001000s ]
INFO: [ app_begin ] --END-- [ RunTime:0.001000s ]
SQL: DESCRIBE ts_order [ RunTime:0.003000s ]
SQL: SELECT * FROM `ts_order` WHERE ( `order_id` = 28 ) LIMIT 1   [ RunTime:0.000000s ]
SQL: DESCRIBE ts_user [ RunTime:0.003000s ]
SQL: SELECT `username` FROM `ts_user` WHERE ( 1=1 AND user_id='8' ) LIMIT 1   [ RunTime:0.001000s ]
SQL: DESCRIBE ts_city [ RunTime:0.003000s ]
SQL: SELECT `area_name` FROM `ts_city` WHERE ( id=24 ) LIMIT 1   [ RunTime:0.000000s ]
SQL: SELECT `area_name` FROM `ts_city` WHERE ( id=272 ) LIMIT 1   [ RunTime:0.000000s ]
SQL: SELECT `area_name` FROM `ts_city` WHERE ( id=2533 ) LIMIT 1   [ RunTime:0.001000s ]
SQL: select TOG.order_goods_id,TOG.goods_id,TOG.goods_name,TOG.attr_list,TOG.spec_value,TOG.goods_sn,TOG.price,TOG.nums,TG.thunb_pic from ts_order_goods as TOG left JOIN   ts_goods as TG  ON TOG.goods_id=TG.goods_id WHERE TOG.order_id=28 [ RunTime:0.000000s ]
SQL: select sku from ts_goods where goods_id=96 [ RunTime:0.000000s ]
SQL: select sku from ts_product where good_id=95 AND attr_list="307,308," [ RunTime:0.000000s ]
SQL: DESCRIBE ts_order_log [ RunTime:0.003000s ]
SQL: SELECT * FROM `ts_order_log` WHERE ( order_id=28 ) ORDER BY created desc  [ RunTime:0.001000s ]
INFO: [ view_parse ] --START--
INFO: [ template_filter ] --START--
INFO: Run Behavior\ContentReplaceBehavior [ RunTime:0.000000s ]
INFO: [ template_filter ] --END-- [ RunTime:0.000000s ]
NOTIC: [8] Use of undefined constant order - assumed 'order' D:\wamp\www\mall\mall\Runtime\Cache\Admin\9502856cb9d333daac6eca1c33168123.php 第 94 行.
NOTIC: [8] Use of undefined constant pay_time - assumed 'pay_time' D:\wamp\www\mall\mall\Runtime\Cache\Admin\9502856cb9d333daac6eca1c33168123.php 第 94 行.
NOTIC: [8] Use of undefined constant order - assumed 'order' D:\wamp\www\mall\mall\Runtime\Cache\Admin\9502856cb9d333daac6eca1c33168123.php 第 104 行.
NOTIC: [8] Use of undefined constant ship_time - assumed 'ship_time' D:\wamp\www\mall\mall\Runtime\Cache\Admin\9502856cb9d333daac6eca1c33168123.php 第 104 行.
NOTIC: [8] Undefined index: tel D:\wamp\www\mall\mall\Runtime\Cache\Admin\9502856cb9d333daac6eca1c33168123.php 第 132 行.
INFO: Run Behavior\ParseTemplateBehavior [ RunTime:0.017000s ]
INFO: [ view_parse ] --END-- [ RunTime:0.017000s ]
INFO: [ view_filter ] --START--
INFO: Run Behavior\WriteHtmlCacheBehavior [ RunTime:0.001000s ]
INFO: [ view_filter ] --END-- [ RunTime:0.001000s ]
INFO: [ app_end ] --START--
INFO: Run Behavior\ShowPageTraceBehavior [ RunTime:0.001000s ]
INFO: [ app_end ] --END-- [ RunTime:0.001000s ]

[ 2016-07-13T22:06:35+08:00 ] 127.0.0.1 /mall/Admin/Order/index.html
INFO: [ app_init ] --START--
INFO: Run Behavior\BuildLiteBehavior [ RunTime:0.000000s ]
INFO: [ app_init ] --END-- [ RunTime:0.000000s ]
INFO: [ app_begin ] --START--
INFO: Run Behavior\ReadHtmlCacheBehavior [ RunTime:0.000000s ]
INFO: [ app_begin ] --END-- [ RunTime:0.000000s ]
SQL: DESCRIBE ts_order [ RunTime:0.004000s ]
SQL: SELECT * FROM `ts_order` ORDER BY created desc  [ RunTime:0.000000s ]
SQL: DESCRIBE ts_city [ RunTime:0.003000s ]
SQL: SELECT `area_name` FROM `ts_city` WHERE ( id=24 ) LIMIT 1   [ RunTime:0.000000s ]
SQL: SELECT `area_name` FROM `ts_city` WHERE ( id=272 ) LIMIT 1   [ RunTime:0.001000s ]
SQL: SELECT `area_name` FROM `ts_city` WHERE ( id=2533 ) LIMIT 1   [ RunTime:0.000000s ]
SQL: SELECT `area_name` FROM `ts_city` WHERE ( id=24 ) LIMIT 1   [ RunTime:0.000000s ]
SQL: SELECT `area_name` FROM `ts_city` WHERE ( id=272 ) LIMIT 1   [ RunTime:0.001000s ]
SQL: SELECT `area_name` FROM `ts_city` WHERE ( id=2533 ) LIMIT 1   [ RunTime:0.000000s ]
INFO: [ view_parse ] --START--
INFO: [ template_filter ] --START--
INFO: Run Behavior\ContentReplaceBehavior [ RunTime:0.000000s ]
INFO: [ template_filter ] --END-- [ RunTime:0.000000s ]
NOTIC: [8] Undefined variable: categorys D:\wamp\www\mall\mall\Runtime\Cache\Admin\ccf53dedd2353174c90826f0e7e87bc5.php 第 53 行.
NOTIC: [8] Undefined variable: brands D:\wamp\www\mall\mall\Runtime\Cache\Admin\ccf53dedd2353174c90826f0e7e87bc5.php 第 64 行.
NOTIC: [8] Undefined variable: promote_type D:\wamp\www\mall\mall\Runtime\Cache\Admin\ccf53dedd2353174c90826f0e7e87bc5.php 第 70 行.
NOTIC: [8] Undefined variable: promote_type D:\wamp\www\mall\mall\Runtime\Cache\Admin\ccf53dedd2353174c90826f0e7e87bc5.php 第 71 行.
NOTIC: [8] Undefined variable: promote_type D:\wamp\www\mall\mall\Runtime\Cache\Admin\ccf53dedd2353174c90826f0e7e87bc5.php 第 72 行.
NOTIC: [8] Undefined variable: is_on_sale D:\wamp\www\mall\mall\Runtime\Cache\Admin\ccf53dedd2353174c90826f0e7e87bc5.php 第 78 行.
NOTIC: [8] Undefined variable: is_on_sale D:\wamp\www\mall\mall\Runtime\Cache\Admin\ccf53dedd2353174c90826f0e7e87bc5.php 第 79 行.
NOTIC: [8] Undefined variable: keywords D:\wamp\www\mall\mall\Runtime\Cache\Admin\ccf53dedd2353174c90826f0e7e87bc5.php 第 85 行.
INFO: Run Behavior\ParseTemplateBehavior [ RunTime:0.018000s ]
INFO: [ view_parse ] --END-- [ RunTime:0.018000s ]
INFO: [ view_filter ] --START--
INFO: Run Behavior\WriteHtmlCacheBehavior [ RunTime:0.000000s ]
INFO: [ view_filter ] --END-- [ RunTime:0.000000s ]
INFO: [ app_end ] --START--
INFO: Run Behavior\ShowPageTraceBehavior [ RunTime:0.001000s ]
INFO: [ app_end ] --END-- [ RunTime:0.001000s ]

[ 2016-07-13T22:06:35+08:00 ] 127.0.0.1 /mall/PUBLIC/Admin/js/order.js
INFO: [ app_init ] --START--
INFO: Run Behavior\BuildLiteBehavior [ RunTime:0.000000s ]
INFO: [ app_init ] --END-- [ RunTime:0.000000s ]
ERR: 无法加载控制器:Public

[ 2016-07-13T22:06:37+08:00 ] 127.0.0.1 /mall/Admin/Order/OrderInfo/id/27
INFO: [ app_init ] --START--
INFO: Run Behavior\BuildLiteBehavior [ RunTime:0.000000s ]
INFO: [ app_init ] --END-- [ RunTime:0.000000s ]
INFO: [ app_begin ] --START--
INFO: Run Behavior\ReadHtmlCacheBehavior [ RunTime:0.000000s ]
INFO: [ app_begin ] --END-- [ RunTime:0.000000s ]
SQL: DESCRIBE ts_order [ RunTime:0.004000s ]
SQL: SELECT * FROM `ts_order` WHERE ( `order_id` = 27 ) LIMIT 1   [ RunTime:0.000000s ]
SQL: DESCRIBE ts_user [ RunTime:0.004000s ]
SQL: SELECT `username` FROM `ts_user` WHERE ( 1=1 AND user_id='8' ) LIMIT 1   [ RunTime:0.001000s ]
SQL: DESCRIBE ts_city [ RunTime:0.004000s ]
SQL: SELECT `area_name` FROM `ts_city` WHERE ( id=24 ) LIMIT 1   [ RunTime:0.000000s ]
SQL: SELECT `area_name` FROM `ts_city` WHERE ( id=272 ) LIMIT 1   [ RunTime:0.000000s ]
SQL: SELECT `area_name` FROM `ts_city` WHERE ( id=2533 ) LIMIT 1   [ RunTime:0.000000s ]
SQL: select TOG.order_goods_id,TOG.goods_id,TOG.goods_name,TOG.attr_list,TOG.spec_value,TOG.goods_sn,TOG.price,TOG.nums,TG.thunb_pic from ts_order_goods as TOG left JOIN   ts_goods as TG  ON TOG.goods_id=TG.goods_id WHERE TOG.order_id=27 [ RunTime:0.001000s ]
SQL: select sku from ts_goods where goods_id=96 [ RunTime:0.000000s ]
SQL: DESCRIBE ts_order_log [ RunTime:0.003000s ]
SQL: SELECT * FROM `ts_order_log` WHERE ( order_id=27 ) ORDER BY created desc  [ RunTime:0.000000s ]
NOTIC: [2] Invalid argument supplied for foreach() D:\wamp\www\mall\mall\Admin\Controller\OrderController.class.php 第 35 行.
INFO: [ view_parse ] --START--
INFO: [ template_filter ] --START--
INFO: Run Behavior\ContentReplaceBehavior [ RunTime:0.000000s ]
INFO: [ template_filter ] --END-- [ RunTime:0.000000s ]
NOTIC: [8] Use of undefined constant order - assumed 'order' D:\wamp\www\mall\mall\Runtime\Cache\Admin\9502856cb9d333daac6eca1c33168123.php 第 94 行.
NOTIC: [8] Use of undefined constant pay_time - assumed 'pay_time' D:\wamp\www\mall\mall\Runtime\Cache\Admin\9502856cb9d333daac6eca1c33168123.php 第 94 行.
NOTIC: [8] Use of undefined constant order - assumed 'order' D:\wamp\www\mall\mall\Runtime\Cache\Admin\9502856cb9d333daac6eca1c33168123.php 第 104 行.
NOTIC: [8] Use of undefined constant ship_time - assumed 'ship_time' D:\wamp\www\mall\mall\Runtime\Cache\Admin\9502856cb9d333daac6eca1c33168123.php 第 104 行.
NOTIC: [8] Undefined index: tel D:\wamp\www\mall\mall\Runtime\Cache\Admin\9502856cb9d333daac6eca1c33168123.php 第 132 行.
INFO: Run Behavior\ParseTemplateBehavior [ RunTime:0.018000s ]
INFO: [ view_parse ] --END-- [ RunTime:0.018000s ]
INFO: [ view_filter ] --START--
INFO: Run Behavior\WriteHtmlCacheBehavior [ RunTime:0.001000s ]
INFO: [ view_filter ] --END-- [ RunTime:0.001000s ]
INFO: [ app_end ] --START--
INFO: Run Behavior\ShowPageTraceBehavior [ RunTime:0.000000s ]
INFO: [ app_end ] --END-- [ RunTime:0.001000s ]

[ 2016-07-13T22:06:53+08:00 ] 127.0.0.1 /mall/Admin/Order/addOrderLog.html
INFO: [ app_init ] --START--
INFO: Run Behavior\BuildLiteBehavior [ RunTime:0.000000s ]
INFO: [ app_init ] --END-- [ RunTime:0.000000s ]
INFO: [ app_begin ] --START--
INFO: Run Behavior\ReadHtmlCacheBehavior [ RunTime:0.000000s ]
INFO: [ app_begin ] --END-- [ RunTime:0.000000s ]
SQL: DESCRIBE ts_order [ RunTime:0.004000s ]
SQL: SELECT * FROM `ts_order` WHERE ( order_id=27 ) LIMIT 1   [ RunTime:0.001000s ]
SQL: UPDATE `ts_order` SET `pay_status`=1,`pay_time`=1468418813 WHERE ( order_id = 27 ) [ RunTime:0.002000s ]
SQL: DESCRIBE ts_order_log [ RunTime:0.003000s ]
SQL: INSERT INTO `ts_order_log` (`username`,`admin_id`,`opt_note`,`order_status`,`created`,`order_id`,`pay_status`,`ship_status`) VALUES ('admin','1','通过银行转账',2,1468418813,27,1,1) [ RunTime:0.002000s ]

[ 2016-07-13T22:06:55+08:00 ] 127.0.0.1 /mall/Admin/Order/OrderInfo/id/27.html
INFO: [ app_init ] --START--
INFO: Run Behavior\BuildLiteBehavior [ RunTime:0.000000s ]
INFO: [ app_init ] --END-- [ RunTime:0.001000s ]
INFO: [ app_begin ] --START--
INFO: Run Behavior\ReadHtmlCacheBehavior [ RunTime:0.001000s ]
INFO: [ app_begin ] --END-- [ RunTime:0.001000s ]
SQL: DESCRIBE ts_order [ RunTime:0.004000s ]
SQL: SELECT * FROM `ts_order` WHERE ( `order_id` = 27 ) LIMIT 1   [ RunTime:0.000000s ]
SQL: DESCRIBE ts_user [ RunTime:0.003000s ]
SQL: SELECT `username` FROM `ts_user` WHERE ( 1=1 AND user_id='8' ) LIMIT 1   [ RunTime:0.000000s ]
SQL: DESCRIBE ts_city [ RunTime:0.003000s ]
SQL: SELECT `area_name` FROM `ts_city` WHERE ( id=24 ) LIMIT 1   [ RunTime:0.000000s ]
SQL: SELECT `area_name` FROM `ts_city` WHERE ( id=272 ) LIMIT 1   [ RunTime:0.000000s ]
SQL: SELECT `area_name` FROM `ts_city` WHERE ( id=2533 ) LIMIT 1   [ RunTime:0.001000s ]
SQL: select TOG.order_goods_id,TOG.goods_id,TOG.goods_name,TOG.attr_list,TOG.spec_value,TOG.goods_sn,TOG.price,TOG.nums,TG.thunb_pic from ts_order_goods as TOG left JOIN   ts_goods as TG  ON TOG.goods_id=TG.goods_id WHERE TOG.order_id=27 [ RunTime:0.000000s ]
SQL: select sku from ts_goods where goods_id=96 [ RunTime:0.000000s ]
SQL: DESCRIBE ts_order_log [ RunTime:0.003000s ]
SQL: SELECT * FROM `ts_order_log` WHERE ( order_id=27 ) ORDER BY created desc  [ RunTime:0.001000s ]
INFO: [ view_parse ] --START--
INFO: [ template_filter ] --START--
INFO: Run Behavior\ContentReplaceBehavior [ RunTime:0.001000s ]
INFO: [ template_filter ] --END-- [ RunTime:0.001000s ]
NOTIC: [8] Use of undefined constant order - assumed 'order' D:\wamp\www\mall\mall\Runtime\Cache\Admin\9502856cb9d333daac6eca1c33168123.php 第 94 行.
NOTIC: [8] Use of undefined constant pay_time - assumed 'pay_time' D:\wamp\www\mall\mall\Runtime\Cache\Admin\9502856cb9d333daac6eca1c33168123.php 第 94 行.
NOTIC: [8] Use of undefined constant order - assumed 'order' D:\wamp\www\mall\mall\Runtime\Cache\Admin\9502856cb9d333daac6eca1c33168123.php 第 104 行.
NOTIC: [8] Use of undefined constant ship_time - assumed 'ship_time' D:\wamp\www\mall\mall\Runtime\Cache\Admin\9502856cb9d333daac6eca1c33168123.php 第 104 行.
NOTIC: [8] Undefined index: tel D:\wamp\www\mall\mall\Runtime\Cache\Admin\9502856cb9d333daac6eca1c33168123.php 第 132 行.
INFO: Run Behavior\ParseTemplateBehavior [ RunTime:0.017000s ]
INFO: [ view_parse ] --END-- [ RunTime:0.017000s ]
INFO: [ view_filter ] --START--
INFO: Run Behavior\WriteHtmlCacheBehavior [ RunTime:0.000000s ]
INFO: [ view_filter ] --END-- [ RunTime:0.000000s ]
INFO: [ app_end ] --START--
INFO: Run Behavior\ShowPageTraceBehavior [ RunTime:0.001000s ]
INFO: [ app_end ] --END-- [ RunTime:0.001000s ]

[ 2016-07-13T22:07:09+08:00 ] 127.0.0.1 /mall/Admin/Order/index.html?v=4.0
INFO: [ app_init ] --START--
INFO: Run Behavior\BuildLiteBehavior [ RunTime:0.000000s ]
INFO: [ app_init ] --END-- [ RunTime:0.001000s ]
INFO: [ app_begin ] --START--
INFO: Run Behavior\ReadHtmlCacheBehavior [ RunTime:0.000000s ]
INFO: [ app_begin ] --END-- [ RunTime:0.001000s ]
SQL: DESCRIBE ts_order [ RunTime:0.003000s ]
SQL: SELECT * FROM `ts_order` ORDER BY created desc  [ RunTime:0.001000s ]
SQL: DESCRIBE ts_city [ RunTime:0.003000s ]
SQL: SELECT `area_name` FROM `ts_city` WHERE ( id=24 ) LIMIT 1   [ RunTime:0.001000s ]
SQL: SELECT `area_name` FROM `ts_city` WHERE ( id=272 ) LIMIT 1   [ RunTime:0.001000s ]
SQL: SELECT `area_name` FROM `ts_city` WHERE ( id=2533 ) LIMIT 1   [ RunTime:0.000000s ]
SQL: SELECT `area_name` FROM `ts_city` WHERE ( id=24 ) LIMIT 1   [ RunTime:0.000000s ]
SQL: SELECT `area_name` FROM `ts_city` WHERE ( id=272 ) LIMIT 1   [ RunTime:0.001000s ]
SQL: SELECT `area_name` FROM `ts_city` WHERE ( id=2533 ) LIMIT 1   [ RunTime:0.000000s ]
INFO: [ view_parse ] --START--
INFO: [ template_filter ] --START--
INFO: Run Behavior\ContentReplaceBehavior [ RunTime:0.001000s ]
INFO: [ template_filter ] --END-- [ RunTime:0.001000s ]
NOTIC: [8] Undefined variable: categorys D:\wamp\www\mall\mall\Runtime\Cache\Admin\ccf53dedd2353174c90826f0e7e87bc5.php 第 53 行.
NOTIC: [8] Undefined variable: brands D:\wamp\www\mall\mall\Runtime\Cache\Admin\ccf53dedd2353174c90826f0e7e87bc5.php 第 64 行.
NOTIC: [8] Undefined variable: promote_type D:\wamp\www\mall\mall\Runtime\Cache\Admin\ccf53dedd2353174c90826f0e7e87bc5.php 第 70 行.
NOTIC: [8] Undefined variable: promote_type D:\wamp\www\mall\mall\Runtime\Cache\Admin\ccf53dedd2353174c90826f0e7e87bc5.php 第 71 行.
NOTIC: [8] Undefined variable: promote_type D:\wamp\www\mall\mall\Runtime\Cache\Admin\ccf53dedd2353174c90826f0e7e87bc5.php 第 72 行.
NOTIC: [8] Undefined variable: is_on_sale D:\wamp\www\mall\mall\Runtime\Cache\Admin\ccf53dedd2353174c90826f0e7e87bc5.php 第 78 行.
NOTIC: [8] Undefined variable: is_on_sale D:\wamp\www\mall\mall\Runtime\Cache\Admin\ccf53dedd2353174c90826f0e7e87bc5.php 第 79 行.
NOTIC: [8] Undefined variable: keywords D:\wamp\www\mall\mall\Runtime\Cache\Admin\ccf53dedd2353174c90826f0e7e87bc5.php 第 85 行.
INFO: Run Behavior\ParseTemplateBehavior [ RunTime:0.017000s ]
INFO: [ view_parse ] --END-- [ RunTime:0.017000s ]
INFO: [ view_filter ] --START--
INFO: Run Behavior\WriteHtmlCacheBehavior [ RunTime:0.000000s ]
INFO: [ view_filter ] --END-- [ RunTime:0.000000s ]
INFO: [ app_end ] --START--
INFO: Run Behavior\ShowPageTraceBehavior [ RunTime:0.000000s ]
INFO: [ app_end ] --END-- [ RunTime:0.000000s ]

[ 2016-07-13T22:07:09+08:00 ] 127.0.0.1 /mall/PUBLIC/Admin/js/order.js
INFO: [ app_init ] --START--
INFO: Run Behavior\BuildLiteBehavior [ RunTime:0.000000s ]
INFO: [ app_init ] --END-- [ RunTime:0.000000s ]
ERR: 无法加载控制器:Public

[ 2016-07-13T22:07:09+08:00 ] 127.0.0.1 /mall/PUBLIC/Admin/js/order.js
INFO: [ app_init ] --START--
INFO: Run Behavior\BuildLiteBehavior [ RunTime:0.000000s ]
INFO: [ app_init ] --END-- [ RunTime:0.001000s ]
ERR: 无法加载控制器:Public

[ 2016-07-13T22:07:11+08:00 ] 127.0.0.1 /mall/Admin/Order/OrderInfo/id/28
INFO: [ app_init ] --START--
INFO: Run Behavior\BuildLiteBehavior [ RunTime:0.000000s ]
INFO: [ app_init ] --END-- [ RunTime:0.001000s ]
INFO: [ app_begin ] --START--
INFO: Run Behavior\ReadHtmlCacheBehavior [ RunTime:0.001000s ]
INFO: [ app_begin ] --END-- [ RunTime:0.001000s ]
SQL: DESCRIBE ts_order [ RunTime:0.004000s ]
SQL: SELECT * FROM `ts_order` WHERE ( `order_id` = 28 ) LIMIT 1   [ RunTime:0.000000s ]
SQL: DESCRIBE ts_user [ RunTime:0.004000s ]
SQL: SELECT `username` FROM `ts_user` WHERE ( 1=1 AND user_id='8' ) LIMIT 1   [ RunTime:0.000000s ]
SQL: DESCRIBE ts_city [ RunTime:0.003000s ]
SQL: SELECT `area_name` FROM `ts_city` WHERE ( id=24 ) LIMIT 1   [ RunTime:0.000000s ]
SQL: SELECT `area_name` FROM `ts_city` WHERE ( id=272 ) LIMIT 1   [ RunTime:0.001000s ]
SQL: SELECT `area_name` FROM `ts_city` WHERE ( id=2533 ) LIMIT 1   [ RunTime:0.001000s ]
SQL: select TOG.order_goods_id,TOG.goods_id,TOG.goods_name,TOG.attr_list,TOG.spec_value,TOG.goods_sn,TOG.price,TOG.nums,TG.thunb_pic from ts_order_goods as TOG left JOIN   ts_goods as TG  ON TOG.goods_id=TG.goods_id WHERE TOG.order_id=28 [ RunTime:0.000000s ]
SQL: select sku from ts_goods where goods_id=96 [ RunTime:0.001000s ]
SQL: select sku from ts_product where good_id=95 AND attr_list="307,308," [ RunTime:0.000000s ]
SQL: DESCRIBE ts_order_log [ RunTime:0.004000s ]
SQL: SELECT * FROM `ts_order_log` WHERE ( order_id=28 ) ORDER BY created desc  [ RunTime:0.000000s ]
INFO: [ view_parse ] --START--
INFO: [ template_filter ] --START--
INFO: Run Behavior\ContentReplaceBehavior [ RunTime:0.000000s ]
INFO: [ template_filter ] --END-- [ RunTime:0.000000s ]
NOTIC: [8] Use of undefined constant order - assumed 'order' D:\wamp\www\mall\mall\Runtime\Cache\Admin\9502856cb9d333daac6eca1c33168123.php 第 94 行.
NOTIC: [8] Use of undefined constant pay_time - assumed 'pay_time' D:\wamp\www\mall\mall\Runtime\Cache\Admin\9502856cb9d333daac6eca1c33168123.php 第 94 行.
NOTIC: [8] Use of undefined constant order - assumed 'order' D:\wamp\www\mall\mall\Runtime\Cache\Admin\9502856cb9d333daac6eca1c33168123.php 第 104 行.
NOTIC: [8] Use of undefined constant ship_time - assumed 'ship_time' D:\wamp\www\mall\mall\Runtime\Cache\Admin\9502856cb9d333daac6eca1c33168123.php 第 104 行.
NOTIC: [8] Undefined index: tel D:\wamp\www\mall\mall\Runtime\Cache\Admin\9502856cb9d333daac6eca1c33168123.php 第 132 行.
INFO: Run Behavior\ParseTemplateBehavior [ RunTime:0.018000s ]
INFO: [ view_parse ] --END-- [ RunTime:0.018000s ]
INFO: [ view_filter ] --START--
INFO: Run Behavior\WriteHtmlCacheBehavior [ RunTime:0.001000s ]
INFO: [ view_filter ] --END-- [ RunTime:0.001000s ]
INFO: [ app_end ] --START--
INFO: Run Behavior\ShowPageTraceBehavior [ RunTime:0.001000s ]
INFO: [ app_end ] --END-- [ RunTime:0.001000s ]

[ 2016-07-13T22:07:33+08:00 ] 127.0.0.1 /mall/
INFO: [ app_init ] --START--
INFO: Run Behavior\BuildLiteBehavior [ RunTime:0.000000s ]
INFO: [ app_init ] --END-- [ RunTime:0.001000s ]

[ 2016-07-13T22:07:43+08:00 ] 127.0.0.1 /mall/Admin/Goods/index.html?v=4.0
INFO: [ app_init ] --START--
INFO: Run Behavior\BuildLiteBehavior [ RunTime:0.000000s ]
INFO: [ app_init ] --END-- [ RunTime:0.000000s ]
INFO: [ app_begin ] --START--
INFO: Run Behavior\ReadHtmlCacheBehavior [ RunTime:0.001000s ]
INFO: [ app_begin ] --END-- [ RunTime:0.001000s ]
SQL: DESCRIBE ts_category [ RunTime:0.005000s ]
SQL: select category_id,category_name,pid,is_nav,status,CONCAT(path,'-',category_id) as depath,path,goods_type_id from ts_category where status=1 order by depath ASC [ RunTime:0.002000s ]
SQL: DESCRIBE ts_brand [ RunTime:0.004000s ]
SQL: SELECT * FROM `ts_brand` ORDER BY sort DESC  [ RunTime:0.001000s ]
SQL: DESCRIBE ts_goods [ RunTime:0.004000s ]
SQL: SELECT `goods_id`,`goods_name`,`goods_price`,`goods_sn`,`is_on_sale`,`is_hot`,`is_well`,`is_first`,`sku` FROM `ts_goods` ORDER BY created DESC  [ RunTime:0.000000s ]
INFO: [ view_parse ] --START--
INFO: [ template_filter ] --START--
INFO: Run Behavior\ContentReplaceBehavior [ RunTime:0.000000s ]
INFO: [ template_filter ] --END-- [ RunTime:0.000000s ]
NOTIC: [8] Undefined variable: category_id D:\wamp\www\mall\mall\Runtime\Cache\Admin\3ea905b335e38bad065eef00e80c359f.php 第 53 行.
NOTIC: [8] Undefined variable: category_id D:\wamp\www\mall\mall\Runtime\Cache\Admin\3ea905b335e38bad065eef00e80c359f.php 第 53 行.
NOTIC: [8] Undefined variable: category_id D:\wamp\www\mall\mall\Runtime\Cache\Admin\3ea905b335e38bad065eef00e80c359f.php 第 53 行.
NOTIC: [8] Undefined variable: category_id D:\wamp\www\mall\mall\Runtime\Cache\Admin\3ea905b335e38bad065eef00e80c359f.php 第 53 行.
NOTIC: [8] Undefined variable: category_id D:\wamp\www\mall\mall\Runtime\Cache\Admin\3ea905b335e38bad065eef00e80c359f.php 第 53 行.
NOTIC: [8] Undefined variable: category_id D:\wamp\www\mall\mall\Runtime\Cache\Admin\3ea905b335e38bad065eef00e80c359f.php 第 53 行.
NOTIC: [8] Undefined variable: category_id D:\wamp\www\mall\mall\Runtime\Cache\Admin\3ea905b335e38bad065eef00e80c359f.php 第 53 行.
NOTIC: [8] Undefined variable: category_id D:\wamp\www\mall\mall\Runtime\Cache\Admin\3ea905b335e38bad065eef00e80c359f.php 第 53 行.
NOTIC: [8] Undefined variable: category_id D:\wamp\www\mall\mall\Runtime\Cache\Admin\3ea905b335e38bad065eef00e80c359f.php 第 53 行.
NOTIC: [8] Undefined variable: category_id D:\wamp\www\mall\mall\Runtime\Cache\Admin\3ea905b335e38bad065eef00e80c359f.php 第 53 行.
NOTIC: [8] Undefined variable: category_id D:\wamp\www\mall\mall\Runtime\Cache\Admin\3ea905b335e38bad065eef00e80c359f.php 第 53 行.
NOTIC: [8] Undefined variable: category_id D:\wamp\www\mall\mall\Runtime\Cache\Admin\3ea905b335e38bad065eef00e80c359f.php 第 53 行.
NOTIC: [8] Undefined variable: category_id D:\wamp\www\mall\mall\Runtime\Cache\Admin\3ea905b335e38bad065eef00e80c359f.php 第 53 行.
NOTIC: [8] Undefined variable: category_id D:\wamp\www\mall\mall\Runtime\Cache\Admin\3ea905b335e38bad065eef00e80c359f.php 第 53 行.
NOTIC: [8] Undefined variable: category_id D:\wamp\www\mall\mall\Runtime\Cache\Admin\3ea905b335e38bad065eef00e80c359f.php 第 53 行.
NOTIC: [8] Undefined variable: category_id D:\wamp\www\mall\mall\Runtime\Cache\Admin\3ea905b335e38bad065eef00e80c359f.php 第 53 行.
NOTIC: [8] Undefined variable: category_id D:\wamp\www\mall\mall\Runtime\Cache\Admin\3ea905b335e38bad065eef00e80c359f.php 第 53 行.
NOTIC: [8] Undefined variable: category_id D:\wamp\www\mall\mall\Runtime\Cache\Admin\3ea905b335e38bad065eef00e80c359f.php 第 53 行.
NOTIC: [8] Undefined variable: category_id D:\wamp\www\mall\mall\Runtime\Cache\Admin\3ea905b335e38bad065eef00e80c359f.php 第 53 行.
NOTIC: [8] Undefined variable: category_id D:\wamp\www\mall\mall\Runtime\Cache\Admin\3ea905b335e38bad065eef00e80c359f.php 第 53 行.
NOTIC: [8] Undefined variable: category_id D:\wamp\www\mall\mall\Runtime\Cache\Admin\3ea905b335e38bad065eef00e80c359f.php 第 53 行.
NOTIC: [8] Undefined variable: category_id D:\wamp\www\mall\mall\Runtime\Cache\Admin\3ea905b335e38bad065eef00e80c359f.php 第 53 行.
NOTIC: [8] Undefined variable: category_id D:\wamp\www\mall\mall\Runtime\Cache\Admin\3ea905b335e38bad065eef00e80c359f.php 第 53 行.
NOTIC: [8] Undefined variable: category_id D:\wamp\www\mall\mall\Runtime\Cache\Admin\3ea905b335e38bad065eef00e80c359f.php 第 53 行.
NOTIC: [8] Undefined variable: category_id D:\wamp\www\mall\mall\Runtime\Cache\Admin\3ea905b335e38bad065eef00e80c359f.php 第 53 行.
NOTIC: [8] Undefined variable: category_id D:\wamp\www\mall\mall\Runtime\Cache\Admin\3ea905b335e38bad065eef00e80c359f.php 第 53 行.
NOTIC: [8] Undefined variable: category_id D:\wamp\www\mall\mall\Runtime\Cache\Admin\3ea905b335e38bad065eef00e80c359f.php 第 53 行.
NOTIC: [8] Undefined variable: category_id D:\wamp\www\mall\mall\Runtime\Cache\Admin\3ea905b335e38bad065eef00e80c359f.php 第 53 行.
NOTIC: [8] Undefined variable: category_id D:\wamp\www\mall\mall\Runtime\Cache\Admin\3ea905b335e38bad065eef00e80c359f.php 第 53 行.
NOTIC: [8] Undefined variable: category_id D:\wamp\www\mall\mall\Runtime\Cache\Admin\3ea905b335e38bad065eef00e80c359f.php 第 53 行.
NOTIC: [8] Undefined variable: show_brand D:\wamp\www\mall\mall\Runtime\Cache\Admin\3ea905b335e38bad065eef00e80c359f.php 第 64 行.
NOTIC: [8] Undefined variable: show_brand D:\wamp\www\mall\mall\Runtime\Cache\Admin\3ea905b335e38bad065eef00e80c359f.php 第 64 行.
NOTIC: [8] Undefined variable: show_brand D:\wamp\www\mall\mall\Runtime\Cache\Admin\3ea905b335e38bad065eef00e80c359f.php 第 64 行.
NOTIC: [8] Undefined variable: show_brand D:\wamp\www\mall\mall\Runtime\Cache\Admin\3ea905b335e38bad065eef00e80c359f.php 第 64 行.
NOTIC: [8] Undefined variable: show_brand D:\wamp\www\mall\mall\Runtime\Cache\Admin\3ea905b335e38bad065eef00e80c359f.php 第 64 行.
NOTIC: [8] Undefined variable: show_brand D:\wamp\www\mall\mall\Runtime\Cache\Admin\3ea905b335e38bad065eef00e80c359f.php 第 64 行.
NOTIC: [8] Undefined variable: show_brand D:\wamp\www\mall\mall\Runtime\Cache\Admin\3ea905b335e38bad065eef00e80c359f.php 第 64 行.
NOTIC: [8] Undefined variable: promote_type D:\wamp\www\mall\mall\Runtime\Cache\Admin\3ea905b335e38bad065eef00e80c359f.php 第 70 行.
NOTIC: [8] Undefined variable: promote_type D:\wamp\www\mall\mall\Runtime\Cache\Admin\3ea905b335e38bad065eef00e80c359f.php 第 71 行.
NOTIC: [8] Undefined variable: promote_type D:\wamp\www\mall\mall\Runtime\Cache\Admin\3ea905b335e38bad065eef00e80c359f.php 第 72 行.
NOTIC: [8] Undefined variable: is_on_sale D:\wamp\www\mall\mall\Runtime\Cache\Admin\3ea905b335e38bad065eef00e80c359f.php 第 78 行.
NOTIC: [8] Undefined variable: is_on_sale D:\wamp\www\mall\mall\Runtime\Cache\Admin\3ea905b335e38bad065eef00e80c359f.php 第 79 行.
NOTIC: [8] Undefined variable: keywords D:\wamp\www\mall\mall\Runtime\Cache\Admin\3ea905b335e38bad065eef00e80c359f.php 第 85 行.
INFO: Run Behavior\ParseTemplateBehavior [ RunTime:0.022000s ]
INFO: [ view_parse ] --END-- [ RunTime:0.022000s ]
INFO: [ view_filter ] --START--
INFO: Run Behavior\WriteHtmlCacheBehavior [ RunTime:0.001000s ]
INFO: [ view_filter ] --END-- [ RunTime:0.001000s ]
INFO: [ app_end ] --START--
INFO: Run Behavior\ShowPageTraceBehavior [ RunTime:0.001000s ]
INFO: [ app_end ] --END-- [ RunTime:0.001000s ]

[ 2016-07-13T22:07:44+08:00 ] 127.0.0.1 /mall/Detail/index/id/96
INFO: [ app_init ] --START--
INFO: Run Behavior\BuildLiteBehavior [ RunTime:0.000000s ]
INFO: [ app_init ] --END-- [ RunTime:0.000000s ]

[ 2016-07-13T22:07:46+08:00 ] 127.0.0.1 /mall/Cart/getCart.html
INFO: [ app_init ] --START--
INFO: Run Behavior\BuildLiteBehavior [ RunTime:0.000000s ]
INFO: [ app_init ] --END-- [ RunTime:0.001000s ]
INFO: [ app_begin ] --START--
INFO: Run Behavior\ReadHtmlCacheBehavior [ RunTime:0.000000s ]
INFO: [ app_begin ] --END-- [ RunTime:0.001000s ]
SQL: DESCRIBE ts_cart [ RunTime:0.004000s ]
SQL: SELECT COUNT(*) AS tp_count FROM `ts_cart` WHERE ( user_id=8 ) LIMIT 1   [ RunTime:0.000000s ]
SQL: SELECT `goods_id`,`user_id`,`spec`,`nums`,`price`,`goods_name`,`goods_thumb`,`spec_desc`,`goods_attr` FROM `ts_cart` WHERE ( user_id=8 )  [ RunTime:0.000000s ]

[ 2016-07-13T22:07:48+08:00 ] 127.0.0.1 /mall/Auth/account.html
INFO: [ app_init ] --START--
INFO: Run Behavior\BuildLiteBehavior [ RunTime:0.000000s ]
INFO: [ app_init ] --END-- [ RunTime:0.000000s ]

[ 2016-07-13T22:07:50+08:00 ] 127.0.0.1 /mall/Auth/__CONTROL__/orders
INFO: [ app_init ] --START--
INFO: Run Behavior\BuildLiteBehavior [ RunTime:0.000000s ]
INFO: [ app_init ] --END-- [ RunTime:0.001000s ]
ERR: 非法操作:__CONTROL__

[ 2016-07-13T22:10:39+08:00 ] 127.0.0.1 /mall/Auth/account.html
INFO: [ app_init ] --START--
INFO: Run Behavior\BuildLiteBehavior [ RunTime:0.000000s ]
INFO: [ app_init ] --END-- [ RunTime:0.001000s ]

[ 2016-07-13T22:10:40+08:00 ] 127.0.0.1 /mall/Auth/orders.html
INFO: [ app_init ] --START--
INFO: Run Behavior\BuildLiteBehavior [ RunTime:0.000000s ]
INFO: [ app_init ] --END-- [ RunTime:0.000000s ]
ERR: 非法操作:orders

[ 2016-07-13T22:11:12+08:00 ] 127.0.0.1 /mall/Auth/orders.html
INFO: [ app_init ] --START--
INFO: Run Behavior\BuildLiteBehavior [ RunTime:0.000000s ]
INFO: [ app_init ] --END-- [ RunTime:0.001000s ]
ERR: 模板不存在:./mall/Home/View/Default/Auth/orders.html

[ 2016-07-13T22:11:28+08:00 ] 127.0.0.1 /mall/Auth/orders.html
INFO: [ app_init ] --START--
INFO: Run Behavior\BuildLiteBehavior [ RunTime:0.000000s ]
INFO: [ app_init ] --END-- [ RunTime:0.000000s ]

[ 2016-07-13T22:12:56+08:00 ] 127.0.0.1 /mall/Auth/orders.html
INFO: [ app_init ] --START--
INFO: Run Behavior\BuildLiteBehavior [ RunTime:0.000000s ]
INFO: [ app_init ] --END-- [ RunTime:0.001000s ]

[ 2016-07-13T22:14:02+08:00 ] 127.0.0.1 /mall/Auth/orders.html
INFO: [ app_init ] --START--
INFO: Run Behavior\BuildLiteBehavior [ RunTime:0.000000s ]
INFO: [ app_init ] --END-- [ RunTime:0.001000s ]

[ 2016-07-13T22:14:13+08:00 ] 127.0.0.1 /mall/Auth/orders.html
INFO: [ app_init ] --START--
INFO: Run Behavior\BuildLiteBehavior [ RunTime:0.000000s ]
INFO: [ app_init ] --END-- [ RunTime:0.001000s ]

[ 2016-07-13T22:14:19+08:00 ] 127.0.0.1 /mall/Auth/orders.html
INFO: [ app_init ] --START--
INFO: Run Behavior\BuildLiteBehavior [ RunTime:0.000000s ]
INFO: [ app_init ] --END-- [ RunTime:0.001000s ]

[ 2016-07-13T22:14:21+08:00 ] 127.0.0.1 /mall/Auth/layout.html
INFO: [ app_init ] --START--
INFO: Run Behavior\BuildLiteBehavior [ RunTime:0.000000s ]
INFO: [ app_init ] --END-- [ RunTime:0.001000s ]

[ 2016-07-13T22:14:21+08:00 ] 127.0.0.1 /mall/Auth/login.html
INFO: [ app_init ] --START--
INFO: Run Behavior\BuildLiteBehavior [ RunTime:0.000000s ]
INFO: [ app_init ] --END-- [ RunTime:0.000000s ]

[ 2016-07-13T22:14:24+08:00 ] 127.0.0.1 /mall/Auth/orders.html
INFO: [ app_init ] --START--
INFO: Run Behavior\BuildLiteBehavior [ RunTime:0.000000s ]
INFO: [ app_init ] --END-- [ RunTime:0.001000s ]

[ 2016-07-13T22:14:25+08:00 ] 127.0.0.1 /mall/Auth/login.html
INFO: [ app_init ] --START--
INFO: Run Behavior\BuildLiteBehavior [ RunTime:0.000000s ]
INFO: [ app_init ] --END-- [ RunTime:0.000000s ]

[ 2016-07-13T22:14:32+08:00 ] 127.0.0.1 /mall/Home/Auth/login
INFO: [ app_init ] --START--
INFO: Run Behavior\BuildLiteBehavior [ RunTime:0.001000s ]
INFO: [ app_init ] --END-- [ RunTime:0.001000s ]
INFO: [ app_begin ] --START--
INFO: Run Behavior\ReadHtmlCacheBehavior [ RunTime:0.000000s ]
INFO: [ app_begin ] --END-- [ RunTime:0.000000s ]
SQL: DESCRIBE ts_cart [ RunTime:0.003000s ]
NOTIC: [8] Undefined index: user_auth D:\wamp\www\mall\mall\Home\Controller\CommonController.class.php 第 12 行.
SQL: SELECT COUNT(*) AS tp_count FROM `ts_cart` WHERE ( user_id= ) LIMIT 1   [ RunTime:0.000000s ]
ERR: 1064:Erreur de syntaxe près de ') LIMIT 1' à la ligne 1
 [ SQL语句 ] : SELECT COUNT(*) AS tp_count FROM `ts_cart` WHERE ( user_id= ) LIMIT 1  
SQL: DESCRIBE ts_user [ RunTime:0.003000s ]
SQL: SELECT `user_id`,`username`,`passwd`,`face`,`ban`,`address_id` FROM `ts_user` WHERE ( `username` = 'user3' ) LIMIT 1   [ RunTime:0.000000s ]
SQL: UPDATE `ts_user` SET `last_login`=1468419272,`last_ip`=2130706433 WHERE ( `user_id` = 8 ) [ RunTime:0.000000s ]

[ 2016-07-13T22:14:32+08:00 ] 127.0.0.1 /mall/Auth/orders.html
INFO: [ app_init ] --START--
INFO: Run Behavior\BuildLiteBehavior [ RunTime:0.000000s ]
INFO: [ app_init ] --END-- [ RunTime:0.000000s ]

[ 2016-07-13T22:14:34+08:00 ] 127.0.0.1 /mall/Auth/account.html
INFO: [ app_init ] --START--
INFO: Run Behavior\BuildLiteBehavior [ RunTime:0.000000s ]
INFO: [ app_init ] --END-- [ RunTime:0.000000s ]

[ 2016-07-13T22:14:38+08:00 ] 127.0.0.1 /mall/Auth/orders.html
INFO: [ app_init ] --START--
INFO: Run Behavior\BuildLiteBehavior [ RunTime:0.000000s ]
INFO: [ app_init ] --END-- [ RunTime:0.000000s ]

[ 2016-07-13T22:15:03+08:00 ] 127.0.0.1 /mall/Auth/orders.html
INFO: [ app_init ] --START--
INFO: Run Behavior\BuildLiteBehavior [ RunTime:0.001000s ]
INFO: [ app_init ] --END-- [ RunTime:0.001000s ]

[ 2016-07-13T22:21:15+08:00 ] 127.0.0.1 /mall/Auth/orders.html
INFO: [ app_init ] --START--
INFO: Run Behavior\BuildLiteBehavior [ RunTime:0.000000s ]
INFO: [ app_init ] --END-- [ RunTime:0.000000s ]

[ 2016-07-13T22:23:04+08:00 ] 127.0.0.1 /mall/Auth/orders.html
INFO: [ app_init ] --START--
INFO: Run Behavior\BuildLiteBehavior [ RunTime:0.000000s ]
INFO: [ app_init ] --END-- [ RunTime:0.000000s ]

[ 2016-07-13T22:24:03+08:00 ] 127.0.0.1 /mall/Auth/orders.html
INFO: [ app_init ] --START--
INFO: Run Behavior\BuildLiteBehavior [ RunTime:0.000000s ]
INFO: [ app_init ] --END-- [ RunTime:0.001000s ]

[ 2016-07-13T22:24:44+08:00 ] 127.0.0.1 /mall/Auth/orders.html
INFO: [ app_init ] --START--
INFO: Run Behavior\BuildLiteBehavior [ RunTime:0.000000s ]
INFO: [ app_init ] --END-- [ RunTime:0.000000s ]

[ 2016-07-13T22:25:33+08:00 ] 127.0.0.1 /mall/Auth/orders.html
INFO: [ app_init ] --START--
INFO: Run Behavior\BuildLiteBehavior [ RunTime:0.000000s ]
INFO: [ app_init ] --END-- [ RunTime:0.001000s ]

[ 2016-07-13T22:25:58+08:00 ] 127.0.0.1 /mall/Auth/orders.html
INFO: [ app_init ] --START--
INFO: Run Behavior\BuildLiteBehavior [ RunTime:0.000000s ]
INFO: [ app_init ] --END-- [ RunTime:0.001000s ]

[ 2016-07-13T22:26:19+08:00 ] 127.0.0.1 /mall/Auth/orders.html
INFO: [ app_init ] --START--
INFO: Run Behavior\BuildLiteBehavior [ RunTime:0.000000s ]
INFO: [ app_init ] --END-- [ RunTime:0.001000s ]

[ 2016-07-13T22:26:28+08:00 ] 127.0.0.1 /mall/Auth/orders.html
INFO: [ app_init ] --START--
INFO: Run Behavior\BuildLiteBehavior [ RunTime:0.000000s ]
INFO: [ app_init ] --END-- [ RunTime:0.001000s ]

[ 2016-07-13T22:26:48+08:00 ] 127.0.0.1 /mall/PUBLIC/Home/js/jquery-1.10.2.min.map
INFO: [ app_init ] --START--
INFO: Run Behavior\BuildLiteBehavior [ RunTime:0.000000s ]
INFO: [ app_init ] --END-- [ RunTime:0.001000s ]
ERR: 无法加载控制器:Public

[ 2016-07-13T22:27:12+08:00 ] 127.0.0.1 /mall/Auth/orders.html
INFO: [ app_init ] --START--
INFO: Run Behavior\BuildLiteBehavior [ RunTime:0.000000s ]
INFO: [ app_init ] --END-- [ RunTime:0.000000s ]

[ 2016-07-13T22:27:12+08:00 ] 127.0.0.1 /mall/PUBLIC/Home/js/jquery-1.10.2.min.map
INFO: [ app_init ] --START--
INFO: Run Behavior\BuildLiteBehavior [ RunTime:0.000000s ]
INFO: [ app_init ] --END-- [ RunTime:0.001000s ]
ERR: 无法加载控制器:Public

[ 2016-07-13T22:28:32+08:00 ] 127.0.0.1 /mall/Auth/orders.html
INFO: [ app_init ] --START--
INFO: Run Behavior\BuildLiteBehavior [ RunTime:0.000000s ]
INFO: [ app_init ] --END-- [ RunTime:0.000000s ]

[ 2016-07-13T22:28:32+08:00 ] 127.0.0.1 /mall/PUBLIC/Home/js/jquery-1.10.2.min.map
INFO: [ app_init ] --START--
INFO: Run Behavior\BuildLiteBehavior [ RunTime:0.000000s ]
INFO: [ app_init ] --END-- [ RunTime:0.001000s ]
ERR: 无法加载控制器:Public

[ 2016-07-13T22:28:56+08:00 ] 127.0.0.1 /mall/Auth/orders.html
INFO: [ app_init ] --START--
INFO: Run Behavior\BuildLiteBehavior [ RunTime:0.000000s ]
INFO: [ app_init ] --END-- [ RunTime:0.000000s ]

[ 2016-07-13T22:28:56+08:00 ] 127.0.0.1 /mall/PUBLIC/Home/js/jquery-1.10.2.min.map
INFO: [ app_init ] --START--
INFO: Run Behavior\BuildLiteBehavior [ RunTime:0.000000s ]
INFO: [ app_init ] --END-- [ RunTime:0.000000s ]
ERR: 无法加载控制器:Public

[ 2016-07-13T22:29:18+08:00 ] 127.0.0.1 /mall/Auth/orders.html
INFO: [ app_init ] --START--
INFO: Run Behavior\BuildLiteBehavior [ RunTime:0.000000s ]
INFO: [ app_init ] --END-- [ RunTime:0.000000s ]

[ 2016-07-13T22:29:18+08:00 ] 127.0.0.1 /mall/PUBLIC/Home/js/jquery-1.10.2.min.map
INFO: [ app_init ] --START--
INFO: Run Behavior\BuildLiteBehavior [ RunTime:0.000000s ]
INFO: [ app_init ] --END-- [ RunTime:0.000000s ]
ERR: 无法加载控制器:Public

[ 2016-07-13T22:29:35+08:00 ] 127.0.0.1 /mall/Auth/orders.html
INFO: [ app_init ] --START--
INFO: Run Behavior\BuildLiteBehavior [ RunTime:0.000000s ]
INFO: [ app_init ] --END-- [ RunTime:0.000000s ]

[ 2016-07-13T22:29:36+08:00 ] 127.0.0.1 /mall/PUBLIC/Home/js/jquery-1.10.2.min.map
INFO: [ app_init ] --START--
INFO: Run Behavior\BuildLiteBehavior [ RunTime:0.000000s ]
INFO: [ app_init ] --END-- [ RunTime:0.000000s ]
ERR: 无法加载控制器:Public

[ 2016-07-13T22:29:55+08:00 ] 127.0.0.1 /mall/Auth/orders.html
INFO: [ app_init ] --START--
INFO: Run Behavior\BuildLiteBehavior [ RunTime:0.000000s ]
INFO: [ app_init ] --END-- [ RunTime:0.001000s ]

[ 2016-07-13T22:29:55+08:00 ] 127.0.0.1 /mall/PUBLIC/Home/js/jquery-1.10.2.min.map
INFO: [ app_init ] --START--
INFO: Run Behavior\BuildLiteBehavior [ RunTime:0.000000s ]
INFO: [ app_init ] --END-- [ RunTime:0.000000s ]
ERR: 无法加载控制器:Public

[ 2016-07-13T22:33:47+08:00 ] 127.0.0.1 /mall/Auth/orders.html
INFO: [ app_init ] --START--
INFO: Run Behavior\BuildLiteBehavior [ RunTime:0.000000s ]
INFO: [ app_init ] --END-- [ RunTime:0.000000s ]

[ 2016-07-13T22:34:06+08:00 ] 127.0.0.1 /mall/Auth/orders.html
INFO: [ app_init ] --START--
INFO: Run Behavior\BuildLiteBehavior [ RunTime:0.000000s ]
INFO: [ app_init ] --END-- [ RunTime:0.001000s ]

[ 2016-07-13T22:34:16+08:00 ] 127.0.0.1 /mall/Auth/orders.html
INFO: [ app_init ] --START--
INFO: Run Behavior\BuildLiteBehavior [ RunTime:0.000000s ]
INFO: [ app_init ] --END-- [ RunTime:0.000000s ]

[ 2016-07-13T22:34:54+08:00 ] 127.0.0.1 /mall/Auth/orders.html
INFO: [ app_init ] --START--
INFO: Run Behavior\BuildLiteBehavior [ RunTime:0.001000s ]
INFO: [ app_init ] --END-- [ RunTime:0.001000s ]

[ 2016-07-13T22:35:54+08:00 ] 127.0.0.1 /mall/Auth/orders.html
INFO: [ app_init ] --START--
INFO: Run Behavior\BuildLiteBehavior [ RunTime:0.000000s ]
INFO: [ app_init ] --END-- [ RunTime:0.001000s ]

[ 2016-07-13T22:36:25+08:00 ] 127.0.0.1 /mall/Auth/orders.html
INFO: [ app_init ] --START--
INFO: Run Behavior\BuildLiteBehavior [ RunTime:0.000000s ]
INFO: [ app_init ] --END-- [ RunTime:0.001000s ]

[ 2016-07-13T22:37:23+08:00 ] 127.0.0.1 /mall/Auth/orders.html
INFO: [ app_init ] --START--
INFO: Run Behavior\BuildLiteBehavior [ RunTime:0.000000s ]
INFO: [ app_init ] --END-- [ RunTime:0.001000s ]

[ 2016-07-13T22:37:40+08:00 ] 127.0.0.1 /mall/Auth/orders.html
INFO: [ app_init ] --START--
INFO: Run Behavior\BuildLiteBehavior [ RunTime:0.000000s ]
INFO: [ app_init ] --END-- [ RunTime:0.000000s ]

[ 2016-07-13T22:38:03+08:00 ] 127.0.0.1 /mall/Auth/orders.html
INFO: [ app_init ] --START--
INFO: Run Behavior\BuildLiteBehavior [ RunTime:0.000000s ]
INFO: [ app_init ] --END-- [ RunTime:0.001000s ]

[ 2016-07-13T22:39:01+08:00 ] 127.0.0.1 /mall/Auth/orders.html
INFO: [ app_init ] --START--
INFO: Run Behavior\BuildLiteBehavior [ RunTime:0.000000s ]
INFO: [ app_init ] --END-- [ RunTime:0.001000s ]

[ 2016-07-13T22:40:18+08:00 ] 127.0.0.1 /mall/Auth/orders.html
INFO: [ app_init ] --START--
INFO: Run Behavior\BuildLiteBehavior [ RunTime:0.000000s ]
INFO: [ app_init ] --END-- [ RunTime:0.001000s ]

[ 2016-07-13T22:40:31+08:00 ] 127.0.0.1 /mall/Auth/orders.html
INFO: [ app_init ] --START--
INFO: Run Behavior\BuildLiteBehavior [ RunTime:0.000000s ]
INFO: [ app_init ] --END-- [ RunTime:0.000000s ]

[ 2016-07-13T22:40:39+08:00 ] 127.0.0.1 /mall/Auth/orders.html
INFO: [ app_init ] --START--
INFO: Run Behavior\BuildLiteBehavior [ RunTime:0.001000s ]
INFO: [ app_init ] --END-- [ RunTime:0.001000s ]

[ 2016-07-13T22:40:55+08:00 ] 127.0.0.1 /mall/Auth/orders.html
INFO: [ app_init ] --START--
INFO: Run Behavior\BuildLiteBehavior [ RunTime:0.000000s ]
INFO: [ app_init ] --END-- [ RunTime:0.000000s ]

[ 2016-07-13T22:41:04+08:00 ] 127.0.0.1 /mall/Auth/orders.html
INFO: [ app_init ] --START--
INFO: Run Behavior\BuildLiteBehavior [ RunTime:0.000000s ]
INFO: [ app_init ] --END-- [ RunTime:0.001000s ]

[ 2016-07-13T22:41:39+08:00 ] 127.0.0.1 /mall/Auth/orders.html
INFO: [ app_init ] --START--
INFO: Run Behavior\BuildLiteBehavior [ RunTime:0.000000s ]
INFO: [ app_init ] --END-- [ RunTime:0.000000s ]

[ 2016-07-13T22:42:06+08:00 ] 127.0.0.1 /mall/PUBLIC/Home/js/jquery-1.10.2.min.map
INFO: [ app_init ] --START--
INFO: Run Behavior\BuildLiteBehavior [ RunTime:0.000000s ]
INFO: [ app_init ] --END-- [ RunTime:0.001000s ]
ERR: 无法加载控制器:Public

[ 2016-07-13T22:44:20+08:00 ] 127.0.0.1 /mall/Auth/orders.html
INFO: [ app_init ] --START--
INFO: Run Behavior\BuildLiteBehavior [ RunTime:0.000000s ]
INFO: [ app_init ] --END-- [ RunTime:0.001000s ]

[ 2016-07-13T22:44:20+08:00 ] 127.0.0.1 /mall/PUBLIC/Home/js/jquery-1.10.2.min.map
INFO: [ app_init ] --START--
INFO: Run Behavior\BuildLiteBehavior [ RunTime:0.000000s ]
INFO: [ app_init ] --END-- [ RunTime:0.000000s ]
ERR: 无法加载控制器:Public

[ 2016-07-13T22:44:28+08:00 ] 127.0.0.1 /mall/Auth/orders.html
INFO: [ app_init ] --START--
INFO: Run Behavior\BuildLiteBehavior [ RunTime:0.000000s ]
INFO: [ app_init ] --END-- [ RunTime:0.001000s ]

[ 2016-07-13T22:44:28+08:00 ] 127.0.0.1 /mall/PUBLIC/Home/js/jquery-1.10.2.min.map
INFO: [ app_init ] --START--
INFO: Run Behavior\BuildLiteBehavior [ RunTime:0.000000s ]
INFO: [ app_init ] --END-- [ RunTime:0.000000s ]
ERR: 无法加载控制器:Public

[ 2016-07-13T22:46:03+08:00 ] 127.0.0.1 /mall/Auth/orders.html
INFO: [ app_init ] --START--
INFO: Run Behavior\BuildLiteBehavior [ RunTime:0.000000s ]
INFO: [ app_init ] --END-- [ RunTime:0.000000s ]

[ 2016-07-13T22:46:03+08:00 ] 127.0.0.1 /mall/PUBLIC/Home/js/jquery-1.10.2.min.map
INFO: [ app_init ] --START--
INFO: Run Behavior\BuildLiteBehavior [ RunTime:0.000000s ]
INFO: [ app_init ] --END-- [ RunTime:0.000000s ]
ERR: 无法加载控制器:Public

[ 2016-07-13T22:46:51+08:00 ] 127.0.0.1 /mall/Auth/orders.html
INFO: [ app_init ] --START--
INFO: Run Behavior\BuildLiteBehavior [ RunTime:0.000000s ]
INFO: [ app_init ] --END-- [ RunTime:0.001000s ]

[ 2016-07-13T22:46:51+08:00 ] 127.0.0.1 /mall/PUBLIC/Home/js/jquery-1.10.2.min.map
INFO: [ app_init ] --START--
INFO: Run Behavior\BuildLiteBehavior [ RunTime:0.000000s ]
INFO: [ app_init ] --END-- [ RunTime:0.000000s ]
ERR: 无法加载控制器:Public

[ 2016-07-13T22:47:15+08:00 ] 127.0.0.1 /mall/Auth/orders.html
INFO: [ app_init ] --START--
INFO: Run Behavior\BuildLiteBehavior [ RunTime:0.000000s ]
INFO: [ app_init ] --END-- [ RunTime:0.001000s ]

[ 2016-07-13T22:47:15+08:00 ] 127.0.0.1 /mall/PUBLIC/Home/js/jquery-1.10.2.min.map
INFO: [ app_init ] --START--
INFO: Run Behavior\BuildLiteBehavior [ RunTime:0.000000s ]
INFO: [ app_init ] --END-- [ RunTime:0.001000s ]
ERR: 无法加载控制器:Public

[ 2016-07-13T22:47:35+08:00 ] 127.0.0.1 /mall/Auth/orders.html
INFO: [ app_init ] --START--
INFO: Run Behavior\BuildLiteBehavior [ RunTime:0.000000s ]
INFO: [ app_init ] --END-- [ RunTime:0.000000s ]

[ 2016-07-13T22:47:35+08:00 ] 127.0.0.1 /mall/PUBLIC/Home/js/jquery-1.10.2.min.map
INFO: [ app_init ] --START--
INFO: Run Behavior\BuildLiteBehavior [ RunTime:0.000000s ]
INFO: [ app_init ] --END-- [ RunTime:0.000000s ]
ERR: 无法加载控制器:Public

[ 2016-07-13T22:47:57+08:00 ] 127.0.0.1 /mall/Auth/orders.html
INFO: [ app_init ] --START--
INFO: Run Behavior\BuildLiteBehavior [ RunTime:0.000000s ]
INFO: [ app_init ] --END-- [ RunTime:0.001000s ]

[ 2016-07-13T22:47:57+08:00 ] 127.0.0.1 /mall/PUBLIC/Home/js/jquery-1.10.2.min.map
INFO: [ app_init ] --START--
INFO: Run Behavior\BuildLiteBehavior [ RunTime:0.000000s ]
INFO: [ app_init ] --END-- [ RunTime:0.000000s ]
ERR: 无法加载控制器:Public

[ 2016-07-13T22:48:13+08:00 ] 127.0.0.1 /mall/Auth/orders.html
INFO: [ app_init ] --START--
INFO: Run Behavior\BuildLiteBehavior [ RunTime:0.000000s ]
INFO: [ app_init ] --END-- [ RunTime:0.000000s ]

[ 2016-07-13T22:48:13+08:00 ] 127.0.0.1 /mall/PUBLIC/Home/js/jquery-1.10.2.min.map
INFO: [ app_init ] --START--
INFO: Run Behavior\BuildLiteBehavior [ RunTime:0.000000s ]
INFO: [ app_init ] --END-- [ RunTime:0.001000s ]
ERR: 无法加载控制器:Public

[ 2016-07-13T22:48:31+08:00 ] 127.0.0.1 /mall/Auth/orders.html
INFO: [ app_init ] --START--
INFO: Run Behavior\BuildLiteBehavior [ RunTime:0.000000s ]
INFO: [ app_init ] --END-- [ RunTime:0.001000s ]

[ 2016-07-13T22:48:31+08:00 ] 127.0.0.1 /mall/PUBLIC/Home/js/jquery-1.10.2.min.map
INFO: [ app_init ] --START--
INFO: Run Behavior\BuildLiteBehavior [ RunTime:0.000000s ]
INFO: [ app_init ] --END-- [ RunTime:0.000000s ]
ERR: 无法加载控制器:Public

[ 2016-07-13T22:49:32+08:00 ] 127.0.0.1 /mall/Auth/orders.html
INFO: [ app_init ] --START--
INFO: Run Behavior\BuildLiteBehavior [ RunTime:0.000000s ]
INFO: [ app_init ] --END-- [ RunTime:0.001000s ]

[ 2016-07-13T22:49:33+08:00 ] 127.0.0.1 /mall/PUBLIC/Home/js/jquery-1.10.2.min.map
INFO: [ app_init ] --START--
INFO: Run Behavior\BuildLiteBehavior [ RunTime:0.000000s ]
INFO: [ app_init ] --END-- [ RunTime:0.000000s ]
ERR: 无法加载控制器:Public

[ 2016-07-13T22:50:19+08:00 ] 127.0.0.1 /mall/Auth/orders.html
INFO: [ app_init ] --START--
INFO: Run Behavior\BuildLiteBehavior [ RunTime:0.000000s ]
INFO: [ app_init ] --END-- [ RunTime:0.000000s ]

[ 2016-07-13T22:50:19+08:00 ] 127.0.0.1 /mall/PUBLIC/Home/js/jquery-1.10.2.min.map
INFO: [ app_init ] --START--
INFO: Run Behavior\BuildLiteBehavior [ RunTime:0.000000s ]
INFO: [ app_init ] --END-- [ RunTime:0.001000s ]
ERR: 无法加载控制器:Public

[ 2016-07-13T22:50:21+08:00 ] 127.0.0.1 /mall/Auth/orders.html
INFO: [ app_init ] --START--
INFO: Run Behavior\BuildLiteBehavior [ RunTime:0.000000s ]
INFO: [ app_init ] --END-- [ RunTime:0.001000s ]

[ 2016-07-13T22:50:21+08:00 ] 127.0.0.1 /mall/PUBLIC/Home/js/jquery-1.10.2.min.map
INFO: [ app_init ] --START--
INFO: Run Behavior\BuildLiteBehavior [ RunTime:0.000000s ]
INFO: [ app_init ] --END-- [ RunTime:0.001000s ]
ERR: 无法加载控制器:Public

[ 2016-07-13T22:50:27+08:00 ] 127.0.0.1 /mall/Auth/orders.html
INFO: [ app_init ] --START--
INFO: Run Behavior\BuildLiteBehavior [ RunTime:0.000000s ]
INFO: [ app_init ] --END-- [ RunTime:0.001000s ]

[ 2016-07-13T22:50:28+08:00 ] 127.0.0.1 /mall/PUBLIC/Home/js/jquery-1.10.2.min.map
INFO: [ app_init ] --START--
INFO: Run Behavior\BuildLiteBehavior [ RunTime:0.000000s ]
INFO: [ app_init ] --END-- [ RunTime:0.000000s ]
ERR: 无法加载控制器:Public

[ 2016-07-13T22:50:56+08:00 ] 127.0.0.1 /mall/Auth/orders.html
INFO: [ app_init ] --START--
INFO: Run Behavior\BuildLiteBehavior [ RunTime:0.000000s ]
INFO: [ app_init ] --END-- [ RunTime:0.001000s ]

[ 2016-07-13T22:50:57+08:00 ] 127.0.0.1 /mall/PUBLIC/Home/js/jquery-1.10.2.min.map
INFO: [ app_init ] --START--
INFO: Run Behavior\BuildLiteBehavior [ RunTime:0.000000s ]
INFO: [ app_init ] --END-- [ RunTime:0.001000s ]
ERR: 无法加载控制器:Public

[ 2016-07-13T22:51:03+08:00 ] 127.0.0.1 /mall/Auth/orders.html
INFO: [ app_init ] --START--
INFO: Run Behavior\BuildLiteBehavior [ RunTime:0.000000s ]
INFO: [ app_init ] --END-- [ RunTime:0.001000s ]

[ 2016-07-13T22:51:03+08:00 ] 127.0.0.1 /mall/PUBLIC/Home/js/jquery-1.10.2.min.map
INFO: [ app_init ] --START--
INFO: Run Behavior\BuildLiteBehavior [ RunTime:0.000000s ]
INFO: [ app_init ] --END-- [ RunTime:0.001000s ]
ERR: 无法加载控制器:Public

[ 2016-07-13T22:51:56+08:00 ] 127.0.0.1 /mall/Auth/orders.html
INFO: [ app_init ] --START--
INFO: Run Behavior\BuildLiteBehavior [ RunTime:0.000000s ]
INFO: [ app_init ] --END-- [ RunTime:0.000000s ]

[ 2016-07-13T22:51:56+08:00 ] 127.0.0.1 /mall/PUBLIC/Home/js/jquery-1.10.2.min.map
INFO: [ app_init ] --START--
INFO: Run Behavior\BuildLiteBehavior [ RunTime:0.000000s ]
INFO: [ app_init ] --END-- [ RunTime:0.001000s ]
ERR: 无法加载控制器:Public

[ 2016-07-13T22:52:10+08:00 ] 127.0.0.1 /mall/Auth/orders.html
INFO: [ app_init ] --START--
INFO: Run Behavior\BuildLiteBehavior [ RunTime:0.000000s ]
INFO: [ app_init ] --END-- [ RunTime:0.000000s ]

[ 2016-07-13T22:52:10+08:00 ] 127.0.0.1 /mall/PUBLIC/Home/js/jquery-1.10.2.min.map
INFO: [ app_init ] --START--
INFO: Run Behavior\BuildLiteBehavior [ RunTime:0.000000s ]
INFO: [ app_init ] --END-- [ RunTime:0.000000s ]
ERR: 无法加载控制器:Public

[ 2016-07-13T22:52:35+08:00 ] 127.0.0.1 /mall/Auth/orders.html
INFO: [ app_init ] --START--
INFO: Run Behavior\BuildLiteBehavior [ RunTime:0.000000s ]
INFO: [ app_init ] --END-- [ RunTime:0.001000s ]

[ 2016-07-13T22:52:35+08:00 ] 127.0.0.1 /mall/PUBLIC/Home/js/jquery-1.10.2.min.map
INFO: [ app_init ] --START--
INFO: Run Behavior\BuildLiteBehavior [ RunTime:0.001000s ]
INFO: [ app_init ] --END-- [ RunTime:0.001000s ]
ERR: 无法加载控制器:Public

[ 2016-07-13T22:52:55+08:00 ] 127.0.0.1 /mall/Auth/orders.html
INFO: [ app_init ] --START--
INFO: Run Behavior\BuildLiteBehavior [ RunTime:0.001000s ]
INFO: [ app_init ] --END-- [ RunTime:0.001000s ]

[ 2016-07-13T22:52:56+08:00 ] 127.0.0.1 /mall/PUBLIC/Home/js/jquery-1.10.2.min.map
INFO: [ app_init ] --START--
INFO: Run Behavior\BuildLiteBehavior [ RunTime:0.000000s ]
INFO: [ app_init ] --END-- [ RunTime:0.000000s ]
ERR: 无法加载控制器:Public

[ 2016-07-13T22:53:10+08:00 ] 127.0.0.1 /mall/Auth/orders.html
INFO: [ app_init ] --START--
INFO: Run Behavior\BuildLiteBehavior [ RunTime:0.000000s ]
INFO: [ app_init ] --END-- [ RunTime:0.000000s ]

[ 2016-07-13T22:53:11+08:00 ] 127.0.0.1 /mall/PUBLIC/Home/js/jquery-1.10.2.min.map
INFO: [ app_init ] --START--
INFO: Run Behavior\BuildLiteBehavior [ RunTime:0.000000s ]
INFO: [ app_init ] --END-- [ RunTime:0.001000s ]
ERR: 无法加载控制器:Public

[ 2016-07-13T22:53:24+08:00 ] 127.0.0.1 /mall/Auth/orders.html
INFO: [ app_init ] --START--
INFO: Run Behavior\BuildLiteBehavior [ RunTime:0.000000s ]
INFO: [ app_init ] --END-- [ RunTime:0.000000s ]

[ 2016-07-13T22:53:25+08:00 ] 127.0.0.1 /mall/PUBLIC/Home/js/jquery-1.10.2.min.map
INFO: [ app_init ] --START--
INFO: Run Behavior\BuildLiteBehavior [ RunTime:0.000000s ]
INFO: [ app_init ] --END-- [ RunTime:0.001000s ]
ERR: 无法加载控制器:Public

[ 2016-07-13T22:53:50+08:00 ] 127.0.0.1 /mall/Auth/orders.html
INFO: [ app_init ] --START--
INFO: Run Behavior\BuildLiteBehavior [ RunTime:0.000000s ]
INFO: [ app_init ] --END-- [ RunTime:0.001000s ]

[ 2016-07-13T22:53:50+08:00 ] 127.0.0.1 /mall/PUBLIC/Home/js/jquery-1.10.2.min.map
INFO: [ app_init ] --START--
INFO: Run Behavior\BuildLiteBehavior [ RunTime:0.000000s ]
INFO: [ app_init ] --END-- [ RunTime:0.000000s ]
ERR: 无法加载控制器:Public

[ 2016-07-13T22:54:59+08:00 ] 127.0.0.1 /mall/Auth/orders.html
INFO: [ app_init ] --START--
INFO: Run Behavior\BuildLiteBehavior [ RunTime:0.000000s ]
INFO: [ app_init ] --END-- [ RunTime:0.001000s ]

[ 2016-07-13T22:55:00+08:00 ] 127.0.0.1 /mall/PUBLIC/Home/js/jquery-1.10.2.min.map
INFO: [ app_init ] --START--
INFO: Run Behavior\BuildLiteBehavior [ RunTime:0.001000s ]
INFO: [ app_init ] --END-- [ RunTime:0.001000s ]
ERR: 无法加载控制器:Public

[ 2016-07-13T22:55:37+08:00 ] 127.0.0.1 /mall/Auth/orders.html
INFO: [ app_init ] --START--
INFO: Run Behavior\BuildLiteBehavior [ RunTime:0.000000s ]
INFO: [ app_init ] --END-- [ RunTime:0.000000s ]

[ 2016-07-13T22:55:37+08:00 ] 127.0.0.1 /mall/PUBLIC/Home/js/jquery-1.10.2.min.map
INFO: [ app_init ] --START--
INFO: Run Behavior\BuildLiteBehavior [ RunTime:0.000000s ]
INFO: [ app_init ] --END-- [ RunTime:0.001000s ]
ERR: 无法加载控制器:Public

[ 2016-07-13T22:56:32+08:00 ] 127.0.0.1 /mall/Auth/orders.html
INFO: [ app_init ] --START--
INFO: Run Behavior\BuildLiteBehavior [ RunTime:0.000000s ]
INFO: [ app_init ] --END-- [ RunTime:0.001000s ]

[ 2016-07-13T22:56:32+08:00 ] 127.0.0.1 /mall/PUBLIC/Home/js/jquery-1.10.2.min.map
INFO: [ app_init ] --START--
INFO: Run Behavior\BuildLiteBehavior [ RunTime:0.000000s ]
INFO: [ app_init ] --END-- [ RunTime:0.001000s ]
ERR: 无法加载控制器:Public

[ 2016-07-13T22:56:46+08:00 ] 127.0.0.1 /mall/Auth/orders.html
INFO: [ app_init ] --START--
INFO: Run Behavior\BuildLiteBehavior [ RunTime:0.000000s ]
INFO: [ app_init ] --END-- [ RunTime:0.000000s ]

[ 2016-07-13T22:56:46+08:00 ] 127.0.0.1 /mall/PUBLIC/Home/js/jquery-1.10.2.min.map
INFO: [ app_init ] --START--
INFO: Run Behavior\BuildLiteBehavior [ RunTime:0.000000s ]
INFO: [ app_init ] --END-- [ RunTime:0.001000s ]
ERR: 无法加载控制器:Public

[ 2016-07-13T22:56:53+08:00 ] 127.0.0.1 /mall/Auth/orders.html
INFO: [ app_init ] --START--
INFO: Run Behavior\BuildLiteBehavior [ RunTime:0.000000s ]
INFO: [ app_init ] --END-- [ RunTime:0.000000s ]

[ 2016-07-13T22:56:53+08:00 ] 127.0.0.1 /mall/PUBLIC/Home/js/jquery-1.10.2.min.map
INFO: [ app_init ] --START--
INFO: Run Behavior\BuildLiteBehavior [ RunTime:0.000000s ]
INFO: [ app_init ] --END-- [ RunTime:0.001000s ]
ERR: 无法加载控制器:Public

[ 2016-07-13T22:57:06+08:00 ] 127.0.0.1 /mall/Auth/orders.html
INFO: [ app_init ] --START--
INFO: Run Behavior\BuildLiteBehavior [ RunTime:0.000000s ]
INFO: [ app_init ] --END-- [ RunTime:0.000000s ]

[ 2016-07-13T22:57:06+08:00 ] 127.0.0.1 /mall/PUBLIC/Home/js/jquery-1.10.2.min.map
INFO: [ app_init ] --START--
INFO: Run Behavior\BuildLiteBehavior [ RunTime:0.000000s ]
INFO: [ app_init ] --END-- [ RunTime:0.001000s ]
ERR: 无法加载控制器:Public

[ 2016-07-13T22:57:15+08:00 ] 127.0.0.1 /mall/Auth/orders.html
INFO: [ app_init ] --START--
INFO: Run Behavior\BuildLiteBehavior [ RunTime:0.000000s ]
INFO: [ app_init ] --END-- [ RunTime:0.001000s ]

[ 2016-07-13T22:57:16+08:00 ] 127.0.0.1 /mall/PUBLIC/Home/js/jquery-1.10.2.min.map
INFO: [ app_init ] --START--
INFO: Run Behavior\BuildLiteBehavior [ RunTime:0.000000s ]
INFO: [ app_init ] --END-- [ RunTime:0.001000s ]
ERR: 无法加载控制器:Public

[ 2016-07-13T22:57:36+08:00 ] 127.0.0.1 /mall/Auth/orders.html
INFO: [ app_init ] --START--
INFO: Run Behavior\BuildLiteBehavior [ RunTime:0.000000s ]
INFO: [ app_init ] --END-- [ RunTime:0.001000s ]

[ 2016-07-13T22:57:37+08:00 ] 127.0.0.1 /mall/PUBLIC/Home/js/jquery-1.10.2.min.map
INFO: [ app_init ] --START--
INFO: Run Behavior\BuildLiteBehavior [ RunTime:0.000000s ]
INFO: [ app_init ] --END-- [ RunTime:0.001000s ]
ERR: 无法加载控制器:Public

[ 2016-07-13T22:57:51+08:00 ] 127.0.0.1 /mall/Auth/orders.html
INFO: [ app_init ] --START--
INFO: Run Behavior\BuildLiteBehavior [ RunTime:0.000000s ]
INFO: [ app_init ] --END-- [ RunTime:0.001000s ]

[ 2016-07-13T22:57:51+08:00 ] 127.0.0.1 /mall/PUBLIC/Home/js/jquery-1.10.2.min.map
INFO: [ app_init ] --START--
INFO: Run Behavior\BuildLiteBehavior [ RunTime:0.000000s ]
INFO: [ app_init ] --END-- [ RunTime:0.001000s ]
ERR: 无法加载控制器:Public

[ 2016-07-13T22:58:04+08:00 ] 127.0.0.1 /mall/Auth/orders.html
INFO: [ app_init ] --START--
INFO: Run Behavior\BuildLiteBehavior [ RunTime:0.000000s ]
INFO: [ app_init ] --END-- [ RunTime:0.001000s ]

[ 2016-07-13T22:58:04+08:00 ] 127.0.0.1 /mall/PUBLIC/Home/js/jquery-1.10.2.min.map
INFO: [ app_init ] --START--
INFO: Run Behavior\BuildLiteBehavior [ RunTime:0.000000s ]
INFO: [ app_init ] --END-- [ RunTime:0.000000s ]
ERR: 无法加载控制器:Public

[ 2016-07-13T22:58:15+08:00 ] 127.0.0.1 /mall/Auth/orders.html
INFO: [ app_init ] --START--
INFO: Run Behavior\BuildLiteBehavior [ RunTime:0.000000s ]
INFO: [ app_init ] --END-- [ RunTime:0.000000s ]

[ 2016-07-13T23:00:00+08:00 ] 127.0.0.1 /mall/Auth/orders.html
INFO: [ app_init ] --START--
INFO: Run Behavior\BuildLiteBehavior [ RunTime:0.000000s ]
INFO: [ app_init ] --END-- [ RunTime:0.001000s ]

[ 2016-07-13T23:00:31+08:00 ] 127.0.0.1 /mall/Auth/orders.html
INFO: [ app_init ] --START--
INFO: Run Behavior\BuildLiteBehavior [ RunTime:0.000000s ]
INFO: [ app_init ] --END-- [ RunTime:0.001000s ]

[ 2016-07-13T23:01:29+08:00 ] 127.0.0.1 /mall/Auth/orders.html
INFO: [ app_init ] --START--
INFO: Run Behavior\BuildLiteBehavior [ RunTime:0.001000s ]
INFO: [ app_init ] --END-- [ RunTime:0.001000s ]

[ 2016-07-13T23:01:58+08:00 ] 127.0.0.1 /mall/Auth/orders.html
INFO: [ app_init ] --START--
INFO: Run Behavior\BuildLiteBehavior [ RunTime:0.000000s ]
INFO: [ app_init ] --END-- [ RunTime:0.000000s ]

[ 2016-07-13T23:02:23+08:00 ] 127.0.0.1 /mall/Auth/orders.html
INFO: [ app_init ] --START--
INFO: Run Behavior\BuildLiteBehavior [ RunTime:0.000000s ]
INFO: [ app_init ] --END-- [ RunTime:0.001000s ]

[ 2016-07-13T23:02:40+08:00 ] 127.0.0.1 /mall/Auth/orders.html
INFO: [ app_init ] --START--
INFO: Run Behavior\BuildLiteBehavior [ RunTime:0.000000s ]
INFO: [ app_init ] --END-- [ RunTime:0.001000s ]

[ 2016-07-13T23:02:42+08:00 ] 127.0.0.1 /mall/PUBLIC/Home/js/jquery-1.10.2.min.map
INFO: [ app_init ] --START--
INFO: Run Behavior\BuildLiteBehavior [ RunTime:0.000000s ]
INFO: [ app_init ] --END-- [ RunTime:0.000000s ]
ERR: 无法加载控制器:Public

[ 2016-07-13T23:03:42+08:00 ] 127.0.0.1 /mall/Auth/orders.html
INFO: [ app_init ] --START--
INFO: Run Behavior\BuildLiteBehavior [ RunTime:0.000000s ]
INFO: [ app_init ] --END-- [ RunTime:0.001000s ]

[ 2016-07-13T23:03:43+08:00 ] 127.0.0.1 /mall/PUBLIC/Home/js/jquery-1.10.2.min.map
INFO: [ app_init ] --START--
INFO: Run Behavior\BuildLiteBehavior [ RunTime:0.000000s ]
INFO: [ app_init ] --END-- [ RunTime:0.000000s ]
ERR: 无法加载控制器:Public

[ 2016-07-13T23:04:07+08:00 ] 127.0.0.1 /mall/Auth/orders.html
INFO: [ app_init ] --START--
INFO: Run Behavior\BuildLiteBehavior [ RunTime:0.000000s ]
INFO: [ app_init ] --END-- [ RunTime:0.001000s ]

[ 2016-07-13T23:04:07+08:00 ] 127.0.0.1 /mall/PUBLIC/Home/js/jquery-1.10.2.min.map
INFO: [ app_init ] --START--
INFO: Run Behavior\BuildLiteBehavior [ RunTime:0.000000s ]
INFO: [ app_init ] --END-- [ RunTime:0.001000s ]
ERR: 无法加载控制器:Public

[ 2016-07-13T23:05:59+08:00 ] 127.0.0.1 /mall/Auth/orders.html
INFO: [ app_init ] --START--
INFO: Run Behavior\BuildLiteBehavior [ RunTime:0.000000s ]
INFO: [ app_init ] --END-- [ RunTime:0.001000s ]

[ 2016-07-13T23:05:59+08:00 ] 127.0.0.1 /mall/PUBLIC/Home/js/jquery-1.10.2.min.map
INFO: [ app_init ] --START--
INFO: Run Behavior\BuildLiteBehavior [ RunTime:0.000000s ]
INFO: [ app_init ] --END-- [ RunTime:0.001000s ]
ERR: 无法加载控制器:Public

[ 2016-07-13T23:07:57+08:00 ] 127.0.0.1 /mall/Auth/orders.html
INFO: [ app_init ] --START--
INFO: Run Behavior\BuildLiteBehavior [ RunTime:0.000000s ]
INFO: [ app_init ] --END-- [ RunTime:0.001000s ]

[ 2016-07-13T23:07:57+08:00 ] 127.0.0.1 /mall/PUBLIC/Home/js/jquery-1.10.2.min.map
INFO: [ app_init ] --START--
INFO: Run Behavior\BuildLiteBehavior [ RunTime:0.000000s ]
INFO: [ app_init ] --END-- [ RunTime:0.000000s ]
ERR: 无法加载控制器:Public

[ 2016-07-13T23:08:36+08:00 ] 127.0.0.1 /mall/Auth/orders.html
INFO: [ app_init ] --START--
INFO: Run Behavior\BuildLiteBehavior [ RunTime:0.000000s ]
INFO: [ app_init ] --END-- [ RunTime:0.000000s ]

[ 2016-07-13T23:08:36+08:00 ] 127.0.0.1 /mall/PUBLIC/Home/js/jquery-1.10.2.min.map
INFO: [ app_init ] --START--
INFO: Run Behavior\BuildLiteBehavior [ RunTime:0.000000s ]
INFO: [ app_init ] --END-- [ RunTime:0.000000s ]
ERR: 无法加载控制器:Public

[ 2016-07-13T23:09:31+08:00 ] 127.0.0.1 /mall/Auth/orders.html
INFO: [ app_init ] --START--
INFO: Run Behavior\BuildLiteBehavior [ RunTime:0.000000s ]
INFO: [ app_init ] --END-- [ RunTime:0.000000s ]

